<html xmlns:lxslt="http://xml.apache.org/xslt" xmlns:stringutils="xalan://org.apache.tools.ant.util.StringUtils">
<head>
<META http-equiv="Content-Type" content="text/html; charset=UTF-8">
<title>Unit Test Results: All Errors</title>
<link rel="stylesheet" type="text/css" title="Style" href="stylesheet.css">
</head>
<body onload="open('allclasses-frame.html','classListFrame')">
<h1>Unit Test Results.</h1>
<table width="100%">
<tr>
<td align="left"></td><td align="right">Designed for use with <a href="http://www.junit.org/">JUnit</a> and <a href="http://ant.apache.org/">Ant</a>.</td>
</tr>
</table>
<hr size="1">
<h2>All Errors</h2>
<table class="details" border="0" cellpadding="5" cellspacing="2" width="95%">
<tr valign="top">
<th>Class</th><th>Name</th><th>Status</th><th width="80%">Type</th><th nowrap>Time(s)</th>
</tr>
<tr valign="top" class="Error">
<td><a href="sanity_ff/1_PermsOnForward_DraftsPage.html">PermsOnForward_DraftsPage</a></td><td><a name="NonSecureNoattachs"></a><a href="sanity_ff/1_PermsOnForward_DraftsPage.html#NonSecureNoattachs">NonSecureNoattachs</a></td><td>Error</td><td>Unable to locate element: {"method":"id","selector":"forward"}; duration or timeout: 30.03 seconds
For documentation on this error, please visit: http://seleniumhq.org/exceptions/no_such_element.html
Build info: version: '2.14.0', revision: '14955', time: '2011-11-29 11:43:45'
System info: os.name: 'Windows 7', os.arch: 'amd64', os.version: '6.1', java.version: '1.7.0'
Driver info: driver.version: RemoteWebDriver<br>
<br>
<code>org.openqa.selenium.NoSuchElementException: Unable to locate element: {"method":"id","selector":"forward"}; duration or timeout: 30.03 seconds<br>For documentation on this error, please visit: http://seleniumhq.org/exceptions/no_such_element.html<br>Build info: version: '2.14.0', revision: '14955', time: '2011-11-29 11:43:45'<br>System info: os.name: 'Windows 7', os.arch: 'amd64', os.version: '6.1', java.version: '1.7.0'<br>Driver info: driver.version: RemoteWebDriver<br>	at java.lang.reflect.Constructor.newInstance(Constructor.java:525)<br>	at org.openqa.selenium.remote.ErrorHandler.createThrowable(ErrorHandler.java:147)<br>	at org.openqa.selenium.remote.ErrorHandler.throwIfResponseFailed(ErrorHandler.java:113)<br>	at org.openqa.selenium.remote.RemoteWebDriver.execute(RemoteWebDriver.java:400)<br>	at org.openqa.selenium.remote.RemoteWebDriver.findElement(RemoteWebDriver.java:202)<br>	at org.openqa.selenium.remote.RemoteWebDriver.findElementById(RemoteWebDriver.java:219)<br>	at org.openqa.selenium.By$ById.findElement(By.java:216)<br>	at org.openqa.selenium.remote.RemoteWebDriver.findElement(RemoteWebDriver.java:194)<br>	at sanity_ff.PermsOnForward_DraftsPage.NonSecureNoattachs(PermsOnForward_DraftsPage.java:82)<br>Caused by: org.openqa.selenium.remote.ErrorHandler$UnknownServerException: Unable to locate element: {"method":"id","selector":"forward"}<br>Build info: version: '2.14.0', revision: '14955', time: '2011-11-29 11:43:45'<br>System info: os.name: 'Windows 7', os.arch: 'amd64', os.version: '6.1', java.version: '1.7.0'<br>Driver info: driver.version: unknown<br>	at &lt;anonymous class&gt;.&lt;anonymous method&gt;(file:///C:/Users/Sneha/AppData/Local/Temp/anonymous3148548588678580068webdriver-profile/extensions/fxdriver@googlecode.com/components/driver-component.js -&gt; file:///C:/Users/Sneha/AppData/Local/Temp/anonymous3148548588678580068webdriver-profile/extensions/fxdriver@googlecode.com/components/firefoxDriver.js:389)<br>	at &lt;anonymous class&gt;.&lt;anonymous method&gt;(resource://fxdriver/modules/utils.js:9466)<br>
</code></td><td>63.977</td>
</tr>
<tr valign="top" class="Error">
<td><a href="sanity_ff/1_PermsOnForward_DraftsPage.html">PermsOnForward_DraftsPage</a></td><td><a name="NonSecureGreater25MB"></a><a href="sanity_ff/1_PermsOnForward_DraftsPage.html#NonSecureGreater25MB">NonSecureGreater25MB</a></td><td>Error</td><td>Unable to locate element: {"method":"id","selector":"forward"}; duration or timeout: 30.05 seconds
For documentation on this error, please visit: http://seleniumhq.org/exceptions/no_such_element.html
Build info: version: '2.14.0', revision: '14955', time: '2011-11-29 11:43:45'
System info: os.name: 'Windows 7', os.arch: 'amd64', os.version: '6.1', java.version: '1.7.0'
Driver info: driver.version: RemoteWebDriver<br>
<br>
<code>org.openqa.selenium.NoSuchElementException: Unable to locate element: {"method":"id","selector":"forward"}; duration or timeout: 30.05 seconds<br>For documentation on this error, please visit: http://seleniumhq.org/exceptions/no_such_element.html<br>Build info: version: '2.14.0', revision: '14955', time: '2011-11-29 11:43:45'<br>System info: os.name: 'Windows 7', os.arch: 'amd64', os.version: '6.1', java.version: '1.7.0'<br>Driver info: driver.version: RemoteWebDriver<br>	at java.lang.reflect.Constructor.newInstance(Constructor.java:525)<br>	at org.openqa.selenium.remote.ErrorHandler.createThrowable(ErrorHandler.java:147)<br>	at org.openqa.selenium.remote.ErrorHandler.throwIfResponseFailed(ErrorHandler.java:113)<br>	at org.openqa.selenium.remote.RemoteWebDriver.execute(RemoteWebDriver.java:400)<br>	at org.openqa.selenium.remote.RemoteWebDriver.findElement(RemoteWebDriver.java:202)<br>	at org.openqa.selenium.remote.RemoteWebDriver.findElementById(RemoteWebDriver.java:219)<br>	at org.openqa.selenium.By$ById.findElement(By.java:216)<br>	at org.openqa.selenium.remote.RemoteWebDriver.findElement(RemoteWebDriver.java:194)<br>	at sanity_ff.PermsOnForward_DraftsPage.NonSecureGreater25MB(PermsOnForward_DraftsPage.java:654)<br>Caused by: org.openqa.selenium.remote.ErrorHandler$UnknownServerException: Unable to locate element: {"method":"id","selector":"forward"}<br>Build info: version: '2.14.0', revision: '14955', time: '2011-11-29 11:43:45'<br>System info: os.name: 'Windows 7', os.arch: 'amd64', os.version: '6.1', java.version: '1.7.0'<br>Driver info: driver.version: unknown<br>	at &lt;anonymous class&gt;.&lt;anonymous method&gt;(file:///C:/Users/Sneha/AppData/Local/Temp/anonymous1969971690150703719webdriver-profile/extensions/fxdriver@googlecode.com/components/driver-component.js -&gt; file:///C:/Users/Sneha/AppData/Local/Temp/anonymous1969971690150703719webdriver-profile/extensions/fxdriver@googlecode.com/components/firefoxDriver.js:389)<br>	at &lt;anonymous class&gt;.&lt;anonymous method&gt;(resource://fxdriver/modules/utils.js:9466)<br>
</code></td><td>71.840</td>
</tr>
<tr valign="top" class="Error">
<td><a href="sanity_ff/1_PermsOnForward_DraftsPage.html">PermsOnForward_DraftsPage</a></td><td><a name="SecureLesser25MB"></a><a href="sanity_ff/1_PermsOnForward_DraftsPage.html#SecureLesser25MB">SecureLesser25MB</a></td><td>Error</td><td>Unable to locate element: {"method":"id","selector":"heading"}; duration or timeout: 30.55 seconds
For documentation on this error, please visit: http://seleniumhq.org/exceptions/no_such_element.html
Build info: version: '2.14.0', revision: '14955', time: '2011-11-29 11:43:45'
System info: os.name: 'Windows 7', os.arch: 'amd64', os.version: '6.1', java.version: '1.7.0'
Driver info: driver.version: RemoteWebDriver<br>
<br>
<code>org.openqa.selenium.NoSuchElementException: Unable to locate element: {"method":"id","selector":"heading"}; duration or timeout: 30.55 seconds<br>For documentation on this error, please visit: http://seleniumhq.org/exceptions/no_such_element.html<br>Build info: version: '2.14.0', revision: '14955', time: '2011-11-29 11:43:45'<br>System info: os.name: 'Windows 7', os.arch: 'amd64', os.version: '6.1', java.version: '1.7.0'<br>Driver info: driver.version: RemoteWebDriver<br>	at java.lang.reflect.Constructor.newInstance(Constructor.java:525)<br>	at org.openqa.selenium.remote.ErrorHandler.createThrowable(ErrorHandler.java:147)<br>	at org.openqa.selenium.remote.ErrorHandler.throwIfResponseFailed(ErrorHandler.java:113)<br>	at org.openqa.selenium.remote.RemoteWebDriver.execute(RemoteWebDriver.java:400)<br>	at org.openqa.selenium.remote.RemoteWebDriver.findElement(RemoteWebDriver.java:202)<br>	at org.openqa.selenium.remote.RemoteWebDriver.findElementById(RemoteWebDriver.java:219)<br>	at org.openqa.selenium.By$ById.findElement(By.java:216)<br>	at org.openqa.selenium.remote.RemoteWebDriver.findElement(RemoteWebDriver.java:194)<br>	at sanity_ff.PermsOnForward_DraftsPage.SecureLesser25MB(PermsOnForward_DraftsPage.java:902)<br>Caused by: org.openqa.selenium.remote.ErrorHandler$UnknownServerException: Unable to locate element: {"method":"id","selector":"heading"}<br>Build info: version: '2.14.0', revision: '14955', time: '2011-11-29 11:43:45'<br>System info: os.name: 'Windows 7', os.arch: 'amd64', os.version: '6.1', java.version: '1.7.0'<br>Driver info: driver.version: unknown<br>	at &lt;anonymous class&gt;.&lt;anonymous method&gt;(file:///C:/Users/Sneha/AppData/Local/Temp/anonymous2726405627719995995webdriver-profile/extensions/fxdriver@googlecode.com/components/driver-component.js -&gt; file:///C:/Users/Sneha/AppData/Local/Temp/anonymous2726405627719995995webdriver-profile/extensions/fxdriver@googlecode.com/components/firefoxDriver.js:389)<br>	at &lt;anonymous class&gt;.&lt;anonymous method&gt;(resource://fxdriver/modules/utils.js:9466)<br>
</code></td><td>63.182</td>
</tr>
<tr valign="top" class="Error">
<td><a href="sanity_ff/1_PermsOnForward_DraftsPage.html">PermsOnForward_DraftsPage</a></td><td><a name="NonSecureLesser25MB"></a><a href="sanity_ff/1_PermsOnForward_DraftsPage.html#NonSecureLesser25MB">NonSecureLesser25MB</a></td><td>Error</td><td>Unable to locate element: {"method":"id","selector":"forward"}; duration or timeout: 30.03 seconds
For documentation on this error, please visit: http://seleniumhq.org/exceptions/no_such_element.html
Build info: version: '2.14.0', revision: '14955', time: '2011-11-29 11:43:45'
System info: os.name: 'Windows 7', os.arch: 'amd64', os.version: '6.1', java.version: '1.7.0'
Driver info: driver.version: RemoteWebDriver<br>
<br>
<code>org.openqa.selenium.NoSuchElementException: Unable to locate element: {"method":"id","selector":"forward"}; duration or timeout: 30.03 seconds<br>For documentation on this error, please visit: http://seleniumhq.org/exceptions/no_such_element.html<br>Build info: version: '2.14.0', revision: '14955', time: '2011-11-29 11:43:45'<br>System info: os.name: 'Windows 7', os.arch: 'amd64', os.version: '6.1', java.version: '1.7.0'<br>Driver info: driver.version: RemoteWebDriver<br>	at java.lang.reflect.Constructor.newInstance(Constructor.java:525)<br>	at org.openqa.selenium.remote.ErrorHandler.createThrowable(ErrorHandler.java:147)<br>	at org.openqa.selenium.remote.ErrorHandler.throwIfResponseFailed(ErrorHandler.java:113)<br>	at org.openqa.selenium.remote.RemoteWebDriver.execute(RemoteWebDriver.java:400)<br>	at org.openqa.selenium.remote.RemoteWebDriver.findElement(RemoteWebDriver.java:202)<br>	at org.openqa.selenium.remote.RemoteWebDriver.findElementById(RemoteWebDriver.java:219)<br>	at org.openqa.selenium.By$ById.findElement(By.java:216)<br>	at org.openqa.selenium.remote.RemoteWebDriver.findElement(RemoteWebDriver.java:194)<br>	at sanity_ff.PermsOnForward_DraftsPage.NonSecureLesser25MB(PermsOnForward_DraftsPage.java:1173)<br>Caused by: org.openqa.selenium.remote.ErrorHandler$UnknownServerException: Unable to locate element: {"method":"id","selector":"forward"}<br>Build info: version: '2.14.0', revision: '14955', time: '2011-11-29 11:43:45'<br>System info: os.name: 'Windows 7', os.arch: 'amd64', os.version: '6.1', java.version: '1.7.0'<br>Driver info: driver.version: unknown<br>	at &lt;anonymous class&gt;.&lt;anonymous method&gt;(file:///C:/Users/Sneha/AppData/Local/Temp/anonymous5496014246149658389webdriver-profile/extensions/fxdriver@googlecode.com/components/driver-component.js -&gt; file:///C:/Users/Sneha/AppData/Local/Temp/anonymous5496014246149658389webdriver-profile/extensions/fxdriver@googlecode.com/components/firefoxDriver.js:389)<br>	at &lt;anonymous class&gt;.&lt;anonymous method&gt;(resource://fxdriver/modules/utils.js:9466)<br>
</code></td><td>63.775</td>
</tr>
<tr valign="top" class="Error">
<td><a href="sanity_ff/1_PermsOnForward_DraftsPage.html">PermsOnForward_DraftsPage</a></td><td><a name="SecureGreater25MB"></a><a href="sanity_ff/1_PermsOnForward_DraftsPage.html#SecureGreater25MB">SecureGreater25MB</a></td><td>Error</td><td>Unable to locate element: {"method":"id","selector":"heading"}; duration or timeout: 30.39 seconds
For documentation on this error, please visit: http://seleniumhq.org/exceptions/no_such_element.html
Build info: version: '2.14.0', revision: '14955', time: '2011-11-29 11:43:45'
System info: os.name: 'Windows 7', os.arch: 'amd64', os.version: '6.1', java.version: '1.7.0'
Driver info: driver.version: RemoteWebDriver<br>
<br>
<code>org.openqa.selenium.NoSuchElementException: Unable to locate element: {"method":"id","selector":"heading"}; duration or timeout: 30.39 seconds<br>For documentation on this error, please visit: http://seleniumhq.org/exceptions/no_such_element.html<br>Build info: version: '2.14.0', revision: '14955', time: '2011-11-29 11:43:45'<br>System info: os.name: 'Windows 7', os.arch: 'amd64', os.version: '6.1', java.version: '1.7.0'<br>Driver info: driver.version: RemoteWebDriver<br>	at java.lang.reflect.Constructor.newInstance(Constructor.java:525)<br>	at org.openqa.selenium.remote.ErrorHandler.createThrowable(ErrorHandler.java:147)<br>	at org.openqa.selenium.remote.ErrorHandler.throwIfResponseFailed(ErrorHandler.java:113)<br>	at org.openqa.selenium.remote.RemoteWebDriver.execute(RemoteWebDriver.java:400)<br>	at org.openqa.selenium.remote.RemoteWebDriver.findElement(RemoteWebDriver.java:202)<br>	at org.openqa.selenium.remote.RemoteWebDriver.findElementById(RemoteWebDriver.java:219)<br>	at org.openqa.selenium.By$ById.findElement(By.java:216)<br>	at org.openqa.selenium.remote.RemoteWebDriver.findElement(RemoteWebDriver.java:194)<br>	at sanity_ff.PermsOnForward_DraftsPage.SecureGreater25MB(PermsOnForward_DraftsPage.java:1424)<br>Caused by: org.openqa.selenium.remote.ErrorHandler$UnknownServerException: Unable to locate element: {"method":"id","selector":"heading"}<br>Build info: version: '2.14.0', revision: '14955', time: '2011-11-29 11:43:45'<br>System info: os.name: 'Windows 7', os.arch: 'amd64', os.version: '6.1', java.version: '1.7.0'<br>Driver info: driver.version: unknown<br>	at &lt;anonymous class&gt;.&lt;anonymous method&gt;(file:///C:/Users/Sneha/AppData/Local/Temp/anonymous7973636939151972800webdriver-profile/extensions/fxdriver@googlecode.com/components/driver-component.js -&gt; file:///C:/Users/Sneha/AppData/Local/Temp/anonymous7973636939151972800webdriver-profile/extensions/fxdriver@googlecode.com/components/firefoxDriver.js:389)<br>	at &lt;anonymous class&gt;.&lt;anonymous method&gt;(resource://fxdriver/modules/utils.js:9466)<br>
</code></td><td>72.464</td>
</tr>
<tr valign="top" class="Error">
<td><a href="sanity_ff/2_PermsOnReplyToAll_DraftsPage.html">PermsOnReplyToAll_DraftsPage</a></td><td><a name="NonSecureGreaterThan25mb"></a><a href="sanity_ff/2_PermsOnReplyToAll_DraftsPage.html#NonSecureGreaterThan25mb">NonSecureGreaterThan25mb</a></td><td>Error</td><td>Unable to locate element: {"method":"id","selector":"reply-all"}; duration or timeout: 30.09 seconds
For documentation on this error, please visit: http://seleniumhq.org/exceptions/no_such_element.html
Build info: version: '2.14.0', revision: '14955', time: '2011-11-29 11:43:45'
System info: os.name: 'Windows 7', os.arch: 'amd64', os.version: '6.1', java.version: '1.7.0'
Driver info: driver.version: RemoteWebDriver<br>
<br>
<code>org.openqa.selenium.NoSuchElementException: Unable to locate element: {"method":"id","selector":"reply-all"}; duration or timeout: 30.09 seconds<br>For documentation on this error, please visit: http://seleniumhq.org/exceptions/no_such_element.html<br>Build info: version: '2.14.0', revision: '14955', time: '2011-11-29 11:43:45'<br>System info: os.name: 'Windows 7', os.arch: 'amd64', os.version: '6.1', java.version: '1.7.0'<br>Driver info: driver.version: RemoteWebDriver<br>	at java.lang.reflect.Constructor.newInstance(Constructor.java:525)<br>	at org.openqa.selenium.remote.ErrorHandler.createThrowable(ErrorHandler.java:147)<br>	at org.openqa.selenium.remote.ErrorHandler.throwIfResponseFailed(ErrorHandler.java:113)<br>	at org.openqa.selenium.remote.RemoteWebDriver.execute(RemoteWebDriver.java:400)<br>	at org.openqa.selenium.remote.RemoteWebDriver.findElement(RemoteWebDriver.java:202)<br>	at org.openqa.selenium.remote.RemoteWebDriver.findElementById(RemoteWebDriver.java:219)<br>	at org.openqa.selenium.By$ById.findElement(By.java:216)<br>	at org.openqa.selenium.remote.RemoteWebDriver.findElement(RemoteWebDriver.java:194)<br>	at sanity_ff.PermsOnReplyToAll_DraftsPage.NonSecureGreaterThan25mb(PermsOnReplyToAll_DraftsPage.java:616)<br>Caused by: org.openqa.selenium.remote.ErrorHandler$UnknownServerException: Unable to locate element: {"method":"id","selector":"reply-all"}<br>Build info: version: '2.14.0', revision: '14955', time: '2011-11-29 11:43:45'<br>System info: os.name: 'Windows 7', os.arch: 'amd64', os.version: '6.1', java.version: '1.7.0'<br>Driver info: driver.version: unknown<br>	at &lt;anonymous class&gt;.&lt;anonymous method&gt;(file:///C:/Users/Sneha/AppData/Local/Temp/anonymous3259033869863243313webdriver-profile/extensions/fxdriver@googlecode.com/components/driver-component.js -&gt; file:///C:/Users/Sneha/AppData/Local/Temp/anonymous3259033869863243313webdriver-profile/extensions/fxdriver@googlecode.com/components/firefoxDriver.js:389)<br>	at &lt;anonymous class&gt;.&lt;anonymous method&gt;(resource://fxdriver/modules/utils.js:9466)<br>
</code></td><td>76.270</td>
</tr>
<tr valign="top" class="Error">
<td><a href="sanity_ff/2_PermsOnReplyToAll_DraftsPage.html">PermsOnReplyToAll_DraftsPage</a></td><td><a name="NonSecureNoattachs"></a><a href="sanity_ff/2_PermsOnReplyToAll_DraftsPage.html#NonSecureNoattachs">NonSecureNoattachs</a></td><td>Error</td><td>Unable to locate element: {"method":"id","selector":"reply-all"}; duration or timeout: 30.06 seconds
For documentation on this error, please visit: http://seleniumhq.org/exceptions/no_such_element.html
Build info: version: '2.14.0', revision: '14955', time: '2011-11-29 11:43:45'
System info: os.name: 'Windows 7', os.arch: 'amd64', os.version: '6.1', java.version: '1.7.0'
Driver info: driver.version: RemoteWebDriver<br>
<br>
<code>org.openqa.selenium.NoSuchElementException: Unable to locate element: {"method":"id","selector":"reply-all"}; duration or timeout: 30.06 seconds<br>For documentation on this error, please visit: http://seleniumhq.org/exceptions/no_such_element.html<br>Build info: version: '2.14.0', revision: '14955', time: '2011-11-29 11:43:45'<br>System info: os.name: 'Windows 7', os.arch: 'amd64', os.version: '6.1', java.version: '1.7.0'<br>Driver info: driver.version: RemoteWebDriver<br>	at java.lang.reflect.Constructor.newInstance(Constructor.java:525)<br>	at org.openqa.selenium.remote.ErrorHandler.createThrowable(ErrorHandler.java:147)<br>	at org.openqa.selenium.remote.ErrorHandler.throwIfResponseFailed(ErrorHandler.java:113)<br>	at org.openqa.selenium.remote.RemoteWebDriver.execute(RemoteWebDriver.java:400)<br>	at org.openqa.selenium.remote.RemoteWebDriver.findElement(RemoteWebDriver.java:202)<br>	at org.openqa.selenium.remote.RemoteWebDriver.findElementById(RemoteWebDriver.java:219)<br>	at org.openqa.selenium.By$ById.findElement(By.java:216)<br>	at org.openqa.selenium.remote.RemoteWebDriver.findElement(RemoteWebDriver.java:194)<br>	at sanity_ff.PermsOnReplyToAll_DraftsPage.NonSecureNoattachs(PermsOnReplyToAll_DraftsPage.java:84)<br>Caused by: org.openqa.selenium.remote.ErrorHandler$UnknownServerException: Unable to locate element: {"method":"id","selector":"reply-all"}<br>Build info: version: '2.14.0', revision: '14955', time: '2011-11-29 11:43:45'<br>System info: os.name: 'Windows 7', os.arch: 'amd64', os.version: '6.1', java.version: '1.7.0'<br>Driver info: driver.version: unknown<br>	at &lt;anonymous class&gt;.&lt;anonymous method&gt;(file:///C:/Users/Sneha/AppData/Local/Temp/anonymous4729388760273823456webdriver-profile/extensions/fxdriver@googlecode.com/components/driver-component.js -&gt; file:///C:/Users/Sneha/AppData/Local/Temp/anonymous4729388760273823456webdriver-profile/extensions/fxdriver@googlecode.com/components/firefoxDriver.js:389)<br>	at &lt;anonymous class&gt;.&lt;anonymous method&gt;(resource://fxdriver/modules/utils.js:9466)<br>
</code></td><td>63.494</td>
</tr>
<tr valign="top" class="Error">
<td><a href="sanity_ff/2_PermsOnReplyToAll_DraftsPage.html">PermsOnReplyToAll_DraftsPage</a></td><td><a name="NonSecureLesserThan25mb"></a><a href="sanity_ff/2_PermsOnReplyToAll_DraftsPage.html#NonSecureLesserThan25mb">NonSecureLesserThan25mb</a></td><td>Error</td><td>Unable to locate element: {"method":"id","selector":"reply-all"}; duration or timeout: 30.08 seconds
For documentation on this error, please visit: http://seleniumhq.org/exceptions/no_such_element.html
Build info: version: '2.14.0', revision: '14955', time: '2011-11-29 11:43:45'
System info: os.name: 'Windows 7', os.arch: 'amd64', os.version: '6.1', java.version: '1.7.0'
Driver info: driver.version: RemoteWebDriver<br>
<br>
<code>org.openqa.selenium.NoSuchElementException: Unable to locate element: {"method":"id","selector":"reply-all"}; duration or timeout: 30.08 seconds<br>For documentation on this error, please visit: http://seleniumhq.org/exceptions/no_such_element.html<br>Build info: version: '2.14.0', revision: '14955', time: '2011-11-29 11:43:45'<br>System info: os.name: 'Windows 7', os.arch: 'amd64', os.version: '6.1', java.version: '1.7.0'<br>Driver info: driver.version: RemoteWebDriver<br>	at java.lang.reflect.Constructor.newInstance(Constructor.java:525)<br>	at org.openqa.selenium.remote.ErrorHandler.createThrowable(ErrorHandler.java:147)<br>	at org.openqa.selenium.remote.ErrorHandler.throwIfResponseFailed(ErrorHandler.java:113)<br>	at org.openqa.selenium.remote.RemoteWebDriver.execute(RemoteWebDriver.java:400)<br>	at org.openqa.selenium.remote.RemoteWebDriver.findElement(RemoteWebDriver.java:202)<br>	at org.openqa.selenium.remote.RemoteWebDriver.findElementById(RemoteWebDriver.java:219)<br>	at org.openqa.selenium.By$ById.findElement(By.java:216)<br>	at org.openqa.selenium.remote.RemoteWebDriver.findElement(RemoteWebDriver.java:194)<br>	at sanity_ff.PermsOnReplyToAll_DraftsPage.NonSecureLesserThan25mb(PermsOnReplyToAll_DraftsPage.java:1238)<br>Caused by: org.openqa.selenium.remote.ErrorHandler$UnknownServerException: Unable to locate element: {"method":"id","selector":"reply-all"}<br>Build info: version: '2.14.0', revision: '14955', time: '2011-11-29 11:43:45'<br>System info: os.name: 'Windows 7', os.arch: 'amd64', os.version: '6.1', java.version: '1.7.0'<br>Driver info: driver.version: unknown<br>	at &lt;anonymous class&gt;.&lt;anonymous method&gt;(file:///C:/Users/Sneha/AppData/Local/Temp/anonymous2428686984248482125webdriver-profile/extensions/fxdriver@googlecode.com/components/driver-component.js -&gt; file:///C:/Users/Sneha/AppData/Local/Temp/anonymous2428686984248482125webdriver-profile/extensions/fxdriver@googlecode.com/components/firefoxDriver.js:389)<br>	at &lt;anonymous class&gt;.&lt;anonymous method&gt;(resource://fxdriver/modules/utils.js:9466)<br>
</code></td><td>64.150</td>
</tr>
<tr valign="top" class="Error">
<td><a href="sanity_ff/3_PermsOnReply_DraftsPage.html">PermsOnReply_DraftsPage</a></td><td><a name="NonSecureGreaterThan25mb"></a><a href="sanity_ff/3_PermsOnReply_DraftsPage.html#NonSecureGreaterThan25mb">NonSecureGreaterThan25mb</a></td><td>Error</td><td>Unable to locate element: {"method":"id","selector":"reply"}; duration or timeout: 30.05 seconds
For documentation on this error, please visit: http://seleniumhq.org/exceptions/no_such_element.html
Build info: version: '2.14.0', revision: '14955', time: '2011-11-29 11:43:45'
System info: os.name: 'Windows 7', os.arch: 'amd64', os.version: '6.1', java.version: '1.7.0'
Driver info: driver.version: RemoteWebDriver<br>
<br>
<code>org.openqa.selenium.NoSuchElementException: Unable to locate element: {"method":"id","selector":"reply"}; duration or timeout: 30.05 seconds<br>For documentation on this error, please visit: http://seleniumhq.org/exceptions/no_such_element.html<br>Build info: version: '2.14.0', revision: '14955', time: '2011-11-29 11:43:45'<br>System info: os.name: 'Windows 7', os.arch: 'amd64', os.version: '6.1', java.version: '1.7.0'<br>Driver info: driver.version: RemoteWebDriver<br>	at java.lang.reflect.Constructor.newInstance(Constructor.java:525)<br>	at org.openqa.selenium.remote.ErrorHandler.createThrowable(ErrorHandler.java:147)<br>	at org.openqa.selenium.remote.ErrorHandler.throwIfResponseFailed(ErrorHandler.java:113)<br>	at org.openqa.selenium.remote.RemoteWebDriver.execute(RemoteWebDriver.java:400)<br>	at org.openqa.selenium.remote.RemoteWebDriver.findElement(RemoteWebDriver.java:202)<br>	at org.openqa.selenium.remote.RemoteWebDriver.findElementById(RemoteWebDriver.java:219)<br>	at org.openqa.selenium.By$ById.findElement(By.java:216)<br>	at org.openqa.selenium.remote.RemoteWebDriver.findElement(RemoteWebDriver.java:194)<br>	at sanity_ff.PermsOnReply_DraftsPage.NonSecureGreaterThan25mb(PermsOnReply_DraftsPage.java:624)<br>Caused by: org.openqa.selenium.remote.ErrorHandler$UnknownServerException: Unable to locate element: {"method":"id","selector":"reply"}<br>Build info: version: '2.14.0', revision: '14955', time: '2011-11-29 11:43:45'<br>System info: os.name: 'Windows 7', os.arch: 'amd64', os.version: '6.1', java.version: '1.7.0'<br>Driver info: driver.version: unknown<br>	at &lt;anonymous class&gt;.&lt;anonymous method&gt;(file:///C:/Users/Sneha/AppData/Local/Temp/anonymous4875986679731776678webdriver-profile/extensions/fxdriver@googlecode.com/components/driver-component.js -&gt; file:///C:/Users/Sneha/AppData/Local/Temp/anonymous4875986679731776678webdriver-profile/extensions/fxdriver@googlecode.com/components/firefoxDriver.js:389)<br>	at &lt;anonymous class&gt;.&lt;anonymous method&gt;(resource://fxdriver/modules/utils.js:9466)<br>
</code></td><td>73.743</td>
</tr>
<tr valign="top" class="Error">
<td><a href="sanity_ff/3_PermsOnReply_DraftsPage.html">PermsOnReply_DraftsPage</a></td><td><a name="SecureLesserThan25mb"></a><a href="sanity_ff/3_PermsOnReply_DraftsPage.html#SecureLesserThan25mb">SecureLesserThan25mb</a></td><td>Error</td><td>Error communicating with the remote browser. It may have died.
Build info: version: '2.14.0', revision: '14955', time: '2011-11-29 11:43:45'
System info: os.name: 'Windows 7', os.arch: 'amd64', os.version: '6.1', java.version: '1.7.0'
Driver info: driver.version: RemoteWebDriver<br>
<br>
<code>org.openqa.selenium.WebDriverException: Error communicating with the remote browser. It may have died.<br>Build info: version: '2.14.0', revision: '14955', time: '2011-11-29 11:43:45'<br>System info: os.name: 'Windows 7', os.arch: 'amd64', os.version: '6.1', java.version: '1.7.0'<br>Driver info: driver.version: RemoteWebDriver<br>	at org.openqa.selenium.remote.RemoteWebDriver.execute(RemoteWebDriver.java:396)<br>	at org.openqa.selenium.remote.RemoteWebDriver.findElement(RemoteWebDriver.java:202)<br>	at org.openqa.selenium.remote.RemoteWebDriver.findElementByXPath(RemoteWebDriver.java:275)<br>	at org.openqa.selenium.By$ByXPath.findElement(By.java:344)<br>	at org.openqa.selenium.remote.RemoteWebDriver.findElement(RemoteWebDriver.java:194)<br>	at sanity_ff.Functions.NoErrorMssg(Functions.java:799)<br>	at sanity_ff.PermsOnReply_DraftsPage.SecureLesserThan25mb(PermsOnReply_DraftsPage.java:1049)<br>Caused by: java.net.SocketException: Permission denied: connect<br>	at java.net.DualStackPlainSocketImpl.connect0(Native Method)<br>	at java.net.DualStackPlainSocketImpl.socketConnect(DualStackPlainSocketImpl.java:73)<br>	at java.net.AbstractPlainSocketImpl.doConnect(AbstractPlainSocketImpl.java:337)<br>	at java.net.AbstractPlainSocketImpl.connectToAddress(AbstractPlainSocketImpl.java:198)<br>	at java.net.AbstractPlainSocketImpl.connect(AbstractPlainSocketImpl.java:180)<br>	at java.net.PlainSocketImpl.connect(PlainSocketImpl.java:157)<br>	at java.net.SocksSocketImpl.connect(SocksSocketImpl.java:391)<br>	at java.net.Socket.connect(Socket.java:579)<br>	at org.apache.http.conn.scheme.PlainSocketFactory.connectSocket(PlainSocketFactory.java:123)<br>	at org.apache.http.impl.conn.DefaultClientConnectionOperator.openConnection(DefaultClientConnectionOperator.java:148)<br>	at org.apache.http.impl.conn.AbstractPoolEntry.open(AbstractPoolEntry.java:149)<br>	at org.apache.http.impl.conn.AbstractPooledConnAdapter.open(AbstractPooledConnAdapter.java:121)<br>	at org.apache.http.impl.client.DefaultRequestDirector.tryConnect(DefaultRequestDirector.java:573)<br>	at org.apache.http.impl.client.DefaultRequestDirector.execute(DefaultRequestDirector.java:425)<br>	at org.apache.http.impl.client.AbstractHttpClient.execute(AbstractHttpClient.java:820)<br>	at org.openqa.selenium.remote.HttpCommandExecutor.fallBackExecute(HttpCommandExecutor.java:395)<br>	at org.openqa.selenium.remote.HttpCommandExecutor.execute(HttpCommandExecutor.java:374)<br>	at org.openqa.selenium.firefox.internal.NewProfileExtensionConnection.execute(NewProfileExtensionConnection.java:122)<br>	at org.openqa.selenium.firefox.FirefoxDriver$LazyCommandExecutor.execute(FirefoxDriver.java:226)<br>	at org.openqa.selenium.remote.RemoteWebDriver.execute(RemoteWebDriver.java:382)<br>
</code>Error communicating with the remote browser. It may have died.
Build info: version: '2.14.0', revision: '14955', time: '2011-11-29 11:43:45'
System info: os.name: 'Windows 7', os.arch: 'amd64', os.version: '6.1', java.version: '1.7.0'
Driver info: driver.version: RemoteWebDriver<br>
<br>
<code>org.openqa.selenium.WebDriverException: Error communicating with the remote browser. It may have died.<br>Build info: version: '2.14.0', revision: '14955', time: '2011-11-29 11:43:45'<br>System info: os.name: 'Windows 7', os.arch: 'amd64', os.version: '6.1', java.version: '1.7.0'<br>Driver info: driver.version: RemoteWebDriver<br>	at org.openqa.selenium.remote.RemoteWebDriver.execute(RemoteWebDriver.java:396)<br>	at org.openqa.selenium.remote.RemoteWebDriver.execute(RemoteWebDriver.java:404)<br>	at org.openqa.selenium.remote.RemoteWebDriver.quit(RemoteWebDriver.java:294)<br>	at sanity_ff.PermsOnReply_DraftsPage.tearDown(PermsOnReply_DraftsPage.java:1895)<br>Caused by: java.net.SocketException: Permission denied: connect<br>	at java.net.DualStackPlainSocketImpl.connect0(Native Method)<br>	at java.net.DualStackPlainSocketImpl.socketConnect(DualStackPlainSocketImpl.java:73)<br>	at java.net.AbstractPlainSocketImpl.doConnect(AbstractPlainSocketImpl.java:337)<br>	at java.net.AbstractPlainSocketImpl.connectToAddress(AbstractPlainSocketImpl.java:198)<br>	at java.net.AbstractPlainSocketImpl.connect(AbstractPlainSocketImpl.java:180)<br>	at java.net.PlainSocketImpl.connect(PlainSocketImpl.java:157)<br>	at java.net.SocksSocketImpl.connect(SocksSocketImpl.java:391)<br>	at java.net.Socket.connect(Socket.java:579)<br>	at org.apache.http.conn.scheme.PlainSocketFactory.connectSocket(PlainSocketFactory.java:123)<br>	at org.apache.http.impl.conn.DefaultClientConnectionOperator.openConnection(DefaultClientConnectionOperator.java:148)<br>	at org.apache.http.impl.conn.AbstractPoolEntry.open(AbstractPoolEntry.java:149)<br>	at org.apache.http.impl.conn.AbstractPooledConnAdapter.open(AbstractPooledConnAdapter.java:121)<br>	at org.apache.http.impl.client.DefaultRequestDirector.tryConnect(DefaultRequestDirector.java:573)<br>	at org.apache.http.impl.client.DefaultRequestDirector.execute(DefaultRequestDirector.java:425)<br>	at org.apache.http.impl.client.AbstractHttpClient.execute(AbstractHttpClient.java:820)<br>	at org.openqa.selenium.remote.HttpCommandExecutor.fallBackExecute(HttpCommandExecutor.java:395)<br>	at org.openqa.selenium.remote.HttpCommandExecutor.execute(HttpCommandExecutor.java:374)<br>	at org.openqa.selenium.firefox.internal.NewProfileExtensionConnection.execute(NewProfileExtensionConnection.java:122)<br>	at org.openqa.selenium.firefox.FirefoxDriver$LazyCommandExecutor.execute(FirefoxDriver.java:226)<br>	at org.openqa.selenium.remote.RemoteWebDriver.execute(RemoteWebDriver.java:382)<br>
</code></td><td>96.301</td>
</tr>
<tr valign="top" class="Error">
<td><a href="sanity_ff/3_PermsOnReply_DraftsPage.html">PermsOnReply_DraftsPage</a></td><td><a name="NonSecureNoattachs"></a><a href="sanity_ff/3_PermsOnReply_DraftsPage.html#NonSecureNoattachs">NonSecureNoattachs</a></td><td>Error</td><td>Unable to locate element: {"method":"id","selector":"reply"}; duration or timeout: 30.11 seconds
For documentation on this error, please visit: http://seleniumhq.org/exceptions/no_such_element.html
Build info: version: '2.14.0', revision: '14955', time: '2011-11-29 11:43:45'
System info: os.name: 'Windows 7', os.arch: 'amd64', os.version: '6.1', java.version: '1.7.0'
Driver info: driver.version: RemoteWebDriver<br>
<br>
<code>org.openqa.selenium.NoSuchElementException: Unable to locate element: {"method":"id","selector":"reply"}; duration or timeout: 30.11 seconds<br>For documentation on this error, please visit: http://seleniumhq.org/exceptions/no_such_element.html<br>Build info: version: '2.14.0', revision: '14955', time: '2011-11-29 11:43:45'<br>System info: os.name: 'Windows 7', os.arch: 'amd64', os.version: '6.1', java.version: '1.7.0'<br>Driver info: driver.version: RemoteWebDriver<br>	at java.lang.reflect.Constructor.newInstance(Constructor.java:525)<br>	at org.openqa.selenium.remote.ErrorHandler.createThrowable(ErrorHandler.java:147)<br>	at org.openqa.selenium.remote.ErrorHandler.throwIfResponseFailed(ErrorHandler.java:113)<br>	at org.openqa.selenium.remote.RemoteWebDriver.execute(RemoteWebDriver.java:400)<br>	at org.openqa.selenium.remote.RemoteWebDriver.findElement(RemoteWebDriver.java:202)<br>	at org.openqa.selenium.remote.RemoteWebDriver.findElementById(RemoteWebDriver.java:219)<br>	at org.openqa.selenium.By$ById.findElement(By.java:216)<br>	at org.openqa.selenium.remote.RemoteWebDriver.findElement(RemoteWebDriver.java:194)<br>	at sanity_ff.PermsOnReply_DraftsPage.NonSecureNoattachs(PermsOnReply_DraftsPage.java:84)<br>Caused by: org.openqa.selenium.remote.ErrorHandler$UnknownServerException: Unable to locate element: {"method":"id","selector":"reply"}<br>Build info: version: '2.14.0', revision: '14955', time: '2011-11-29 11:43:45'<br>System info: os.name: 'Windows 7', os.arch: 'amd64', os.version: '6.1', java.version: '1.7.0'<br>Driver info: driver.version: unknown<br>	at &lt;anonymous class&gt;.&lt;anonymous method&gt;(file:///C:/Users/Sneha/AppData/Local/Temp/anonymous1188833413387195805webdriver-profile/extensions/fxdriver@googlecode.com/components/driver-component.js -&gt; file:///C:/Users/Sneha/AppData/Local/Temp/anonymous1188833413387195805webdriver-profile/extensions/fxdriver@googlecode.com/components/firefoxDriver.js:389)<br>	at &lt;anonymous class&gt;.&lt;anonymous method&gt;(resource://fxdriver/modules/utils.js:9466)<br>
</code></td><td>65.007</td>
</tr>
<tr valign="top" class="Error">
<td><a href="sanity_ff/3_PermsOnReply_DraftsPage.html">PermsOnReply_DraftsPage</a></td><td><a name="NonSecureLesserThan25mb"></a><a href="sanity_ff/3_PermsOnReply_DraftsPage.html#NonSecureLesserThan25mb">NonSecureLesserThan25mb</a></td><td>Error</td><td>Unable to locate element: {"method":"id","selector":"reply"}; duration or timeout: 30.01 seconds
For documentation on this error, please visit: http://seleniumhq.org/exceptions/no_such_element.html
Build info: version: '2.14.0', revision: '14955', time: '2011-11-29 11:43:45'
System info: os.name: 'Windows 7', os.arch: 'amd64', os.version: '6.1', java.version: '1.7.0'
Driver info: driver.version: RemoteWebDriver<br>
<br>
<code>org.openqa.selenium.NoSuchElementException: Unable to locate element: {"method":"id","selector":"reply"}; duration or timeout: 30.01 seconds<br>For documentation on this error, please visit: http://seleniumhq.org/exceptions/no_such_element.html<br>Build info: version: '2.14.0', revision: '14955', time: '2011-11-29 11:43:45'<br>System info: os.name: 'Windows 7', os.arch: 'amd64', os.version: '6.1', java.version: '1.7.0'<br>Driver info: driver.version: RemoteWebDriver<br>	at java.lang.reflect.Constructor.newInstance(Constructor.java:525)<br>	at org.openqa.selenium.remote.ErrorHandler.createThrowable(ErrorHandler.java:147)<br>	at org.openqa.selenium.remote.ErrorHandler.throwIfResponseFailed(ErrorHandler.java:113)<br>	at org.openqa.selenium.remote.RemoteWebDriver.execute(RemoteWebDriver.java:400)<br>	at org.openqa.selenium.remote.RemoteWebDriver.findElement(RemoteWebDriver.java:202)<br>	at org.openqa.selenium.remote.RemoteWebDriver.findElementById(RemoteWebDriver.java:219)<br>	at org.openqa.selenium.By$ById.findElement(By.java:216)<br>	at org.openqa.selenium.remote.RemoteWebDriver.findElement(RemoteWebDriver.java:194)<br>	at sanity_ff.PermsOnReply_DraftsPage.NonSecureLesserThan25mb(PermsOnReply_DraftsPage.java:1265)<br>Caused by: org.openqa.selenium.remote.ErrorHandler$UnknownServerException: Unable to locate element: {"method":"id","selector":"reply"}<br>Build info: version: '2.14.0', revision: '14955', time: '2011-11-29 11:43:45'<br>System info: os.name: 'Windows 7', os.arch: 'amd64', os.version: '6.1', java.version: '1.7.0'<br>Driver info: driver.version: unknown<br>	at &lt;anonymous class&gt;.&lt;anonymous method&gt;(file:///C:/Users/Sneha/AppData/Local/Temp/anonymous8162828705622550558webdriver-profile/extensions/fxdriver@googlecode.com/components/driver-component.js -&gt; file:///C:/Users/Sneha/AppData/Local/Temp/anonymous8162828705622550558webdriver-profile/extensions/fxdriver@googlecode.com/components/firefoxDriver.js:389)<br>	at &lt;anonymous class&gt;.&lt;anonymous method&gt;(resource://fxdriver/modules/utils.js:9466)<br>
</code></td><td>63.682</td>
</tr>
</table>
</body>
</html>
