<?xml version="1.0" encoding="UTF-8" ?>
<testsuites>
  <testsuite errors="0" failures="1" hostname="Sneha-PC" id="0" name="PermsOnCompose_DraftsPage" package="sanity_ff" tests="6" time="870.197" timestamp="2011-12-20T17:15:21">
      <properties>
          <property name="java.vendor" value="Oracle Corporation" />

          <property name="test.jars" value="C:/Sparkweave-Selenium/JAR" />

          <property name="sun.java.launcher" value="SUN_STANDARD" />

          <property name="sun.management.compiler" value="HotSpot 64-Bit Tiered Compilers" />

          <property name="env.PROMPT" value="$P$G" />

          <property name="os.name" value="Windows 7" />

          <property name="env.FP_NO_HOST_CHECK" value="NO" />

          <property name="sun.boot.class.path" value="C:\Java\jdk1.7.0\jre\lib\resources.jar;C:\Java\jdk1.7.0\jre\lib\rt.jar;C:\Java\jdk1.7.0\jre\lib\sunrsasign.jar;C:\Java\jdk1.7.0\jre\lib\jsse.jar;C:\Java\jdk1.7.0\jre\lib\jce.jar;C:\Java\jdk1.7.0\jre\lib\charsets.jar;C:\Java\jdk1.7.0\jre\classes" />

          <property name="env.COMPUTERNAME" value="SNEHA-PC" />

          <property name="env.CommonProgramW6432" value="C:\Program Files\Common Files" />

          <property name="env.ALLUSERSPROFILE" value="C:\ProgramData" />

          <property name="sun.desktop" value="windows" />

          <property name="java.vm.specification.vendor" value="Oracle Corporation" />

          <property name="ant.home" value="C:\Apache ANT\ANT\apache-ant-1.8.2" />

          <property name="java.runtime.version" value="1.7.0-b147" />

          <property name="env.HOMEPATH" value="\Users\Sneha" />

          <property name="user.name" value="Sneha" />

          <property name="env.PATH" value="C:\Safari\Safari.exe;C:\Program Files (x86)\Microsoft Silverlight\4.0.60531.0;C:\Java\jdk1.7.0\bin;C:\Vim\vim73\gvim.exe;C:\Sparkweave-Selenium\ANT\apache-ant-1.8.2\bin" />

          <property name="user.language" value="en" />

          <property name="env.windows_tracing_flags" value="3" />

          <property name="sun.boot.library.path" value="C:\Java\jdk1.7.0\jre\bin" />

          <property name="ant.project.default-target" value="usage" />

          <property name="ant.project.name" value="myJUnitTests" />

          <property name="java.version" value="1.7.0" />

          <property name="env.PROCESSOR_IDENTIFIER" value="AMD64 Family 16 Model 10 Stepping 0, AuthenticAMD" />

          <property name="user.timezone" value="" />

          <property name="env.TEMP" value="C:\Users\Sneha\AppData\Local\Temp" />

          <property name="sun.arch.data.model" value="64" />

          <property name="env.AntTest" value="C:\Sparkweave-Selenium\ANT\apache-ant-1.8.2" />

          <property name="java.endorsed.dirs" value="C:\Java\jdk1.7.0\jre\lib\endorsed" />

          <property name="env._JAVACMD" value="java.exe" />

          <property name="sun.cpu.isalist" value="amd64" />

          <property name="env.HOMEDRIVE" value="C:" />

          <property name="sun.jnu.encoding" value="Cp1252" />

          <property name="file.encoding.pkg" value="sun.io" />

          <property name="file.separator" value="\" />

          <property name="java.specification.name" value="Java Platform API Specification" />

          <property name="java.class.version" value="51.0" />

          <property name="env.JAVA HOME" value="C:\Java\jdk1.7.0\bin" />

          <property name="user.country" value="US" />

          <property name="java.home" value="C:\Java\jdk1.7.0\jre" />

          <property name="env.PSModulePath" value="C:\Windows\system32\WindowsPowerShell\v1.0\Modules\" />

          <property name="env.APPDATA" value="C:\Users\Sneha\AppData\Roaming" />

          <property name="env.PUBLIC" value="C:\Users\Public" />

          <property name="env.windows_tracing_logfile" value="C:\BVTBin\Tests\installpackage\csilogfile.log" />

          <property name="java.vm.info" value="mixed mode" />

          <property name="env.ComSpec" value="C:\Windows\system32\cmd.exe" />

          <property name="env.OS" value="Windows_NT" />

          <property name="env.CommonProgramFiles" value="C:\Program Files\Common Files" />

          <property name="ant.file" value="C:\Users\Sneha\SPW\spw_001\build.xml" />

          <property name="os.version" value="6.1" />

          <property name="test.home" value="C:\Users\Sneha\SPW\spw_001" />

          <property name="env.ProgramW6432" value="C:\Program Files" />

          <property name="env._USE_CLASSPATH" value="no" />

          <property name="path.separator" value=";" />

          <property name="java.vm.version" value="21.0-b17" />

          <property name="user.variant" value="" />

          <property name="env.USERPROFILE" value="C:\Users\Sneha" />

          <property name="ant.library.dir" value="C:\Apache ANT\ANT\apache-ant-1.8.2\lib" />

          <property name="java.awt.printerjob" value="sun.awt.windows.WPrinterJob" />

          <property name="env.TMP" value="C:\Users\Sneha\AppData\Local\Temp" />

          <property name="sun.io.unicode.encoding" value="UnicodeLittle" />

          <property name="awt.toolkit" value="sun.awt.windows.WToolkit" />

          <property name="user.script" value="" />

          <property name="ant.reports" value="C:\Users\Sneha\SPW\spw_001/ant_result" />

          <property name="user.home" value="C:\Users\Sneha" />

          <property name="test.dest" value="C:\Users\Sneha\SPW\spw_001/ant_build" />

          <property name="env.ProgramData" value="C:\ProgramData" />

          <property name="env.ProgramFiles(x86)" value="C:\Program Files (x86)" />

          <property name="java.specification.vendor" value="Oracle Corporation" />

          <property name="java.vendor.url" value="http://java.oracle.com/" />

          <property name="java.library.path" value="C:\Java\jdk1.7.0\jre\bin;C:\Windows\Sun\Java\bin;C:\Windows\system32;C:\Windows;C:\Safari\Safari.exe;C:\Program Files (x86)\Microsoft Silverlight\4.0.60531.0;C:\Java\jdk1.7.0\bin;C:\Vim\vim73\gvim.exe;C:\Sparkweave-Selenium\ANT\apache-ant-1.8.2\bin;." />

          <property name="env.NUMBER_OF_PROCESSORS" value="6" />

          <property name="ant.file.type.myJUnitTests" value="file" />

          <property name="java.vm.vendor" value="Oracle Corporation" />

          <property name="java.runtime.name" value="Java(TM) SE Runtime Environment" />

          <property name="ant.version" value="Apache Ant(TM) version 1.8.2 compiled on December 20 2010" />

          <property name="sun.java.command" value="org.apache.tools.ant.taskdefs.optional.junit.JUnitTestRunner sanity_ff.PermsOnCompose_DraftsPage filtertrace=true haltOnError=false haltOnFailure=false formatter=org.apache.tools.ant.taskdefs.optional.junit.SummaryJUnitResultFormatter showoutput=false outputtoformatters=true logfailedtests=true logtestlistenerevents=false formatter=org.apache.tools.ant.taskdefs.optional.junit.XMLJUnitResultFormatter,C:\Users\Sneha\SPW\spw_001\ant_result\TEST-sanity_ff.PermsOnCompose_DraftsPage.xml crashfile=C:\Users\Sneha\SPW\spw_001\junitvmwatcher1617143790128193738.properties propsfile=C:\Users\Sneha\SPW\spw_001\junit742134466637420171.properties" />

          <property name="java.class.path" value="C:\Users\Sneha\SPW\spw_001\ant_build;C:\Sparkweave-Selenium\JAR\Silverlight-Selenium.jar;C:\Sparkweave-Selenium\JAR\junit-4.8.1.jar;C:\Sparkweave-Selenium\JAR\poi-3.7-20101029.jar;C:\Sparkweave-Selenium\JAR\selenium-ie-driver-2.0b3.jar;C:\Sparkweave-Selenium\JAR\selenium-java-2.14.0-srcs.jar;C:\Sparkweave-Selenium\JAR\selenium-java-2.14.0.jar;C:\Sparkweave-Selenium\JAR\selenium-server-standalone-2.14.0.jar;C:\Sparkweave-Selenium\JAR\selenium-server-standalone-2.7.0.jar;C:\Sparkweave-Selenium\JAR\selenium-server.jar;C:\Sparkweave-Selenium\JAR\testng-6.1.1.jar;C:\Apache ANT\ANT\apache-ant-1.8.2\lib\ant-launcher.jar;C:\Apache ANT\ANT\apache-ant-1.8.2\lib\ant.jar;C:\Apache ANT\ANT\apache-ant-1.8.2\lib\ant-junit.jar;C:\Apache ANT\ANT\apache-ant-1.8.2\lib\ant-junit4.jar" />

          <property name="java.vm.specification.name" value="Java Virtual Machine Specification" />

          <property name="ant.file.type" value="file" />

          <property name="env.windir" value="C:\Windows" />

          <property name="env.LOGONSERVER" value="\\SNEHA-PC" />

          <property name="ant.file.myJUnitTests" value="C:\Users\Sneha\SPW\spw_001\build.xml" />

          <property name="java.vm.specification.version" value="1.7" />

          <property name="env.PROCESSOR_ARCHITECTURE" value="AMD64" />

          <property name="sun.os.patch.level" value="Service Pack 1" />

          <property name="sun.cpu.endian" value="little" />

          <property name="env.ANT_HOME" value="C:\Apache ANT\ANT\apache-ant-1.8.2" />

          <property name="env.ProgramFiles" value="C:\Program Files" />

          <property name="java.io.tmpdir" value="C:\Users\Sneha\AppData\Local\Temp\" />

          <property name="env.PROCESSOR_REVISION" value="0a00" />

          <property name="env.CommonProgramFiles(x86)" value="C:\Program Files (x86)\Common Files" />

          <property name="test.src" value="C:\Users\Sneha\SPW\spw_001/src" />

          <property name="java.vendor.url.bug" value="http://bugreport.sun.com/bugreport/" />

          <property name="env.SystemRoot" value="C:\Windows" />

          <property name="java.awt.graphicsenv" value="sun.awt.Win32GraphicsEnvironment" />

          <property name="os.arch" value="amd64" />

          <property name="env.ANT_CMD_LINE_ARGS" value=" run" />

          <property name="java.ext.dirs" value="C:\Java\jdk1.7.0\jre\lib\ext;C:\Windows\Sun\Java\lib\ext" />

          <property name="env.LOCALAPPDATA" value="C:\Users\Sneha\AppData\Local" />

          <property name="user.dir" value="C:\Users\Sneha\SPW\spw_001" />

          <property name="line.separator" value="&#xd;&#xa;" />

          <property name="java.vm.name" value="Java HotSpot(TM) 64-Bit Server VM" />

          <property name="env.PATHEXT" value=".COM;.EXE;.BAT;.CMD;.VBS;.VBE;.JS;.JSE;.WSF;.WSH;.MSC" />

          <property name="basedir" value="C:\Users\Sneha\SPW\spw_001" />

          <property name="ant.java.version" value="1.7" />

          <property name="ant.core.lib" value="C:\Apache ANT\ANT\apache-ant-1.8.2\lib\ant.jar" />

          <property name="env.USERNAME" value="Sneha" />

          <property name="env.SystemDrive" value="C:" />

          <property name="file.encoding" value="Cp1252" />

          <property name="env.USERDOMAIN" value="Sneha-PC" />

          <property name="java.specification.version" value="1.7" />

          <property name="env.=C:" value="C:\Users\Sneha\SPW\spw_001" />

          <property name="ant.project.invoked-targets" value="run" />

          <property name="env.PROCESSOR_LEVEL" value="16" />

      </properties>

      <testcase classname="sanity_ff.PermsOnCompose_DraftsPage" name="NonSecureNoattachs" time="166.095" />

      <testcase classname="sanity_ff.PermsOnCompose_DraftsPage" name="SecureNoattachs" time="21.889">
          <failure message="timeout" type="junit.framework.AssertionFailedError">junit.framework.AssertionFailedError: timeout
	at sanity_ff.Functions.WaitForUpload(Functions.java:32)
	at sanity_ff.PermsOnCompose_DraftsPage.SecureNoattachs(PermsOnCompose_DraftsPage.java:386)
</failure>

      </testcase>

      <testcase classname="sanity_ff.PermsOnCompose_DraftsPage" name="NonSecureGreater25MB" time="166.875" />

      <testcase classname="sanity_ff.PermsOnCompose_DraftsPage" name="SecureLesser25MB" time="174.457" />

      <testcase classname="sanity_ff.PermsOnCompose_DraftsPage" name="NonSecureLesser25MB" time="165.768" />

      <testcase classname="sanity_ff.PermsOnCompose_DraftsPage" name="SecureGreater25MB" time="174.925" />

      <system-out><![CDATA[Testing user with LFT perms only
Navigating to base URL
muunni.24@gmail.com
Removed user muunni.24@gmail.com from recipient list
snehamtd002@yahoo.com
Removed user snehamtd002@yahoo.com from recipient list
sneha.qa.24@gmail.com
PASS for sneha.qa.24@gmail.com
snehamtd001@gmail.com
PASS for snehamtd001@gmail.com
PASS:Permission checking passed for LFT user sending mail with no attachs and non-secure.
The count for tbody is 1
The count for tr is 2
The count for td is 5
i was here!

i was here!

i was here!

i was here!

i was here!

The count for td is 5
i was here!

i was here!
sneha.qa.24@gmail.com; snehamtd001@gmail.com
i was here!
TC--105
muunni.24@gmail.com
Removed user muunni.24@gmail.com from recipient list
snehamtd002@yahoo.com
Removed user snehamtd002@yahoo.com from recipient list
sneha.qa.24@gmail.com
PASS for sneha.qa.24@gmail.com
snehamtd001@gmail.com
PASS for snehamtd001@gmail.com
PASS:Mail successfully sent.
Testing user with Secure perms only
Navigating to base URL
muunni.24@gmail.com
This email is considered a file transfer.  Since you do not have a file transfer license, your recipients are required to.  
PASS for muunni.24@gmail.com
Removed user muunni.24@gmail.com from recipient list
snehamtd002@yahoo.com
This email is considered a file transfer.  Since you do not have a file transfer license, your recipients are required to.  
PASS for snehamtd002@yahoo.com
Removed user snehamtd002@yahoo.com from recipient list
sneha.qa.24@gmail.com
PASS for sneha.qa.24@gmail.com
snehamtd001@gmail.com
PASS for snehamtd001@gmail.com
The count for tbody is 1
The count for tr is 2
The count for td is 5
i was here!

i was here!

i was here!

i was here!

i was here!

The count for td is 5
i was here!

i was here!
sneha.qa.24@gmail.com; snehamtd001@gmail.com
i was here!
TC--106
muunni.24@gmail.com
This email is considered a file transfer.  Since you do not have a file transfer license, your recipients are required to.  
PASS for muunni.24@gmail.com
Removed user muunni.24@gmail.com from recipient list
snehamtd002@yahoo.com
This email is considered a file transfer.  Since you do not have a file transfer license, your recipients are required to.  
PASS for snehamtd002@yahoo.com
Removed user snehamtd002@yahoo.com from recipient list
sneha.qa.24@gmail.com
PASS for sneha.qa.24@gmail.com
snehamtd001@gmail.com
PASS for snehamtd001@gmail.com
PASS:Mail successfully sent.
Testing user with ALL perms
Navigating to base URL
muunni.24@gmail.com
PASS for muunni.24@gmail.com
snehamtd002@yahoo.com
PASS for snehamtd002@yahoo.com
sneha.qa.24@gmail.com
PASS for sneha.qa.24@gmail.com
snehamtd001@gmail.com
PASS for snehamtd001@gmail.com
The count for tbody is 1
The count for tr is 9
The count for td is 5
i was here!

i was here!

i was here!

i was here!

i was here!

The count for td is 5
i was here!

i was here!
muunni.24@gmail.com; sneha.qa.24@gmail.com; snehamtd001@gmail.com; snehamtd002@yahoo.com
i was here!
TC--107
muunni.24@gmail.com
PASS for muunni.24@gmail.com
snehamtd002@yahoo.com
PASS for snehamtd002@yahoo.com
sneha.qa.24@gmail.com
PASS for sneha.qa.24@gmail.com
snehamtd001@gmail.com
PASS for snehamtd001@gmail.com
PASS:Mail successfully sent.
Testing user with NO perms
Navigating to base URL
muunni.24@gmail.com
This email is considered a file transfer.  Since you do not have a file transfer license, your recipients are required to.  
PASS for muunni.24@gmail.com
Removed user muunni.24@gmail.com from recipient list
snehamtd002@yahoo.com
This email is considered a file transfer.  Since you do not have a file transfer license, your recipients are required to.  
PASS for snehamtd002@yahoo.com
Removed user snehamtd002@yahoo.com from recipient list
sneha.qa.24@gmail.com
PASS for sneha.qa.24@gmail.com
snehamtd001@gmail.com
PASS for snehamtd001@gmail.com
The count for tbody is 1
The count for tr is 2
The count for td is 5
i was here!

i was here!

i was here!

i was here!

i was here!

The count for td is 5
i was here!

i was here!
sneha.qa.24@gmail.com; snehamtd001@gmail.com
i was here!
TC--108
muunni.24@gmail.com
This email is considered a file transfer.  Since you do not have a file transfer license, your recipients are required to.  
PASS for muunni.24@gmail.com
Removed user muunni.24@gmail.com from recipient list
snehamtd002@yahoo.com
This email is considered a file transfer.  Since you do not have a file transfer license, your recipients are required to.  
PASS for snehamtd002@yahoo.com
Removed user snehamtd002@yahoo.com from recipient list
sneha.qa.24@gmail.com
PASS for sneha.qa.24@gmail.com
snehamtd001@gmail.com
PASS for snehamtd001@gmail.com
PASS:Mail successfully sent.
Testing user with LFT perms only
Navigating to base URL
muunni.24@gmail.com
This email is considered a secure email.  Since you do not have a secure email license, your recipients are required to.  
PASS for muunni.24@gmail.com
Removed user muunni.24@gmail.com from recipient list
snehamtd002@yahoo.com
PASS for snehamtd002@yahoo.com
sneha.qa.24@gmail.com
PASS for sneha.qa.24@gmail.com
snehamtd001@gmail.com
This email is considered a secure email.  Since you do not have a secure email license, your recipients are required to.  
PASS for snehamtd001@gmail.com
Removed user snehamtd001@gmail.com from recipient list
Testing user with LFT perms only
Navigating to base URL
muunni.24@gmail.com
PASS for muunni.24@gmail.com
snehamtd002@yahoo.com
PASS for snehamtd002@yahoo.com
sneha.qa.24@gmail.com
PASS for sneha.qa.24@gmail.com
snehamtd001@gmail.com
PASS for snehamtd001@gmail.com
The count for tbody is 1
The count for tr is 2
The count for td is 5
i was here!

i was here!

i was here!

i was here!

i was here!

The count for td is 5
i was here!

i was here!
muunni.24@gmail.com; sneha.qa.24@gmail.com; snehamtd001@gmail.com; snehamtd002@yahoo.com
i was here!
TC--113
muunni.24@gmail.com
PASS for muunni.24@gmail.com
snehamtd002@yahoo.com
PASS for snehamtd002@yahoo.com
sneha.qa.24@gmail.com
PASS for sneha.qa.24@gmail.com
snehamtd001@gmail.com
PASS for snehamtd001@gmail.com
PASS:Mail successfully sent.
Testing user with SECURE perms only
Navigating to base URL
muunni.24@gmail.com
Removed user muunni.24@gmail.com from recipient list
snehamtd002@yahoo.com
Removed user snehamtd002@yahoo.com from recipient list
sneha.qa.24@gmail.com
PASS for sneha.qa.24@gmail.com
snehamtd001@gmail.com
PASS for snehamtd001@gmail.com
The count for tbody is 1
The count for tr is 2
The count for td is 5
i was here!

i was here!

i was here!

i was here!

i was here!

The count for td is 5
i was here!

i was here!
sneha.qa.24@gmail.com; snehamtd001@gmail.com
i was here!
TC--114
muunni.24@gmail.com
Removed user muunni.24@gmail.com from recipient list
snehamtd002@yahoo.com
Removed user snehamtd002@yahoo.com from recipient list
sneha.qa.24@gmail.com
PASS for sneha.qa.24@gmail.com
snehamtd001@gmail.com
PASS for snehamtd001@gmail.com
PASS:Mail successfully sent.
Testing user with ALL perms only
Navigating to base URL
muunni.24@gmail.com
PASS for muunni.24@gmail.com
snehamtd002@yahoo.com
PASS for snehamtd002@yahoo.com
sneha.qa.24@gmail.com
PASS for sneha.qa.24@gmail.com
snehamtd001@gmail.com
PASS for snehamtd001@gmail.com
The count for tbody is 1
The count for tr is 9
The count for td is 5
i was here!

i was here!

i was here!

i was here!

i was here!

The count for td is 5
i was here!

i was here!
muunni.24@gmail.com; sneha.qa.24@gmail.com; snehamtd001@gmail.com; snehamtd002@yahoo.com
i was here!
TC--115
muunni.24@gmail.com
PASS for muunni.24@gmail.com
snehamtd002@yahoo.com
PASS for snehamtd002@yahoo.com
sneha.qa.24@gmail.com
PASS for sneha.qa.24@gmail.com
snehamtd001@gmail.com
PASS for snehamtd001@gmail.com
PASS:Mail successfully sent.
Testing user with NO perms
Navigating to base URL
muunni.24@gmail.com
This email is considered a file transfer.  Since you do not have a file transfer license, your recipients are required to.  
PASS for muunni.24@gmail.com
Removed user muunni.24@gmail.com from recipient list
snehamtd002@yahoo.com
This email is considered a file transfer.  Since you do not have a file transfer license, your recipients are required to.  
PASS for snehamtd002@yahoo.com
Removed user snehamtd002@yahoo.com from recipient list
sneha.qa.24@gmail.com
PASS for sneha.qa.24@gmail.com
snehamtd001@gmail.com
PASS for snehamtd001@gmail.com
The count for tbody is 1
The count for tr is 2
The count for td is 5
i was here!

i was here!

i was here!

i was here!

i was here!

The count for td is 5
i was here!

i was here!
sneha.qa.24@gmail.com; snehamtd001@gmail.com
i was here!
TC--116
muunni.24@gmail.com
This email is considered a file transfer.  Since you do not have a file transfer license, your recipients are required to.  
PASS for muunni.24@gmail.com
Removed user muunni.24@gmail.com from recipient list
snehamtd002@yahoo.com
This email is considered a file transfer.  Since you do not have a file transfer license, your recipients are required to.  
PASS for snehamtd002@yahoo.com
Removed user snehamtd002@yahoo.com from recipient list
sneha.qa.24@gmail.com
PASS for sneha.qa.24@gmail.com
snehamtd001@gmail.com
PASS for snehamtd001@gmail.com
PASS:Mail successfully sent.
Testing user with LFT perms only
Navigating to base URL
muunni.24@gmail.com
This email is considered a secure email.  Since you do not have a secure email license, your recipients are required to.  
PASS for muunni.24@gmail.com
Removed user muunni.24@gmail.com from recipient list
snehamtd002@yahoo.com
PASS for snehamtd002@yahoo.com
sneha.qa.24@gmail.com
PASS for sneha.qa.24@gmail.com
snehamtd001@gmail.com
This email is considered a secure email.  Since you do not have a secure email license, your recipients are required to.  
PASS for snehamtd001@gmail.com
Removed user snehamtd001@gmail.com from recipient list
The count for tbody is 1
The count for tr is 2
The count for td is 5
i was here!

i was here!

i was here!

i was here!

i was here!

The count for td is 5
i was here!

i was here!
sneha.qa.24@gmail.com; snehamtd002@yahoo.com
i was here!
TC--117
muunni.24@gmail.com
This email is considered a secure email.  Since you do not have a secure email license, your recipients are required to.  
PASS for muunni.24@gmail.com
Removed user muunni.24@gmail.com from recipient list
snehamtd002@yahoo.com
PASS for snehamtd002@yahoo.com
sneha.qa.24@gmail.com
PASS for sneha.qa.24@gmail.com
snehamtd001@gmail.com
This email is considered a secure email.  Since you do not have a secure email license, your recipients are required to.  
PASS for snehamtd001@gmail.com
Removed user snehamtd001@gmail.com from recipient list
PASS:Mail successfully sent.
Testing user with SECURE perms only
Navigating to base URL
muunni.24@gmail.com
PASS for muunni.24@gmail.com
snehamtd002@yahoo.com
PASS for snehamtd002@yahoo.com
sneha.qa.24@gmail.com
PASS for sneha.qa.24@gmail.com
snehamtd001@gmail.com
PASS for snehamtd001@gmail.com
The count for tbody is 1
The count for tr is 2
The count for td is 5
i was here!

i was here!

i was here!

i was here!

i was here!

The count for td is 5
i was here!

i was here!
muunni.24@gmail.com; sneha.qa.24@gmail.com; snehamtd001@gmail.com; snehamtd002@yahoo.com
i was here!
TC--118
muunni.24@gmail.com
PASS for muunni.24@gmail.com
snehamtd002@yahoo.com
PASS for snehamtd002@yahoo.com
sneha.qa.24@gmail.com
PASS for sneha.qa.24@gmail.com
snehamtd001@gmail.com
PASS for snehamtd001@gmail.com
PASS:Mail successfully sent.
Testing user with ALL perms
Navigating to base URL
muunni.24@gmail.com
PASS for muunni.24@gmail.com
snehamtd002@yahoo.com
PASS for snehamtd002@yahoo.com
sneha.qa.24@gmail.com
PASS for sneha.qa.24@gmail.com
snehamtd001@gmail.com
PASS for snehamtd001@gmail.com
The count for tbody is 1
The count for tr is 9
The count for td is 5
i was here!

i was here!

i was here!

i was here!

i was here!

The count for td is 5
i was here!

i was here!
muunni.24@gmail.com; sneha.qa.24@gmail.com; snehamtd001@gmail.com; snehamtd002@yahoo.com
i was here!
TC--119
muunni.24@gmail.com
PASS for muunni.24@gmail.com
snehamtd002@yahoo.com
PASS for snehamtd002@yahoo.com
sneha.qa.24@gmail.com
PASS for sneha.qa.24@gmail.com
snehamtd001@gmail.com
PASS for snehamtd001@gmail.com
PASS:Mail successfully sent.
Testing user with NO perms
Navigating to base URL
muunni.24@gmail.com
This email is considered a secure email.  Since you do not have a secure email license, your recipients are required to.  
PASS for muunni.24@gmail.com
Removed user muunni.24@gmail.com from recipient list
snehamtd002@yahoo.com
PASS for snehamtd002@yahoo.com
sneha.qa.24@gmail.com
PASS for sneha.qa.24@gmail.com
snehamtd001@gmail.com
This email is considered a secure email.  Since you do not have a secure email license, your recipients are required to.  
PASS for snehamtd001@gmail.com
Removed user snehamtd001@gmail.com from recipient list
The count for tbody is 1
The count for tr is 2
The count for td is 5
i was here!

i was here!

i was here!

i was here!

i was here!

The count for td is 5
i was here!

i was here!
sneha.qa.24@gmail.com; snehamtd002@yahoo.com
i was here!
TC--120
muunni.24@gmail.com
This email is considered a secure email.  Since you do not have a secure email license, your recipients are required to.  
PASS for muunni.24@gmail.com
Removed user muunni.24@gmail.com from recipient list
snehamtd002@yahoo.com
PASS for snehamtd002@yahoo.com
sneha.qa.24@gmail.com
PASS for sneha.qa.24@gmail.com
snehamtd001@gmail.com
This email is considered a secure email.  Since you do not have a secure email license, your recipients are required to.  
PASS for snehamtd001@gmail.com
Removed user snehamtd001@gmail.com from recipient list
PASS:Mail successfully sent.
Testing user with LFT perms only
Navigating to base URL
muunni.24@gmail.com
PASS for muunni.24@gmail.com
snehamtd002@yahoo.com
PASS for snehamtd002@yahoo.com
sneha.qa.24@gmail.com
PASS for sneha.qa.24@gmail.com
snehamtd001@gmail.com
PASS for snehamtd001@gmail.com
The count for tbody is 1
The count for tr is 2
The count for td is 5
i was here!

i was here!

i was here!

i was here!

i was here!

The count for td is 5
i was here!

i was here!
muunni.24@gmail.com; sneha.qa.24@gmail.com; snehamtd001@gmail.com; snehamtd002@yahoo.com
i was here!
TC--121
muunni.24@gmail.com
PASS for muunni.24@gmail.com
snehamtd002@yahoo.com
PASS for snehamtd002@yahoo.com
sneha.qa.24@gmail.com
PASS for sneha.qa.24@gmail.com
snehamtd001@gmail.com
PASS for snehamtd001@gmail.com
PASS:Mail successfully sent.
Testing user with SECURE perms only
Navigating to base URL
muunni.24@gmail.com
This email is considered a file transfer.  Since you do not have a file transfer license, your recipients are required to.  
PASS for muunni.24@gmail.com
Removed user muunni.24@gmail.com from recipient list
snehamtd002@yahoo.com
This email is considered a file transfer.  Since you do not have a file transfer license, your recipients are required to.  
PASS for snehamtd002@yahoo.com
Removed user snehamtd002@yahoo.com from recipient list
sneha.qa.24@gmail.com
PASS for sneha.qa.24@gmail.com
snehamtd001@gmail.com
PASS for snehamtd001@gmail.com
The count for tbody is 1
The count for tr is 2
The count for td is 5
i was here!

i was here!

i was here!

i was here!

i was here!

The count for td is 5
i was here!

i was here!
sneha.qa.24@gmail.com; snehamtd001@gmail.com
i was here!
TC--122
muunni.24@gmail.com
This email is considered a file transfer.  Since you do not have a file transfer license, your recipients are required to.  
PASS for muunni.24@gmail.com
Removed user muunni.24@gmail.com from recipient list
snehamtd002@yahoo.com
This email is considered a file transfer.  Since you do not have a file transfer license, your recipients are required to.  
PASS for snehamtd002@yahoo.com
Removed user snehamtd002@yahoo.com from recipient list
sneha.qa.24@gmail.com
PASS for sneha.qa.24@gmail.com
snehamtd001@gmail.com
PASS for snehamtd001@gmail.com
PASS:Mail successfully sent.
Testing user with ALL perms
Navigating to base URL
muunni.24@gmail.com
PASS for muunni.24@gmail.com
snehamtd002@yahoo.com
PASS for snehamtd002@yahoo.com
sneha.qa.24@gmail.com
PASS for sneha.qa.24@gmail.com
snehamtd001@gmail.com
PASS for snehamtd001@gmail.com
The count for tbody is 1
The count for tr is 9
The count for td is 5
i was here!

i was here!

i was here!

i was here!

i was here!

The count for td is 5
i was here!

i was here!
muunni.24@gmail.com; sneha.qa.24@gmail.com; snehamtd001@gmail.com; snehamtd002@yahoo.com
i was here!
123
muunni.24@gmail.com
PASS for muunni.24@gmail.com
snehamtd002@yahoo.com
PASS for snehamtd002@yahoo.com
sneha.qa.24@gmail.com
PASS for sneha.qa.24@gmail.com
snehamtd001@gmail.com
PASS for snehamtd001@gmail.com
PASS:Mail successfully sent.
Testing user with NO perms
Navigating to base URL
muunni.24@gmail.com
This email is considered a file transfer.  Since you do not have a file transfer license, your recipients are required to.  
PASS for muunni.24@gmail.com
Removed user muunni.24@gmail.com from recipient list
snehamtd002@yahoo.com
This email is considered a file transfer.  Since you do not have a file transfer license, your recipients are required to.  
PASS for snehamtd002@yahoo.com
Removed user snehamtd002@yahoo.com from recipient list
sneha.qa.24@gmail.com
PASS for sneha.qa.24@gmail.com
snehamtd001@gmail.com
PASS for snehamtd001@gmail.com
The count for tbody is 1
The count for tr is 2
The count for td is 5
i was here!

i was here!

i was here!

i was here!

i was here!

The count for td is 5
i was here!

i was here!
sneha.qa.24@gmail.com; snehamtd001@gmail.com
i was here!
TC--124
muunni.24@gmail.com
This email is considered a file transfer.  Since you do not have a file transfer license, your recipients are required to.  
PASS for muunni.24@gmail.com
Removed user muunni.24@gmail.com from recipient list
snehamtd002@yahoo.com
This email is considered a file transfer.  Since you do not have a file transfer license, your recipients are required to.  
PASS for snehamtd002@yahoo.com
Removed user snehamtd002@yahoo.com from recipient list
sneha.qa.24@gmail.com
PASS for sneha.qa.24@gmail.com
snehamtd001@gmail.com
PASS for snehamtd001@gmail.com
PASS:Mail successfully sent.
Testing user with LFT perms only
Navigating to base URL
muunni.24@gmail.com
This email is considered a secure email.  Since you do not have a secure email license, your recipients are required to.  
PASS for muunni.24@gmail.com
Removed user muunni.24@gmail.com from recipient list
snehamtd002@yahoo.com
Removed user snehamtd002@yahoo.com from recipient list
sneha.qa.24@gmail.com
PASS for sneha.qa.24@gmail.com
snehamtd001@gmail.com
This email is considered a secure email.  Since you do not have a secure email license, your recipients are required to.  
PASS for snehamtd001@gmail.com
Removed user snehamtd001@gmail.com from recipient list
The count for tbody is 1
The count for tr is 2
The count for td is 5
i was here!

i was here!

i was here!

i was here!

i was here!

The count for td is 5
i was here!

i was here!
sneha.qa.24@gmail.com
i was here!
TC--125
muunni.24@gmail.com
This email is considered a secure email.  Since you do not have a secure email license, your recipients are required to.  
PASS for muunni.24@gmail.com
Removed user muunni.24@gmail.com from recipient list
snehamtd002@yahoo.com
Removed user snehamtd002@yahoo.com from recipient list
sneha.qa.24@gmail.com
PASS for sneha.qa.24@gmail.com
snehamtd001@gmail.com
This email is considered a secure email.  Since you do not have a secure email license, your recipients are required to.  
PASS for snehamtd001@gmail.com
Removed user snehamtd001@gmail.com from recipient list
PASS:Mail successfully sent.
Testing user with SECURE perms only
Navigating to base URL
muunni.24@gmail.com
This email is considered a file transfer.  Since you do not have a file transfer license, your recipients are required to.  
PASS for muunni.24@gmail.com
Removed user muunni.24@gmail.com from recipient list
snehamtd002@yahoo.com
This email is considered a file transfer.  Since you do not have a file transfer license, your recipients are required to.  
PASS for snehamtd002@yahoo.com
Removed user snehamtd002@yahoo.com from recipient list
sneha.qa.24@gmail.com
PASS for sneha.qa.24@gmail.com
snehamtd001@gmail.com
PASS for snehamtd001@gmail.com
The count for tbody is 1
The count for tr is 2
The count for td is 5
i was here!

i was here!

i was here!

i was here!

i was here!

The count for td is 5
i was here!

i was here!
sneha.qa.24@gmail.com; snehamtd001@gmail.com
i was here!
TC--126
muunni.24@gmail.com
This email is considered a file transfer.  Since you do not have a file transfer license, your recipients are required to.  
PASS for muunni.24@gmail.com
Removed user muunni.24@gmail.com from recipient list
snehamtd002@yahoo.com
This email is considered a file transfer.  Since you do not have a file transfer license, your recipients are required to.  
PASS for snehamtd002@yahoo.com
Removed user snehamtd002@yahoo.com from recipient list
sneha.qa.24@gmail.com
PASS for sneha.qa.24@gmail.com
snehamtd001@gmail.com
PASS for snehamtd001@gmail.com
PASS:Mail successfully sent.
Testing user with ALL perms
Navigating to base URL
muunni.24@gmail.com
PASS for muunni.24@gmail.com
snehamtd002@yahoo.com
PASS for snehamtd002@yahoo.com
sneha.qa.24@gmail.com
PASS for sneha.qa.24@gmail.com
snehamtd001@gmail.com
PASS for snehamtd001@gmail.com
The count for tbody is 1
The count for tr is 9
The count for td is 5
i was here!

i was here!

i was here!

i was here!

i was here!

The count for td is 5
i was here!

i was here!
muunni.24@gmail.com; sneha.qa.24@gmail.com; snehamtd001@gmail.com; snehamtd002@yahoo.com
i was here!
TC--127
muunni.24@gmail.com
PASS for muunni.24@gmail.com
snehamtd002@yahoo.com
PASS for snehamtd002@yahoo.com
sneha.qa.24@gmail.com
PASS for sneha.qa.24@gmail.com
snehamtd001@gmail.com
PASS for snehamtd001@gmail.com
PASS:Mail successfully sent.
Testing user with NO perms
Navigating to base URL
muunni.24@gmail.com
This email is considered a secure email.  Since you do not have a secure email license, your recipients are required to.  This email is considered a file transfer.  Since you do not have a file transfer license, your recipients are required to.  
This email is considered a secure email.  Since you do not have a secure email license, your recipients are required to.  This email is considered a file transfer.  Since you do not have a file transfer license, your recipients are required to.  
PASS for muunni.24@gmail.com
Removed user muunni.24@gmail.com from recipient list
snehamtd002@yahoo.com
This email is considered a file transfer.  Since you do not have a file transfer license, your recipients are required to.  
PASS for snehamtd002@yahoo.com
Removed user snehamtd002@yahoo.com from recipient list
sneha.qa.24@gmail.com
PASS for sneha.qa.24@gmail.com
snehamtd001@gmail.com
This email is considered a secure email.  Since you do not have a secure email license, your recipients are required to.  
PASS for snehamtd001@gmail.com
Removed user snehamtd001@gmail.com from recipient list
The count for tbody is 1
The count for tr is 2
The count for td is 5
i was here!

i was here!

i was here!

i was here!

i was here!

The count for td is 5
i was here!

i was here!
sneha.qa.24@gmail.com
i was here!
TC--128
muunni.24@gmail.com
This email is considered a secure email.  Since you do not have a secure email license, your recipients are required to.  This email is considered a file transfer.  Since you do not have a file transfer license, your recipients are required to.  
This email is considered a secure email.  Since you do not have a secure email license, your recipients are required to.  This email is considered a file transfer.  Since you do not have a file transfer license, your recipients are required to.  
PASS for muunni.24@gmail.com
Removed user muunni.24@gmail.com from recipient list
snehamtd002@yahoo.com
This email is considered a file transfer.  Since you do not have a file transfer license, your recipients are required to.  
PASS for snehamtd002@yahoo.com
Removed user snehamtd002@yahoo.com from recipient list
sneha.qa.24@gmail.com
PASS for sneha.qa.24@gmail.com
snehamtd001@gmail.com
This email is considered a secure email.  Since you do not have a secure email license, your recipients are required to.  
PASS for snehamtd001@gmail.com
Removed user snehamtd001@gmail.com from recipient list
PASS:Mail successfully sent.
]]></system-out>

      <system-err><![CDATA[]]></system-err>

  </testsuite>
  <testsuite errors="5" failures="0" hostname="Sneha-PC" id="1" name="PermsOnForward_DraftsPage" package="sanity_ff" tests="6" time="519.009" timestamp="2011-12-20T17:29:52">
      <properties>
          <property name="java.vendor" value="Oracle Corporation" />

          <property name="test.jars" value="C:/Sparkweave-Selenium/JAR" />

          <property name="sun.java.launcher" value="SUN_STANDARD" />

          <property name="sun.management.compiler" value="HotSpot 64-Bit Tiered Compilers" />

          <property name="env.PROMPT" value="$P$G" />

          <property name="os.name" value="Windows 7" />

          <property name="env.FP_NO_HOST_CHECK" value="NO" />

          <property name="sun.boot.class.path" value="C:\Java\jdk1.7.0\jre\lib\resources.jar;C:\Java\jdk1.7.0\jre\lib\rt.jar;C:\Java\jdk1.7.0\jre\lib\sunrsasign.jar;C:\Java\jdk1.7.0\jre\lib\jsse.jar;C:\Java\jdk1.7.0\jre\lib\jce.jar;C:\Java\jdk1.7.0\jre\lib\charsets.jar;C:\Java\jdk1.7.0\jre\classes" />

          <property name="env.COMPUTERNAME" value="SNEHA-PC" />

          <property name="env.CommonProgramW6432" value="C:\Program Files\Common Files" />

          <property name="env.ALLUSERSPROFILE" value="C:\ProgramData" />

          <property name="sun.desktop" value="windows" />

          <property name="java.vm.specification.vendor" value="Oracle Corporation" />

          <property name="ant.home" value="C:\Apache ANT\ANT\apache-ant-1.8.2" />

          <property name="java.runtime.version" value="1.7.0-b147" />

          <property name="env.HOMEPATH" value="\Users\Sneha" />

          <property name="user.name" value="Sneha" />

          <property name="env.PATH" value="C:\Safari\Safari.exe;C:\Program Files (x86)\Microsoft Silverlight\4.0.60531.0;C:\Java\jdk1.7.0\bin;C:\Vim\vim73\gvim.exe;C:\Sparkweave-Selenium\ANT\apache-ant-1.8.2\bin" />

          <property name="user.language" value="en" />

          <property name="env.windows_tracing_flags" value="3" />

          <property name="sun.boot.library.path" value="C:\Java\jdk1.7.0\jre\bin" />

          <property name="ant.project.default-target" value="usage" />

          <property name="ant.project.name" value="myJUnitTests" />

          <property name="java.version" value="1.7.0" />

          <property name="env.PROCESSOR_IDENTIFIER" value="AMD64 Family 16 Model 10 Stepping 0, AuthenticAMD" />

          <property name="user.timezone" value="" />

          <property name="env.TEMP" value="C:\Users\Sneha\AppData\Local\Temp" />

          <property name="sun.arch.data.model" value="64" />

          <property name="env.AntTest" value="C:\Sparkweave-Selenium\ANT\apache-ant-1.8.2" />

          <property name="java.endorsed.dirs" value="C:\Java\jdk1.7.0\jre\lib\endorsed" />

          <property name="env._JAVACMD" value="java.exe" />

          <property name="sun.cpu.isalist" value="amd64" />

          <property name="env.HOMEDRIVE" value="C:" />

          <property name="sun.jnu.encoding" value="Cp1252" />

          <property name="file.encoding.pkg" value="sun.io" />

          <property name="file.separator" value="\" />

          <property name="java.specification.name" value="Java Platform API Specification" />

          <property name="java.class.version" value="51.0" />

          <property name="env.JAVA HOME" value="C:\Java\jdk1.7.0\bin" />

          <property name="user.country" value="US" />

          <property name="java.home" value="C:\Java\jdk1.7.0\jre" />

          <property name="env.PSModulePath" value="C:\Windows\system32\WindowsPowerShell\v1.0\Modules\" />

          <property name="env.APPDATA" value="C:\Users\Sneha\AppData\Roaming" />

          <property name="env.PUBLIC" value="C:\Users\Public" />

          <property name="env.windows_tracing_logfile" value="C:\BVTBin\Tests\installpackage\csilogfile.log" />

          <property name="java.vm.info" value="mixed mode" />

          <property name="env.ComSpec" value="C:\Windows\system32\cmd.exe" />

          <property name="env.OS" value="Windows_NT" />

          <property name="env.CommonProgramFiles" value="C:\Program Files\Common Files" />

          <property name="ant.file" value="C:\Users\Sneha\SPW\spw_001\build.xml" />

          <property name="os.version" value="6.1" />

          <property name="test.home" value="C:\Users\Sneha\SPW\spw_001" />

          <property name="env.ProgramW6432" value="C:\Program Files" />

          <property name="env._USE_CLASSPATH" value="no" />

          <property name="path.separator" value=";" />

          <property name="java.vm.version" value="21.0-b17" />

          <property name="user.variant" value="" />

          <property name="env.USERPROFILE" value="C:\Users\Sneha" />

          <property name="ant.library.dir" value="C:\Apache ANT\ANT\apache-ant-1.8.2\lib" />

          <property name="java.awt.printerjob" value="sun.awt.windows.WPrinterJob" />

          <property name="env.TMP" value="C:\Users\Sneha\AppData\Local\Temp" />

          <property name="sun.io.unicode.encoding" value="UnicodeLittle" />

          <property name="awt.toolkit" value="sun.awt.windows.WToolkit" />

          <property name="user.script" value="" />

          <property name="ant.reports" value="C:\Users\Sneha\SPW\spw_001/ant_result" />

          <property name="user.home" value="C:\Users\Sneha" />

          <property name="test.dest" value="C:\Users\Sneha\SPW\spw_001/ant_build" />

          <property name="env.ProgramData" value="C:\ProgramData" />

          <property name="env.ProgramFiles(x86)" value="C:\Program Files (x86)" />

          <property name="java.specification.vendor" value="Oracle Corporation" />

          <property name="java.vendor.url" value="http://java.oracle.com/" />

          <property name="java.library.path" value="C:\Java\jdk1.7.0\jre\bin;C:\Windows\Sun\Java\bin;C:\Windows\system32;C:\Windows;C:\Safari\Safari.exe;C:\Program Files (x86)\Microsoft Silverlight\4.0.60531.0;C:\Java\jdk1.7.0\bin;C:\Vim\vim73\gvim.exe;C:\Sparkweave-Selenium\ANT\apache-ant-1.8.2\bin;." />

          <property name="env.NUMBER_OF_PROCESSORS" value="6" />

          <property name="ant.file.type.myJUnitTests" value="file" />

          <property name="java.vm.vendor" value="Oracle Corporation" />

          <property name="java.runtime.name" value="Java(TM) SE Runtime Environment" />

          <property name="ant.version" value="Apache Ant(TM) version 1.8.2 compiled on December 20 2010" />

          <property name="sun.java.command" value="org.apache.tools.ant.taskdefs.optional.junit.JUnitTestRunner sanity_ff.PermsOnForward_DraftsPage filtertrace=true haltOnError=false haltOnFailure=false formatter=org.apache.tools.ant.taskdefs.optional.junit.SummaryJUnitResultFormatter showoutput=false outputtoformatters=true logfailedtests=true logtestlistenerevents=false formatter=org.apache.tools.ant.taskdefs.optional.junit.XMLJUnitResultFormatter,C:\Users\Sneha\SPW\spw_001\ant_result\TEST-sanity_ff.PermsOnForward_DraftsPage.xml crashfile=C:\Users\Sneha\SPW\spw_001\junitvmwatcher8179277454142513185.properties propsfile=C:\Users\Sneha\SPW\spw_001\junit1529783025346843006.properties" />

          <property name="java.class.path" value="C:\Users\Sneha\SPW\spw_001\ant_build;C:\Sparkweave-Selenium\JAR\Silverlight-Selenium.jar;C:\Sparkweave-Selenium\JAR\junit-4.8.1.jar;C:\Sparkweave-Selenium\JAR\poi-3.7-20101029.jar;C:\Sparkweave-Selenium\JAR\selenium-ie-driver-2.0b3.jar;C:\Sparkweave-Selenium\JAR\selenium-java-2.14.0-srcs.jar;C:\Sparkweave-Selenium\JAR\selenium-java-2.14.0.jar;C:\Sparkweave-Selenium\JAR\selenium-server-standalone-2.14.0.jar;C:\Sparkweave-Selenium\JAR\selenium-server-standalone-2.7.0.jar;C:\Sparkweave-Selenium\JAR\selenium-server.jar;C:\Sparkweave-Selenium\JAR\testng-6.1.1.jar;C:\Apache ANT\ANT\apache-ant-1.8.2\lib\ant-launcher.jar;C:\Apache ANT\ANT\apache-ant-1.8.2\lib\ant.jar;C:\Apache ANT\ANT\apache-ant-1.8.2\lib\ant-junit.jar;C:\Apache ANT\ANT\apache-ant-1.8.2\lib\ant-junit4.jar" />

          <property name="java.vm.specification.name" value="Java Virtual Machine Specification" />

          <property name="ant.file.type" value="file" />

          <property name="env.windir" value="C:\Windows" />

          <property name="env.LOGONSERVER" value="\\SNEHA-PC" />

          <property name="ant.file.myJUnitTests" value="C:\Users\Sneha\SPW\spw_001\build.xml" />

          <property name="java.vm.specification.version" value="1.7" />

          <property name="env.PROCESSOR_ARCHITECTURE" value="AMD64" />

          <property name="sun.os.patch.level" value="Service Pack 1" />

          <property name="sun.cpu.endian" value="little" />

          <property name="env.ANT_HOME" value="C:\Apache ANT\ANT\apache-ant-1.8.2" />

          <property name="env.ProgramFiles" value="C:\Program Files" />

          <property name="java.io.tmpdir" value="C:\Users\Sneha\AppData\Local\Temp\" />

          <property name="env.PROCESSOR_REVISION" value="0a00" />

          <property name="env.CommonProgramFiles(x86)" value="C:\Program Files (x86)\Common Files" />

          <property name="test.src" value="C:\Users\Sneha\SPW\spw_001/src" />

          <property name="java.vendor.url.bug" value="http://bugreport.sun.com/bugreport/" />

          <property name="env.SystemRoot" value="C:\Windows" />

          <property name="java.awt.graphicsenv" value="sun.awt.Win32GraphicsEnvironment" />

          <property name="os.arch" value="amd64" />

          <property name="env.ANT_CMD_LINE_ARGS" value=" run" />

          <property name="java.ext.dirs" value="C:\Java\jdk1.7.0\jre\lib\ext;C:\Windows\Sun\Java\lib\ext" />

          <property name="env.LOCALAPPDATA" value="C:\Users\Sneha\AppData\Local" />

          <property name="user.dir" value="C:\Users\Sneha\SPW\spw_001" />

          <property name="line.separator" value="&#xd;&#xa;" />

          <property name="java.vm.name" value="Java HotSpot(TM) 64-Bit Server VM" />

          <property name="env.PATHEXT" value=".COM;.EXE;.BAT;.CMD;.VBS;.VBE;.JS;.JSE;.WSF;.WSH;.MSC" />

          <property name="basedir" value="C:\Users\Sneha\SPW\spw_001" />

          <property name="ant.java.version" value="1.7" />

          <property name="ant.core.lib" value="C:\Apache ANT\ANT\apache-ant-1.8.2\lib\ant.jar" />

          <property name="env.USERNAME" value="Sneha" />

          <property name="env.SystemDrive" value="C:" />

          <property name="file.encoding" value="Cp1252" />

          <property name="env.USERDOMAIN" value="Sneha-PC" />

          <property name="java.specification.version" value="1.7" />

          <property name="env.=C:" value="C:\Users\Sneha\SPW\spw_001" />

          <property name="ant.project.invoked-targets" value="run" />

          <property name="env.PROCESSOR_LEVEL" value="16" />

      </properties>

      <testcase classname="sanity_ff.PermsOnForward_DraftsPage" name="NonSecureNoattachs" time="63.977">
          <error message="Unable to locate element: {&quot;method&quot;:&quot;id&quot;,&quot;selector&quot;:&quot;forward&quot;}; duration or timeout: 30.03 seconds&#xa;For documentation on this error, please visit: http://seleniumhq.org/exceptions/no_such_element.html&#xa;Build info: version: &apos;2.14.0&apos;, revision: &apos;14955&apos;, time: &apos;2011-11-29 11:43:45&apos;&#xa;System info: os.name: &apos;Windows 7&apos;, os.arch: &apos;amd64&apos;, os.version: &apos;6.1&apos;, java.version: &apos;1.7.0&apos;&#xa;Driver info: driver.version: RemoteWebDriver" type="org.openqa.selenium.NoSuchElementException">org.openqa.selenium.NoSuchElementException: Unable to locate element: {&quot;method&quot;:&quot;id&quot;,&quot;selector&quot;:&quot;forward&quot;}; duration or timeout: 30.03 seconds
For documentation on this error, please visit: http://seleniumhq.org/exceptions/no_such_element.html
Build info: version: &apos;2.14.0&apos;, revision: &apos;14955&apos;, time: &apos;2011-11-29 11:43:45&apos;
System info: os.name: &apos;Windows 7&apos;, os.arch: &apos;amd64&apos;, os.version: &apos;6.1&apos;, java.version: &apos;1.7.0&apos;
Driver info: driver.version: RemoteWebDriver
	at java.lang.reflect.Constructor.newInstance(Constructor.java:525)
	at org.openqa.selenium.remote.ErrorHandler.createThrowable(ErrorHandler.java:147)
	at org.openqa.selenium.remote.ErrorHandler.throwIfResponseFailed(ErrorHandler.java:113)
	at org.openqa.selenium.remote.RemoteWebDriver.execute(RemoteWebDriver.java:400)
	at org.openqa.selenium.remote.RemoteWebDriver.findElement(RemoteWebDriver.java:202)
	at org.openqa.selenium.remote.RemoteWebDriver.findElementById(RemoteWebDriver.java:219)
	at org.openqa.selenium.By$ById.findElement(By.java:216)
	at org.openqa.selenium.remote.RemoteWebDriver.findElement(RemoteWebDriver.java:194)
	at sanity_ff.PermsOnForward_DraftsPage.NonSecureNoattachs(PermsOnForward_DraftsPage.java:82)
Caused by: org.openqa.selenium.remote.ErrorHandler$UnknownServerException: Unable to locate element: {&quot;method&quot;:&quot;id&quot;,&quot;selector&quot;:&quot;forward&quot;}
Build info: version: &apos;2.14.0&apos;, revision: &apos;14955&apos;, time: &apos;2011-11-29 11:43:45&apos;
System info: os.name: &apos;Windows 7&apos;, os.arch: &apos;amd64&apos;, os.version: &apos;6.1&apos;, java.version: &apos;1.7.0&apos;
Driver info: driver.version: unknown
	at &lt;anonymous class&gt;.&lt;anonymous method&gt;(file:///C:/Users/Sneha/AppData/Local/Temp/anonymous3148548588678580068webdriver-profile/extensions/fxdriver@googlecode.com/components/driver-component.js -&gt; file:///C:/Users/Sneha/AppData/Local/Temp/anonymous3148548588678580068webdriver-profile/extensions/fxdriver@googlecode.com/components/firefoxDriver.js:389)
	at &lt;anonymous class&gt;.&lt;anonymous method&gt;(resource://fxdriver/modules/utils.js:9466)
</error>

      </testcase>

      <testcase classname="sanity_ff.PermsOnForward_DraftsPage" name="SecureNoattachs" time="183.599" />

      <testcase classname="sanity_ff.PermsOnForward_DraftsPage" name="NonSecureGreater25MB" time="71.84">
          <error message="Unable to locate element: {&quot;method&quot;:&quot;id&quot;,&quot;selector&quot;:&quot;forward&quot;}; duration or timeout: 30.05 seconds&#xa;For documentation on this error, please visit: http://seleniumhq.org/exceptions/no_such_element.html&#xa;Build info: version: &apos;2.14.0&apos;, revision: &apos;14955&apos;, time: &apos;2011-11-29 11:43:45&apos;&#xa;System info: os.name: &apos;Windows 7&apos;, os.arch: &apos;amd64&apos;, os.version: &apos;6.1&apos;, java.version: &apos;1.7.0&apos;&#xa;Driver info: driver.version: RemoteWebDriver" type="org.openqa.selenium.NoSuchElementException">org.openqa.selenium.NoSuchElementException: Unable to locate element: {&quot;method&quot;:&quot;id&quot;,&quot;selector&quot;:&quot;forward&quot;}; duration or timeout: 30.05 seconds
For documentation on this error, please visit: http://seleniumhq.org/exceptions/no_such_element.html
Build info: version: &apos;2.14.0&apos;, revision: &apos;14955&apos;, time: &apos;2011-11-29 11:43:45&apos;
System info: os.name: &apos;Windows 7&apos;, os.arch: &apos;amd64&apos;, os.version: &apos;6.1&apos;, java.version: &apos;1.7.0&apos;
Driver info: driver.version: RemoteWebDriver
	at java.lang.reflect.Constructor.newInstance(Constructor.java:525)
	at org.openqa.selenium.remote.ErrorHandler.createThrowable(ErrorHandler.java:147)
	at org.openqa.selenium.remote.ErrorHandler.throwIfResponseFailed(ErrorHandler.java:113)
	at org.openqa.selenium.remote.RemoteWebDriver.execute(RemoteWebDriver.java:400)
	at org.openqa.selenium.remote.RemoteWebDriver.findElement(RemoteWebDriver.java:202)
	at org.openqa.selenium.remote.RemoteWebDriver.findElementById(RemoteWebDriver.java:219)
	at org.openqa.selenium.By$ById.findElement(By.java:216)
	at org.openqa.selenium.remote.RemoteWebDriver.findElement(RemoteWebDriver.java:194)
	at sanity_ff.PermsOnForward_DraftsPage.NonSecureGreater25MB(PermsOnForward_DraftsPage.java:654)
Caused by: org.openqa.selenium.remote.ErrorHandler$UnknownServerException: Unable to locate element: {&quot;method&quot;:&quot;id&quot;,&quot;selector&quot;:&quot;forward&quot;}
Build info: version: &apos;2.14.0&apos;, revision: &apos;14955&apos;, time: &apos;2011-11-29 11:43:45&apos;
System info: os.name: &apos;Windows 7&apos;, os.arch: &apos;amd64&apos;, os.version: &apos;6.1&apos;, java.version: &apos;1.7.0&apos;
Driver info: driver.version: unknown
	at &lt;anonymous class&gt;.&lt;anonymous method&gt;(file:///C:/Users/Sneha/AppData/Local/Temp/anonymous1969971690150703719webdriver-profile/extensions/fxdriver@googlecode.com/components/driver-component.js -&gt; file:///C:/Users/Sneha/AppData/Local/Temp/anonymous1969971690150703719webdriver-profile/extensions/fxdriver@googlecode.com/components/firefoxDriver.js:389)
	at &lt;anonymous class&gt;.&lt;anonymous method&gt;(resource://fxdriver/modules/utils.js:9466)
</error>

      </testcase>

      <testcase classname="sanity_ff.PermsOnForward_DraftsPage" name="SecureLesser25MB" time="63.182">
          <error message="Unable to locate element: {&quot;method&quot;:&quot;id&quot;,&quot;selector&quot;:&quot;heading&quot;}; duration or timeout: 30.55 seconds&#xa;For documentation on this error, please visit: http://seleniumhq.org/exceptions/no_such_element.html&#xa;Build info: version: &apos;2.14.0&apos;, revision: &apos;14955&apos;, time: &apos;2011-11-29 11:43:45&apos;&#xa;System info: os.name: &apos;Windows 7&apos;, os.arch: &apos;amd64&apos;, os.version: &apos;6.1&apos;, java.version: &apos;1.7.0&apos;&#xa;Driver info: driver.version: RemoteWebDriver" type="org.openqa.selenium.NoSuchElementException">org.openqa.selenium.NoSuchElementException: Unable to locate element: {&quot;method&quot;:&quot;id&quot;,&quot;selector&quot;:&quot;heading&quot;}; duration or timeout: 30.55 seconds
For documentation on this error, please visit: http://seleniumhq.org/exceptions/no_such_element.html
Build info: version: &apos;2.14.0&apos;, revision: &apos;14955&apos;, time: &apos;2011-11-29 11:43:45&apos;
System info: os.name: &apos;Windows 7&apos;, os.arch: &apos;amd64&apos;, os.version: &apos;6.1&apos;, java.version: &apos;1.7.0&apos;
Driver info: driver.version: RemoteWebDriver
	at java.lang.reflect.Constructor.newInstance(Constructor.java:525)
	at org.openqa.selenium.remote.ErrorHandler.createThrowable(ErrorHandler.java:147)
	at org.openqa.selenium.remote.ErrorHandler.throwIfResponseFailed(ErrorHandler.java:113)
	at org.openqa.selenium.remote.RemoteWebDriver.execute(RemoteWebDriver.java:400)
	at org.openqa.selenium.remote.RemoteWebDriver.findElement(RemoteWebDriver.java:202)
	at org.openqa.selenium.remote.RemoteWebDriver.findElementById(RemoteWebDriver.java:219)
	at org.openqa.selenium.By$ById.findElement(By.java:216)
	at org.openqa.selenium.remote.RemoteWebDriver.findElement(RemoteWebDriver.java:194)
	at sanity_ff.PermsOnForward_DraftsPage.SecureLesser25MB(PermsOnForward_DraftsPage.java:902)
Caused by: org.openqa.selenium.remote.ErrorHandler$UnknownServerException: Unable to locate element: {&quot;method&quot;:&quot;id&quot;,&quot;selector&quot;:&quot;heading&quot;}
Build info: version: &apos;2.14.0&apos;, revision: &apos;14955&apos;, time: &apos;2011-11-29 11:43:45&apos;
System info: os.name: &apos;Windows 7&apos;, os.arch: &apos;amd64&apos;, os.version: &apos;6.1&apos;, java.version: &apos;1.7.0&apos;
Driver info: driver.version: unknown
	at &lt;anonymous class&gt;.&lt;anonymous method&gt;(file:///C:/Users/Sneha/AppData/Local/Temp/anonymous2726405627719995995webdriver-profile/extensions/fxdriver@googlecode.com/components/driver-component.js -&gt; file:///C:/Users/Sneha/AppData/Local/Temp/anonymous2726405627719995995webdriver-profile/extensions/fxdriver@googlecode.com/components/firefoxDriver.js:389)
	at &lt;anonymous class&gt;.&lt;anonymous method&gt;(resource://fxdriver/modules/utils.js:9466)
</error>

      </testcase>

      <testcase classname="sanity_ff.PermsOnForward_DraftsPage" name="NonSecureLesser25MB" time="63.775">
          <error message="Unable to locate element: {&quot;method&quot;:&quot;id&quot;,&quot;selector&quot;:&quot;forward&quot;}; duration or timeout: 30.03 seconds&#xa;For documentation on this error, please visit: http://seleniumhq.org/exceptions/no_such_element.html&#xa;Build info: version: &apos;2.14.0&apos;, revision: &apos;14955&apos;, time: &apos;2011-11-29 11:43:45&apos;&#xa;System info: os.name: &apos;Windows 7&apos;, os.arch: &apos;amd64&apos;, os.version: &apos;6.1&apos;, java.version: &apos;1.7.0&apos;&#xa;Driver info: driver.version: RemoteWebDriver" type="org.openqa.selenium.NoSuchElementException">org.openqa.selenium.NoSuchElementException: Unable to locate element: {&quot;method&quot;:&quot;id&quot;,&quot;selector&quot;:&quot;forward&quot;}; duration or timeout: 30.03 seconds
For documentation on this error, please visit: http://seleniumhq.org/exceptions/no_such_element.html
Build info: version: &apos;2.14.0&apos;, revision: &apos;14955&apos;, time: &apos;2011-11-29 11:43:45&apos;
System info: os.name: &apos;Windows 7&apos;, os.arch: &apos;amd64&apos;, os.version: &apos;6.1&apos;, java.version: &apos;1.7.0&apos;
Driver info: driver.version: RemoteWebDriver
	at java.lang.reflect.Constructor.newInstance(Constructor.java:525)
	at org.openqa.selenium.remote.ErrorHandler.createThrowable(ErrorHandler.java:147)
	at org.openqa.selenium.remote.ErrorHandler.throwIfResponseFailed(ErrorHandler.java:113)
	at org.openqa.selenium.remote.RemoteWebDriver.execute(RemoteWebDriver.java:400)
	at org.openqa.selenium.remote.RemoteWebDriver.findElement(RemoteWebDriver.java:202)
	at org.openqa.selenium.remote.RemoteWebDriver.findElementById(RemoteWebDriver.java:219)
	at org.openqa.selenium.By$ById.findElement(By.java:216)
	at org.openqa.selenium.remote.RemoteWebDriver.findElement(RemoteWebDriver.java:194)
	at sanity_ff.PermsOnForward_DraftsPage.NonSecureLesser25MB(PermsOnForward_DraftsPage.java:1173)
Caused by: org.openqa.selenium.remote.ErrorHandler$UnknownServerException: Unable to locate element: {&quot;method&quot;:&quot;id&quot;,&quot;selector&quot;:&quot;forward&quot;}
Build info: version: &apos;2.14.0&apos;, revision: &apos;14955&apos;, time: &apos;2011-11-29 11:43:45&apos;
System info: os.name: &apos;Windows 7&apos;, os.arch: &apos;amd64&apos;, os.version: &apos;6.1&apos;, java.version: &apos;1.7.0&apos;
Driver info: driver.version: unknown
	at &lt;anonymous class&gt;.&lt;anonymous method&gt;(file:///C:/Users/Sneha/AppData/Local/Temp/anonymous5496014246149658389webdriver-profile/extensions/fxdriver@googlecode.com/components/driver-component.js -&gt; file:///C:/Users/Sneha/AppData/Local/Temp/anonymous5496014246149658389webdriver-profile/extensions/fxdriver@googlecode.com/components/firefoxDriver.js:389)
	at &lt;anonymous class&gt;.&lt;anonymous method&gt;(resource://fxdriver/modules/utils.js:9466)
</error>

      </testcase>

      <testcase classname="sanity_ff.PermsOnForward_DraftsPage" name="SecureGreater25MB" time="72.464">
          <error message="Unable to locate element: {&quot;method&quot;:&quot;id&quot;,&quot;selector&quot;:&quot;heading&quot;}; duration or timeout: 30.39 seconds&#xa;For documentation on this error, please visit: http://seleniumhq.org/exceptions/no_such_element.html&#xa;Build info: version: &apos;2.14.0&apos;, revision: &apos;14955&apos;, time: &apos;2011-11-29 11:43:45&apos;&#xa;System info: os.name: &apos;Windows 7&apos;, os.arch: &apos;amd64&apos;, os.version: &apos;6.1&apos;, java.version: &apos;1.7.0&apos;&#xa;Driver info: driver.version: RemoteWebDriver" type="org.openqa.selenium.NoSuchElementException">org.openqa.selenium.NoSuchElementException: Unable to locate element: {&quot;method&quot;:&quot;id&quot;,&quot;selector&quot;:&quot;heading&quot;}; duration or timeout: 30.39 seconds
For documentation on this error, please visit: http://seleniumhq.org/exceptions/no_such_element.html
Build info: version: &apos;2.14.0&apos;, revision: &apos;14955&apos;, time: &apos;2011-11-29 11:43:45&apos;
System info: os.name: &apos;Windows 7&apos;, os.arch: &apos;amd64&apos;, os.version: &apos;6.1&apos;, java.version: &apos;1.7.0&apos;
Driver info: driver.version: RemoteWebDriver
	at java.lang.reflect.Constructor.newInstance(Constructor.java:525)
	at org.openqa.selenium.remote.ErrorHandler.createThrowable(ErrorHandler.java:147)
	at org.openqa.selenium.remote.ErrorHandler.throwIfResponseFailed(ErrorHandler.java:113)
	at org.openqa.selenium.remote.RemoteWebDriver.execute(RemoteWebDriver.java:400)
	at org.openqa.selenium.remote.RemoteWebDriver.findElement(RemoteWebDriver.java:202)
	at org.openqa.selenium.remote.RemoteWebDriver.findElementById(RemoteWebDriver.java:219)
	at org.openqa.selenium.By$ById.findElement(By.java:216)
	at org.openqa.selenium.remote.RemoteWebDriver.findElement(RemoteWebDriver.java:194)
	at sanity_ff.PermsOnForward_DraftsPage.SecureGreater25MB(PermsOnForward_DraftsPage.java:1424)
Caused by: org.openqa.selenium.remote.ErrorHandler$UnknownServerException: Unable to locate element: {&quot;method&quot;:&quot;id&quot;,&quot;selector&quot;:&quot;heading&quot;}
Build info: version: &apos;2.14.0&apos;, revision: &apos;14955&apos;, time: &apos;2011-11-29 11:43:45&apos;
System info: os.name: &apos;Windows 7&apos;, os.arch: &apos;amd64&apos;, os.version: &apos;6.1&apos;, java.version: &apos;1.7.0&apos;
Driver info: driver.version: unknown
	at &lt;anonymous class&gt;.&lt;anonymous method&gt;(file:///C:/Users/Sneha/AppData/Local/Temp/anonymous7973636939151972800webdriver-profile/extensions/fxdriver@googlecode.com/components/driver-component.js -&gt; file:///C:/Users/Sneha/AppData/Local/Temp/anonymous7973636939151972800webdriver-profile/extensions/fxdriver@googlecode.com/components/firefoxDriver.js:389)
	at &lt;anonymous class&gt;.&lt;anonymous method&gt;(resource://fxdriver/modules/utils.js:9466)
</error>

      </testcase>

      <system-out><![CDATA[Testing user with LFT perms only
First: The page title is Inbox
SUCCESS:Mail successfully sent !
Navigating to base URL
The count for tbody is 1
The count for tr is 26
The count for td is 5
i was here!

i was here!

i was here!

i was here!

i was here!

The count for td is 5
i was here!

i was here!
sneha.qa.24@gmail.com
i was here!
TC--127
i was here!
1 - 47.2 MB
i was here!
11:29am today
The count for td is 5
i was here!

i was here!
snehamtd002@yahoo.com
i was here!
TC--126
i was here!
1 - 47.2 MB
i was here!
11:28am today
The count for td is 5
i was here!

i was here!
sneha.qa.24@gmail.com
i was here!
TC--119
i was here!
1 - 267.3 KB
i was here!
11:23am today
The count for td is 5
i was here!

i was here!
snehamtd002@yahoo.com
i was here!
TC--118
i was here!
1 - 267.3 KB
i was here!
11:22am today
The count for td is 5
i was here!

i was here!
sneha.qa.24@gmail.com
i was here!
Re: TC--87
i was here!
0 - 0 bytes
i was here!
10:32am today
The count for td is 5
i was here!

i was here!
snehamtd002@yahoo.com
i was here!
Re: TC--86
i was here!
0 - 0 bytes
i was here!
10:32am today
The count for td is 5
i was here!

i was here!
sneha.qa.24@gmail.com
i was here!
TC--85
i was here!
0 - 0 bytes
i was here!
10:31am today
The count for td is 5
i was here!

i was here!
sneha.qa.24@gmail.com
i was here!
Re: TC--79
i was here!
1 - 47.2 MB
i was here!
10:30am today
The count for td is 5
i was here!

i was here!
snehamtd002@yahoo.com
i was here!
Re: TC--78
i was here!
1 - 47.2 MB
i was here!
10:29am today
The count for td is 5
i was here!

i was here!
sneha.qa.24@gmail.com
i was here!
TC--77
i was here!
0 - 0 bytes
i was here!
10:28am today
The count for td is 5
i was here!

i was here!
sneha.qa.24@gmail.com
i was here!
Re: TC--71
i was here!
1 - 267.3 KB
i was here!
10:26am today
The count for td is 5
i was here!

i was here!
snehamtd002@yahoo.com
i was here!
Re: TC--70
i was here!
1 - 267.3 KB
i was here!
10:26am today
The count for td is 5
i was here!

i was here!
sneha.qa.24@gmail.com
i was here!
TC--69
i was here!
0 - 0 bytes
i was here!
10:24am today
The count for td is 5
i was here!

i was here!
sneha.qa.24@gmail.com
i was here!
Re: TC--63
i was here!
0 - 0 bytes
i was here!
10:23am today
The count for td is 5
i was here!

i was here!
snehamtd002@yahoo.com
i was here!
Re: TC--62
i was here!
0 - 0 bytes
i was here!
10:22am today
The count for td is 5
i was here!

i was here!
sneha.qa.24@gmail.com
i was here!
TC--61
i was here!
0 - 0 bytes
i was here!
10:21am today
The count for td is 5
i was here!

i was here!
sneha.qa.24@gmail.com
i was here!
TC--53
i was here!
1 - 47.2 MB
i was here!
10:19am today
The count for td is 5
i was here!

i was here!
sneha.qa.24@gmail.com
i was here!
TC--45
i was here!
1 - 267.3 KB
i was here!
10:17am today
The count for td is 5
i was here!

i was here!
sneha.qa.24@gmail.com
i was here!
Fwd: TC--39
i was here!
0 - 0 bytes
i was here!
10:15am today
The count for td is 5
i was here!

i was here!
snehamtd002@yahoo.com
i was here!
Fwd: TC--38
i was here!
0 - 0 bytes
i was here!
10:14am today
The count for td is 5
i was here!

i was here!
sneha.qa.24@gmail.com
i was here!
TC--37
i was here!
0 - 0 bytes
i was here!
10:14am today
The count for td is 5
i was here!

i was here!
sneha.qa.24@gmail.com
i was here!
TC--18
i was here!
1 - 47.2 MB
i was here!
10:12am today
The count for td is 5
i was here!

i was here!
snehamtd002@yahoo.com
i was here!
TC--19
i was here!
1 - 47.2 MB
i was here!
10:11am today
The count for td is 5
i was here!

i was here!
sneha.qa.24@gmail.com
i was here!
TC--10
i was here!
1 - 267.3 KB
i was here!
10:08am today
The count for td is 5
i was here!

i was here!
snehamtd002@yahoo.com
i was here!
TC--11
i was here!
1 - 267.3 KB
i was here!
10:08am today
Testing user with LFT perms only
First: The page title is Inbox
SUCCESS:Mail successfully sent !
Navigating to base URL
The count for tbody is 1
The count for tr is 26
The count for td is 5
i was here!

i was here!

i was here!

i was here!

i was here!

The count for td is 5
i was here!

i was here!
sneha.qa.24@gmail.com
i was here!
TC--133
muunni.24@gmail.com
This email is considered a secure email.  Since you do not have a secure email license, your recipients are required to.  
PASS for muunni.24@gmail.com
Removed user muunni.24@gmail.com from recipient list
snehamtd002@yahoo.com
PASS for snehamtd002@yahoo.com
sneha.qa.24@gmail.com
PASS for sneha.qa.24@gmail.com
snehamtd001@gmail.com
This email is considered a secure email.  Since you do not have a secure email license, your recipients are required to.  
PASS for snehamtd001@gmail.com
Removed user snehamtd001@gmail.com from recipient list
The count for tbody is 1
The count for tr is 2
The count for td is 5
i was here!

i was here!

i was here!

i was here!

i was here!

The count for td is 5
i was here!

i was here!
sneha.qa.24@gmail.com; snehamtd002@yahoo.com
i was here!
Fwd: TC--133
muunni.24@gmail.com
This email is considered a secure email.  Since you do not have a secure email license, your recipients are required to.  
PASS for muunni.24@gmail.com
Removed user muunni.24@gmail.com from recipient list
snehamtd002@yahoo.com
PASS for snehamtd002@yahoo.com
sneha.qa.24@gmail.com
PASS for sneha.qa.24@gmail.com
snehamtd001@gmail.com
This email is considered a secure email.  Since you do not have a secure email license, your recipients are required to.  
PASS for snehamtd001@gmail.com
Removed user snehamtd001@gmail.com from recipient list
PASS:Mail successfully sent.
Testing user with SECURE perms only
First: The page title is Inbox
SUCCESS:Mail successfully sent !
Navigating to base URL
The count for tbody is 1
The count for tr is 26
The count for td is 5
i was here!

i was here!

i was here!

i was here!

i was here!

The count for td is 5
i was here!

i was here!
sneha.qa.24@gmail.com
i was here!
TC--134
muunni.24@gmail.com
PASS for muunni.24@gmail.com
snehamtd002@yahoo.com
PASS for snehamtd002@yahoo.com
sneha.qa.24@gmail.com
PASS for sneha.qa.24@gmail.com
snehamtd001@gmail.com
PASS for snehamtd001@gmail.com
The count for tbody is 1
The count for tr is 2
The count for td is 5
i was here!

i was here!

i was here!

i was here!

i was here!

The count for td is 5
i was here!

i was here!
muunni.24@gmail.com; sneha.qa.24@gmail.com; snehamtd001@gmail.com; snehamtd002@yahoo.com
i was here!
Fwd: TC--134
muunni.24@gmail.com
PASS for muunni.24@gmail.com
snehamtd002@yahoo.com
PASS for snehamtd002@yahoo.com
sneha.qa.24@gmail.com
PASS for sneha.qa.24@gmail.com
snehamtd001@gmail.com
PASS for snehamtd001@gmail.com
PASS:Mail successfully sent.
Testing user with ALL perms
First: The page title is Inbox
SUCCESS:Mail successfully sent !
Navigating to base URL
The count for tbody is 1
The count for tr is 26
The count for td is 5
i was here!

i was here!

i was here!

i was here!

i was here!

The count for td is 5
i was here!

i was here!
sneha.qa.24@gmail.com
i was here!
TC--135
muunni.24@gmail.com
PASS for muunni.24@gmail.com
snehamtd002@yahoo.com
PASS for snehamtd002@yahoo.com
sneha.qa.24@gmail.com
PASS for sneha.qa.24@gmail.com
snehamtd001@gmail.com
PASS for snehamtd001@gmail.com
The count for tbody is 1
The count for tr is 9
The count for td is 5
i was here!

i was here!

i was here!

i was here!

i was here!

The count for td is 5
i was here!

i was here!
muunni.24@gmail.com; sneha.qa.24@gmail.com; snehamtd001@gmail.com; snehamtd002@yahoo.com
i was here!
Fwd: TC--135
muunni.24@gmail.com
PASS for muunni.24@gmail.com
snehamtd002@yahoo.com
PASS for snehamtd002@yahoo.com
sneha.qa.24@gmail.com
PASS for sneha.qa.24@gmail.com
snehamtd001@gmail.com
PASS for snehamtd001@gmail.com
PASS:Mail successfully sent.
Testing user with NO perms
First: The page title is Inbox
SUCCESS:Mail successfully sent !
Navigating to base URL
The count for tbody is 1
The count for tr is 26
The count for td is 5
i was here!

i was here!

i was here!

i was here!

i was here!

The count for td is 5
i was here!

i was here!
sneha.qa.24@gmail.com
i was here!
TC--136
muunni.24@gmail.com
This email is considered a secure email.  Since you do not have a secure email license, your recipients are required to.  
PASS for muunni.24@gmail.com
Removed user muunni.24@gmail.com from recipient list
snehamtd002@yahoo.com
PASS for snehamtd002@yahoo.com
sneha.qa.24@gmail.com
PASS for sneha.qa.24@gmail.com
snehamtd001@gmail.com
This email is considered a secure email.  Since you do not have a secure email license, your recipients are required to.  
PASS for snehamtd001@gmail.com
Removed user snehamtd001@gmail.com from recipient list
The count for tbody is 1
The count for tr is 2
The count for td is 5
i was here!

i was here!

i was here!

i was here!

i was here!

The count for td is 5
i was here!

i was here!
sneha.qa.24@gmail.com; snehamtd002@yahoo.com
i was here!
Fwd: TC--136
muunni.24@gmail.com
This email is considered a secure email.  Since you do not have a secure email license, your recipients are required to.  
PASS for muunni.24@gmail.com
Removed user muunni.24@gmail.com from recipient list
snehamtd002@yahoo.com
PASS for snehamtd002@yahoo.com
sneha.qa.24@gmail.com
PASS for sneha.qa.24@gmail.com
snehamtd001@gmail.com
This email is considered a secure email.  Since you do not have a secure email license, your recipients are required to.  
PASS for snehamtd001@gmail.com
Removed user snehamtd001@gmail.com from recipient list
PASS:Mail successfully sent.
Testing user with LFT perms only
First: The page title is Inbox
SUCCESS:Mail successfully sent !
Navigating to base URL
The count for tbody is 1
The count for tr is 26
The count for td is 5
i was here!

i was here!

i was here!

i was here!

i was here!

The count for td is 5
i was here!

i was here!
sneha.qa.24@gmail.com
i was here!
Fwd: TC--135
i was here!
0 - 0 bytes
i was here!
11:33am today
The count for td is 5
i was here!

i was here!
snehamtd002@yahoo.com
i was here!
Fwd: TC--134
i was here!
0 - 0 bytes
i was here!
11:32am today
The count for td is 5
i was here!

i was here!
sneha.qa.24@gmail.com
i was here!
TC--133
i was here!
0 - 0 bytes
i was here!
11:31am today
The count for td is 5
i was here!

i was here!
sneha.qa.24@gmail.com
i was here!
TC--127
i was here!
1 - 47.2 MB
i was here!
11:29am today
The count for td is 5
i was here!

i was here!
snehamtd002@yahoo.com
i was here!
TC--126
i was here!
1 - 47.2 MB
i was here!
11:28am today
The count for td is 5
i was here!

i was here!
sneha.qa.24@gmail.com
i was here!
TC--119
i was here!
1 - 267.3 KB
i was here!
11:23am today
The count for td is 5
i was here!

i was here!
snehamtd002@yahoo.com
i was here!
TC--118
i was here!
1 - 267.3 KB
i was here!
11:22am today
The count for td is 5
i was here!

i was here!
sneha.qa.24@gmail.com
i was here!
Re: TC--87
i was here!
0 - 0 bytes
i was here!
10:32am today
The count for td is 5
i was here!

i was here!
snehamtd002@yahoo.com
i was here!
Re: TC--86
i was here!
0 - 0 bytes
i was here!
10:32am today
The count for td is 5
i was here!

i was here!
sneha.qa.24@gmail.com
i was here!
TC--85
i was here!
0 - 0 bytes
i was here!
10:31am today
The count for td is 5
i was here!

i was here!
sneha.qa.24@gmail.com
i was here!
Re: TC--79
i was here!
1 - 47.2 MB
i was here!
10:30am today
The count for td is 5
i was here!

i was here!
snehamtd002@yahoo.com
i was here!
Re: TC--78
i was here!
1 - 47.2 MB
i was here!
10:29am today
The count for td is 5
i was here!

i was here!
sneha.qa.24@gmail.com
i was here!
TC--77
i was here!
0 - 0 bytes
i was here!
10:28am today
The count for td is 5
i was here!

i was here!
sneha.qa.24@gmail.com
i was here!
Re: TC--71
i was here!
1 - 267.3 KB
i was here!
10:26am today
The count for td is 5
i was here!

i was here!
snehamtd002@yahoo.com
i was here!
Re: TC--70
i was here!
1 - 267.3 KB
i was here!
10:26am today
The count for td is 5
i was here!

i was here!
sneha.qa.24@gmail.com
i was here!
TC--69
i was here!
0 - 0 bytes
i was here!
10:24am today
The count for td is 5
i was here!

i was here!
sneha.qa.24@gmail.com
i was here!
Re: TC--63
i was here!
0 - 0 bytes
i was here!
10:23am today
The count for td is 5
i was here!

i was here!
snehamtd002@yahoo.com
i was here!
Re: TC--62
i was here!
0 - 0 bytes
i was here!
10:22am today
The count for td is 5
i was here!

i was here!
sneha.qa.24@gmail.com
i was here!
TC--61
i was here!
0 - 0 bytes
i was here!
10:21am today
The count for td is 5
i was here!

i was here!
sneha.qa.24@gmail.com
i was here!
TC--53
i was here!
1 - 47.2 MB
i was here!
10:19am today
The count for td is 5
i was here!

i was here!
sneha.qa.24@gmail.com
i was here!
TC--45
i was here!
1 - 267.3 KB
i was here!
10:17am today
The count for td is 5
i was here!

i was here!
sneha.qa.24@gmail.com
i was here!
Fwd: TC--39
i was here!
0 - 0 bytes
i was here!
10:15am today
The count for td is 5
i was here!

i was here!
snehamtd002@yahoo.com
i was here!
Fwd: TC--38
i was here!
0 - 0 bytes
i was here!
10:14am today
The count for td is 5
i was here!

i was here!
sneha.qa.24@gmail.com
i was here!
TC--37
i was here!
0 - 0 bytes
i was here!
10:14am today
The count for td is 5
i was here!

i was here!
sneha.qa.24@gmail.com
i was here!
TC--18
i was here!
1 - 47.2 MB
i was here!
10:12am today
Testing user with LFT perms only
First: The page title is Inbox
SUCCESS:Mail successfully sent !
Navigating to base URL
The count for tbody is 1
The count for tr is 26
The count for td is 5
i was here!

i was here!

i was here!

i was here!

i was here!

The count for td is 5
i was here!

i was here!
sneha.qa.24@gmail.com
i was here!
TC--141
Testing user with LFT perms only
First: The page title is Inbox
SUCCESS:Mail successfully sent !
Navigating to base URL
The count for tbody is 1
The count for tr is 26
The count for td is 5
i was here!

i was here!

i was here!

i was here!

i was here!

The count for td is 5
i was here!

i was here!
sneha.qa.24@gmail.com
i was here!
TC--141
i was here!
1 - 267.3 KB
i was here!
11:35am today
The count for td is 5
i was here!

i was here!
sneha.qa.24@gmail.com
i was here!
Fwd: TC--135
i was here!
0 - 0 bytes
i was here!
11:33am today
The count for td is 5
i was here!

i was here!
snehamtd002@yahoo.com
i was here!
Fwd: TC--134
i was here!
0 - 0 bytes
i was here!
11:32am today
The count for td is 5
i was here!

i was here!
sneha.qa.24@gmail.com
i was here!
TC--133
i was here!
0 - 0 bytes
i was here!
11:31am today
The count for td is 5
i was here!

i was here!
sneha.qa.24@gmail.com
i was here!
TC--127
i was here!
1 - 47.2 MB
i was here!
11:29am today
The count for td is 5
i was here!

i was here!
snehamtd002@yahoo.com
i was here!
TC--126
i was here!
1 - 47.2 MB
i was here!
11:28am today
The count for td is 5
i was here!

i was here!
sneha.qa.24@gmail.com
i was here!
TC--119
i was here!
1 - 267.3 KB
i was here!
11:23am today
The count for td is 5
i was here!

i was here!
snehamtd002@yahoo.com
i was here!
TC--118
i was here!
1 - 267.3 KB
i was here!
11:22am today
The count for td is 5
i was here!

i was here!
sneha.qa.24@gmail.com
i was here!
Re: TC--87
i was here!
0 - 0 bytes
i was here!
10:32am today
The count for td is 5
i was here!

i was here!
snehamtd002@yahoo.com
i was here!
Re: TC--86
i was here!
0 - 0 bytes
i was here!
10:32am today
The count for td is 5
i was here!

i was here!
sneha.qa.24@gmail.com
i was here!
TC--85
i was here!
0 - 0 bytes
i was here!
10:31am today
The count for td is 5
i was here!

i was here!
sneha.qa.24@gmail.com
i was here!
Re: TC--79
i was here!
1 - 47.2 MB
i was here!
10:30am today
The count for td is 5
i was here!

i was here!
snehamtd002@yahoo.com
i was here!
Re: TC--78
i was here!
1 - 47.2 MB
i was here!
10:29am today
The count for td is 5
i was here!

i was here!
sneha.qa.24@gmail.com
i was here!
TC--77
i was here!
0 - 0 bytes
i was here!
10:28am today
The count for td is 5
i was here!

i was here!
sneha.qa.24@gmail.com
i was here!
Re: TC--71
i was here!
1 - 267.3 KB
i was here!
10:26am today
The count for td is 5
i was here!

i was here!
snehamtd002@yahoo.com
i was here!
Re: TC--70
i was here!
1 - 267.3 KB
i was here!
10:26am today
The count for td is 5
i was here!

i was here!
sneha.qa.24@gmail.com
i was here!
TC--69
i was here!
0 - 0 bytes
i was here!
10:24am today
The count for td is 5
i was here!

i was here!
sneha.qa.24@gmail.com
i was here!
Re: TC--63
i was here!
0 - 0 bytes
i was here!
10:23am today
The count for td is 5
i was here!

i was here!
snehamtd002@yahoo.com
i was here!
Re: TC--62
i was here!
0 - 0 bytes
i was here!
10:22am today
The count for td is 5
i was here!

i was here!
sneha.qa.24@gmail.com
i was here!
TC--61
i was here!
0 - 0 bytes
i was here!
10:21am today
The count for td is 5
i was here!

i was here!
sneha.qa.24@gmail.com
i was here!
TC--53
i was here!
1 - 47.2 MB
i was here!
10:19am today
The count for td is 5
i was here!

i was here!
sneha.qa.24@gmail.com
i was here!
TC--45
i was here!
1 - 267.3 KB
i was here!
10:17am today
The count for td is 5
i was here!

i was here!
sneha.qa.24@gmail.com
i was here!
Fwd: TC--39
i was here!
0 - 0 bytes
i was here!
10:15am today
The count for td is 5
i was here!

i was here!
snehamtd002@yahoo.com
i was here!
Fwd: TC--38
i was here!
0 - 0 bytes
i was here!
10:14am today
The count for td is 5
i was here!

i was here!
sneha.qa.24@gmail.com
i was here!
TC--37
i was here!
0 - 0 bytes
i was here!
10:14am today
Testing user with LFT perms only
First: The page title is Inbox
SUCCESS:Mail successfully sent !
Navigating to base URL
The count for tbody is 1
The count for tr is 26
The count for td is 5
i was here!

i was here!

i was here!

i was here!

i was here!

The count for td is 5
i was here!

i was here!
sneha.qa.24@gmail.com
i was here!
TC--149
]]></system-out>

      <system-err><![CDATA[]]></system-err>

  </testsuite>
  <testsuite errors="3" failures="0" hostname="Sneha-PC" id="2" name="PermsOnReplyToAll_DraftsPage" package="sanity_ff" tests="6" time="834.27" timestamp="2011-12-20T17:38:32">
      <properties>
          <property name="java.vendor" value="Oracle Corporation" />

          <property name="test.jars" value="C:/Sparkweave-Selenium/JAR" />

          <property name="sun.java.launcher" value="SUN_STANDARD" />

          <property name="sun.management.compiler" value="HotSpot 64-Bit Tiered Compilers" />

          <property name="env.PROMPT" value="$P$G" />

          <property name="os.name" value="Windows 7" />

          <property name="env.FP_NO_HOST_CHECK" value="NO" />

          <property name="sun.boot.class.path" value="C:\Java\jdk1.7.0\jre\lib\resources.jar;C:\Java\jdk1.7.0\jre\lib\rt.jar;C:\Java\jdk1.7.0\jre\lib\sunrsasign.jar;C:\Java\jdk1.7.0\jre\lib\jsse.jar;C:\Java\jdk1.7.0\jre\lib\jce.jar;C:\Java\jdk1.7.0\jre\lib\charsets.jar;C:\Java\jdk1.7.0\jre\classes" />

          <property name="env.COMPUTERNAME" value="SNEHA-PC" />

          <property name="env.CommonProgramW6432" value="C:\Program Files\Common Files" />

          <property name="env.ALLUSERSPROFILE" value="C:\ProgramData" />

          <property name="sun.desktop" value="windows" />

          <property name="java.vm.specification.vendor" value="Oracle Corporation" />

          <property name="ant.home" value="C:\Apache ANT\ANT\apache-ant-1.8.2" />

          <property name="java.runtime.version" value="1.7.0-b147" />

          <property name="env.HOMEPATH" value="\Users\Sneha" />

          <property name="user.name" value="Sneha" />

          <property name="env.PATH" value="C:\Safari\Safari.exe;C:\Program Files (x86)\Microsoft Silverlight\4.0.60531.0;C:\Java\jdk1.7.0\bin;C:\Vim\vim73\gvim.exe;C:\Sparkweave-Selenium\ANT\apache-ant-1.8.2\bin" />

          <property name="user.language" value="en" />

          <property name="env.windows_tracing_flags" value="3" />

          <property name="sun.boot.library.path" value="C:\Java\jdk1.7.0\jre\bin" />

          <property name="ant.project.default-target" value="usage" />

          <property name="ant.project.name" value="myJUnitTests" />

          <property name="java.version" value="1.7.0" />

          <property name="env.PROCESSOR_IDENTIFIER" value="AMD64 Family 16 Model 10 Stepping 0, AuthenticAMD" />

          <property name="user.timezone" value="" />

          <property name="env.TEMP" value="C:\Users\Sneha\AppData\Local\Temp" />

          <property name="sun.arch.data.model" value="64" />

          <property name="env.AntTest" value="C:\Sparkweave-Selenium\ANT\apache-ant-1.8.2" />

          <property name="java.endorsed.dirs" value="C:\Java\jdk1.7.0\jre\lib\endorsed" />

          <property name="env._JAVACMD" value="java.exe" />

          <property name="sun.cpu.isalist" value="amd64" />

          <property name="env.HOMEDRIVE" value="C:" />

          <property name="sun.jnu.encoding" value="Cp1252" />

          <property name="file.encoding.pkg" value="sun.io" />

          <property name="file.separator" value="\" />

          <property name="java.specification.name" value="Java Platform API Specification" />

          <property name="java.class.version" value="51.0" />

          <property name="env.JAVA HOME" value="C:\Java\jdk1.7.0\bin" />

          <property name="user.country" value="US" />

          <property name="java.home" value="C:\Java\jdk1.7.0\jre" />

          <property name="env.PSModulePath" value="C:\Windows\system32\WindowsPowerShell\v1.0\Modules\" />

          <property name="env.APPDATA" value="C:\Users\Sneha\AppData\Roaming" />

          <property name="env.PUBLIC" value="C:\Users\Public" />

          <property name="env.windows_tracing_logfile" value="C:\BVTBin\Tests\installpackage\csilogfile.log" />

          <property name="java.vm.info" value="mixed mode" />

          <property name="env.ComSpec" value="C:\Windows\system32\cmd.exe" />

          <property name="env.OS" value="Windows_NT" />

          <property name="env.CommonProgramFiles" value="C:\Program Files\Common Files" />

          <property name="ant.file" value="C:\Users\Sneha\SPW\spw_001\build.xml" />

          <property name="os.version" value="6.1" />

          <property name="test.home" value="C:\Users\Sneha\SPW\spw_001" />

          <property name="env.ProgramW6432" value="C:\Program Files" />

          <property name="env._USE_CLASSPATH" value="no" />

          <property name="path.separator" value=";" />

          <property name="java.vm.version" value="21.0-b17" />

          <property name="user.variant" value="" />

          <property name="env.USERPROFILE" value="C:\Users\Sneha" />

          <property name="ant.library.dir" value="C:\Apache ANT\ANT\apache-ant-1.8.2\lib" />

          <property name="java.awt.printerjob" value="sun.awt.windows.WPrinterJob" />

          <property name="env.TMP" value="C:\Users\Sneha\AppData\Local\Temp" />

          <property name="sun.io.unicode.encoding" value="UnicodeLittle" />

          <property name="awt.toolkit" value="sun.awt.windows.WToolkit" />

          <property name="user.script" value="" />

          <property name="ant.reports" value="C:\Users\Sneha\SPW\spw_001/ant_result" />

          <property name="user.home" value="C:\Users\Sneha" />

          <property name="test.dest" value="C:\Users\Sneha\SPW\spw_001/ant_build" />

          <property name="env.ProgramData" value="C:\ProgramData" />

          <property name="env.ProgramFiles(x86)" value="C:\Program Files (x86)" />

          <property name="java.specification.vendor" value="Oracle Corporation" />

          <property name="java.vendor.url" value="http://java.oracle.com/" />

          <property name="java.library.path" value="C:\Java\jdk1.7.0\jre\bin;C:\Windows\Sun\Java\bin;C:\Windows\system32;C:\Windows;C:\Safari\Safari.exe;C:\Program Files (x86)\Microsoft Silverlight\4.0.60531.0;C:\Java\jdk1.7.0\bin;C:\Vim\vim73\gvim.exe;C:\Sparkweave-Selenium\ANT\apache-ant-1.8.2\bin;." />

          <property name="env.NUMBER_OF_PROCESSORS" value="6" />

          <property name="ant.file.type.myJUnitTests" value="file" />

          <property name="java.vm.vendor" value="Oracle Corporation" />

          <property name="java.runtime.name" value="Java(TM) SE Runtime Environment" />

          <property name="ant.version" value="Apache Ant(TM) version 1.8.2 compiled on December 20 2010" />

          <property name="sun.java.command" value="org.apache.tools.ant.taskdefs.optional.junit.JUnitTestRunner sanity_ff.PermsOnReplyToAll_DraftsPage filtertrace=true haltOnError=false haltOnFailure=false formatter=org.apache.tools.ant.taskdefs.optional.junit.SummaryJUnitResultFormatter showoutput=false outputtoformatters=true logfailedtests=true logtestlistenerevents=false formatter=org.apache.tools.ant.taskdefs.optional.junit.XMLJUnitResultFormatter,C:\Users\Sneha\SPW\spw_001\ant_result\TEST-sanity_ff.PermsOnReplyToAll_DraftsPage.xml crashfile=C:\Users\Sneha\SPW\spw_001\junitvmwatcher2626696361283548129.properties propsfile=C:\Users\Sneha\SPW\spw_001\junit1735079372399179973.properties" />

          <property name="java.class.path" value="C:\Users\Sneha\SPW\spw_001\ant_build;C:\Sparkweave-Selenium\JAR\Silverlight-Selenium.jar;C:\Sparkweave-Selenium\JAR\junit-4.8.1.jar;C:\Sparkweave-Selenium\JAR\poi-3.7-20101029.jar;C:\Sparkweave-Selenium\JAR\selenium-ie-driver-2.0b3.jar;C:\Sparkweave-Selenium\JAR\selenium-java-2.14.0-srcs.jar;C:\Sparkweave-Selenium\JAR\selenium-java-2.14.0.jar;C:\Sparkweave-Selenium\JAR\selenium-server-standalone-2.14.0.jar;C:\Sparkweave-Selenium\JAR\selenium-server-standalone-2.7.0.jar;C:\Sparkweave-Selenium\JAR\selenium-server.jar;C:\Sparkweave-Selenium\JAR\testng-6.1.1.jar;C:\Apache ANT\ANT\apache-ant-1.8.2\lib\ant-launcher.jar;C:\Apache ANT\ANT\apache-ant-1.8.2\lib\ant.jar;C:\Apache ANT\ANT\apache-ant-1.8.2\lib\ant-junit.jar;C:\Apache ANT\ANT\apache-ant-1.8.2\lib\ant-junit4.jar" />

          <property name="java.vm.specification.name" value="Java Virtual Machine Specification" />

          <property name="ant.file.type" value="file" />

          <property name="env.windir" value="C:\Windows" />

          <property name="env.LOGONSERVER" value="\\SNEHA-PC" />

          <property name="ant.file.myJUnitTests" value="C:\Users\Sneha\SPW\spw_001\build.xml" />

          <property name="java.vm.specification.version" value="1.7" />

          <property name="env.PROCESSOR_ARCHITECTURE" value="AMD64" />

          <property name="sun.os.patch.level" value="Service Pack 1" />

          <property name="sun.cpu.endian" value="little" />

          <property name="env.ANT_HOME" value="C:\Apache ANT\ANT\apache-ant-1.8.2" />

          <property name="env.ProgramFiles" value="C:\Program Files" />

          <property name="java.io.tmpdir" value="C:\Users\Sneha\AppData\Local\Temp\" />

          <property name="env.PROCESSOR_REVISION" value="0a00" />

          <property name="env.CommonProgramFiles(x86)" value="C:\Program Files (x86)\Common Files" />

          <property name="test.src" value="C:\Users\Sneha\SPW\spw_001/src" />

          <property name="java.vendor.url.bug" value="http://bugreport.sun.com/bugreport/" />

          <property name="env.SystemRoot" value="C:\Windows" />

          <property name="java.awt.graphicsenv" value="sun.awt.Win32GraphicsEnvironment" />

          <property name="os.arch" value="amd64" />

          <property name="env.ANT_CMD_LINE_ARGS" value=" run" />

          <property name="java.ext.dirs" value="C:\Java\jdk1.7.0\jre\lib\ext;C:\Windows\Sun\Java\lib\ext" />

          <property name="env.LOCALAPPDATA" value="C:\Users\Sneha\AppData\Local" />

          <property name="user.dir" value="C:\Users\Sneha\SPW\spw_001" />

          <property name="line.separator" value="&#xd;&#xa;" />

          <property name="java.vm.name" value="Java HotSpot(TM) 64-Bit Server VM" />

          <property name="env.PATHEXT" value=".COM;.EXE;.BAT;.CMD;.VBS;.VBE;.JS;.JSE;.WSF;.WSH;.MSC" />

          <property name="basedir" value="C:\Users\Sneha\SPW\spw_001" />

          <property name="ant.java.version" value="1.7" />

          <property name="ant.core.lib" value="C:\Apache ANT\ANT\apache-ant-1.8.2\lib\ant.jar" />

          <property name="env.USERNAME" value="Sneha" />

          <property name="env.SystemDrive" value="C:" />

          <property name="file.encoding" value="Cp1252" />

          <property name="env.USERDOMAIN" value="Sneha-PC" />

          <property name="java.specification.version" value="1.7" />

          <property name="env.=C:" value="C:\Users\Sneha\SPW\spw_001" />

          <property name="ant.project.invoked-targets" value="run" />

          <property name="env.PROCESSOR_LEVEL" value="16" />

      </properties>

      <testcase classname="sanity_ff.PermsOnReplyToAll_DraftsPage" name="NonSecureGreaterThan25mb" time="76.27">
          <error message="Unable to locate element: {&quot;method&quot;:&quot;id&quot;,&quot;selector&quot;:&quot;reply-all&quot;}; duration or timeout: 30.09 seconds&#xa;For documentation on this error, please visit: http://seleniumhq.org/exceptions/no_such_element.html&#xa;Build info: version: &apos;2.14.0&apos;, revision: &apos;14955&apos;, time: &apos;2011-11-29 11:43:45&apos;&#xa;System info: os.name: &apos;Windows 7&apos;, os.arch: &apos;amd64&apos;, os.version: &apos;6.1&apos;, java.version: &apos;1.7.0&apos;&#xa;Driver info: driver.version: RemoteWebDriver" type="org.openqa.selenium.NoSuchElementException">org.openqa.selenium.NoSuchElementException: Unable to locate element: {&quot;method&quot;:&quot;id&quot;,&quot;selector&quot;:&quot;reply-all&quot;}; duration or timeout: 30.09 seconds
For documentation on this error, please visit: http://seleniumhq.org/exceptions/no_such_element.html
Build info: version: &apos;2.14.0&apos;, revision: &apos;14955&apos;, time: &apos;2011-11-29 11:43:45&apos;
System info: os.name: &apos;Windows 7&apos;, os.arch: &apos;amd64&apos;, os.version: &apos;6.1&apos;, java.version: &apos;1.7.0&apos;
Driver info: driver.version: RemoteWebDriver
	at java.lang.reflect.Constructor.newInstance(Constructor.java:525)
	at org.openqa.selenium.remote.ErrorHandler.createThrowable(ErrorHandler.java:147)
	at org.openqa.selenium.remote.ErrorHandler.throwIfResponseFailed(ErrorHandler.java:113)
	at org.openqa.selenium.remote.RemoteWebDriver.execute(RemoteWebDriver.java:400)
	at org.openqa.selenium.remote.RemoteWebDriver.findElement(RemoteWebDriver.java:202)
	at org.openqa.selenium.remote.RemoteWebDriver.findElementById(RemoteWebDriver.java:219)
	at org.openqa.selenium.By$ById.findElement(By.java:216)
	at org.openqa.selenium.remote.RemoteWebDriver.findElement(RemoteWebDriver.java:194)
	at sanity_ff.PermsOnReplyToAll_DraftsPage.NonSecureGreaterThan25mb(PermsOnReplyToAll_DraftsPage.java:616)
Caused by: org.openqa.selenium.remote.ErrorHandler$UnknownServerException: Unable to locate element: {&quot;method&quot;:&quot;id&quot;,&quot;selector&quot;:&quot;reply-all&quot;}
Build info: version: &apos;2.14.0&apos;, revision: &apos;14955&apos;, time: &apos;2011-11-29 11:43:45&apos;
System info: os.name: &apos;Windows 7&apos;, os.arch: &apos;amd64&apos;, os.version: &apos;6.1&apos;, java.version: &apos;1.7.0&apos;
Driver info: driver.version: unknown
	at &lt;anonymous class&gt;.&lt;anonymous method&gt;(file:///C:/Users/Sneha/AppData/Local/Temp/anonymous3259033869863243313webdriver-profile/extensions/fxdriver@googlecode.com/components/driver-component.js -&gt; file:///C:/Users/Sneha/AppData/Local/Temp/anonymous3259033869863243313webdriver-profile/extensions/fxdriver@googlecode.com/components/firefoxDriver.js:389)
	at &lt;anonymous class&gt;.&lt;anonymous method&gt;(resource://fxdriver/modules/utils.js:9466)
</error>

      </testcase>

      <testcase classname="sanity_ff.PermsOnReplyToAll_DraftsPage" name="SecureNoattachs" time="184.535" />

      <testcase classname="sanity_ff.PermsOnReplyToAll_DraftsPage" name="SecureLesserThan25mb" time="218.839" />

      <testcase classname="sanity_ff.PermsOnReplyToAll_DraftsPage" name="NonSecureNoattachs" time="63.494">
          <error message="Unable to locate element: {&quot;method&quot;:&quot;id&quot;,&quot;selector&quot;:&quot;reply-all&quot;}; duration or timeout: 30.06 seconds&#xa;For documentation on this error, please visit: http://seleniumhq.org/exceptions/no_such_element.html&#xa;Build info: version: &apos;2.14.0&apos;, revision: &apos;14955&apos;, time: &apos;2011-11-29 11:43:45&apos;&#xa;System info: os.name: &apos;Windows 7&apos;, os.arch: &apos;amd64&apos;, os.version: &apos;6.1&apos;, java.version: &apos;1.7.0&apos;&#xa;Driver info: driver.version: RemoteWebDriver" type="org.openqa.selenium.NoSuchElementException">org.openqa.selenium.NoSuchElementException: Unable to locate element: {&quot;method&quot;:&quot;id&quot;,&quot;selector&quot;:&quot;reply-all&quot;}; duration or timeout: 30.06 seconds
For documentation on this error, please visit: http://seleniumhq.org/exceptions/no_such_element.html
Build info: version: &apos;2.14.0&apos;, revision: &apos;14955&apos;, time: &apos;2011-11-29 11:43:45&apos;
System info: os.name: &apos;Windows 7&apos;, os.arch: &apos;amd64&apos;, os.version: &apos;6.1&apos;, java.version: &apos;1.7.0&apos;
Driver info: driver.version: RemoteWebDriver
	at java.lang.reflect.Constructor.newInstance(Constructor.java:525)
	at org.openqa.selenium.remote.ErrorHandler.createThrowable(ErrorHandler.java:147)
	at org.openqa.selenium.remote.ErrorHandler.throwIfResponseFailed(ErrorHandler.java:113)
	at org.openqa.selenium.remote.RemoteWebDriver.execute(RemoteWebDriver.java:400)
	at org.openqa.selenium.remote.RemoteWebDriver.findElement(RemoteWebDriver.java:202)
	at org.openqa.selenium.remote.RemoteWebDriver.findElementById(RemoteWebDriver.java:219)
	at org.openqa.selenium.By$ById.findElement(By.java:216)
	at org.openqa.selenium.remote.RemoteWebDriver.findElement(RemoteWebDriver.java:194)
	at sanity_ff.PermsOnReplyToAll_DraftsPage.NonSecureNoattachs(PermsOnReplyToAll_DraftsPage.java:84)
Caused by: org.openqa.selenium.remote.ErrorHandler$UnknownServerException: Unable to locate element: {&quot;method&quot;:&quot;id&quot;,&quot;selector&quot;:&quot;reply-all&quot;}
Build info: version: &apos;2.14.0&apos;, revision: &apos;14955&apos;, time: &apos;2011-11-29 11:43:45&apos;
System info: os.name: &apos;Windows 7&apos;, os.arch: &apos;amd64&apos;, os.version: &apos;6.1&apos;, java.version: &apos;1.7.0&apos;
Driver info: driver.version: unknown
	at &lt;anonymous class&gt;.&lt;anonymous method&gt;(file:///C:/Users/Sneha/AppData/Local/Temp/anonymous4729388760273823456webdriver-profile/extensions/fxdriver@googlecode.com/components/driver-component.js -&gt; file:///C:/Users/Sneha/AppData/Local/Temp/anonymous4729388760273823456webdriver-profile/extensions/fxdriver@googlecode.com/components/firefoxDriver.js:389)
	at &lt;anonymous class&gt;.&lt;anonymous method&gt;(resource://fxdriver/modules/utils.js:9466)
</error>

      </testcase>

      <testcase classname="sanity_ff.PermsOnReplyToAll_DraftsPage" name="NonSecureLesserThan25mb" time="64.15">
          <error message="Unable to locate element: {&quot;method&quot;:&quot;id&quot;,&quot;selector&quot;:&quot;reply-all&quot;}; duration or timeout: 30.08 seconds&#xa;For documentation on this error, please visit: http://seleniumhq.org/exceptions/no_such_element.html&#xa;Build info: version: &apos;2.14.0&apos;, revision: &apos;14955&apos;, time: &apos;2011-11-29 11:43:45&apos;&#xa;System info: os.name: &apos;Windows 7&apos;, os.arch: &apos;amd64&apos;, os.version: &apos;6.1&apos;, java.version: &apos;1.7.0&apos;&#xa;Driver info: driver.version: RemoteWebDriver" type="org.openqa.selenium.NoSuchElementException">org.openqa.selenium.NoSuchElementException: Unable to locate element: {&quot;method&quot;:&quot;id&quot;,&quot;selector&quot;:&quot;reply-all&quot;}; duration or timeout: 30.08 seconds
For documentation on this error, please visit: http://seleniumhq.org/exceptions/no_such_element.html
Build info: version: &apos;2.14.0&apos;, revision: &apos;14955&apos;, time: &apos;2011-11-29 11:43:45&apos;
System info: os.name: &apos;Windows 7&apos;, os.arch: &apos;amd64&apos;, os.version: &apos;6.1&apos;, java.version: &apos;1.7.0&apos;
Driver info: driver.version: RemoteWebDriver
	at java.lang.reflect.Constructor.newInstance(Constructor.java:525)
	at org.openqa.selenium.remote.ErrorHandler.createThrowable(ErrorHandler.java:147)
	at org.openqa.selenium.remote.ErrorHandler.throwIfResponseFailed(ErrorHandler.java:113)
	at org.openqa.selenium.remote.RemoteWebDriver.execute(RemoteWebDriver.java:400)
	at org.openqa.selenium.remote.RemoteWebDriver.findElement(RemoteWebDriver.java:202)
	at org.openqa.selenium.remote.RemoteWebDriver.findElementById(RemoteWebDriver.java:219)
	at org.openqa.selenium.By$ById.findElement(By.java:216)
	at org.openqa.selenium.remote.RemoteWebDriver.findElement(RemoteWebDriver.java:194)
	at sanity_ff.PermsOnReplyToAll_DraftsPage.NonSecureLesserThan25mb(PermsOnReplyToAll_DraftsPage.java:1238)
Caused by: org.openqa.selenium.remote.ErrorHandler$UnknownServerException: Unable to locate element: {&quot;method&quot;:&quot;id&quot;,&quot;selector&quot;:&quot;reply-all&quot;}
Build info: version: &apos;2.14.0&apos;, revision: &apos;14955&apos;, time: &apos;2011-11-29 11:43:45&apos;
System info: os.name: &apos;Windows 7&apos;, os.arch: &apos;amd64&apos;, os.version: &apos;6.1&apos;, java.version: &apos;1.7.0&apos;
Driver info: driver.version: unknown
	at &lt;anonymous class&gt;.&lt;anonymous method&gt;(file:///C:/Users/Sneha/AppData/Local/Temp/anonymous2428686984248482125webdriver-profile/extensions/fxdriver@googlecode.com/components/driver-component.js -&gt; file:///C:/Users/Sneha/AppData/Local/Temp/anonymous2428686984248482125webdriver-profile/extensions/fxdriver@googlecode.com/components/firefoxDriver.js:389)
	at &lt;anonymous class&gt;.&lt;anonymous method&gt;(resource://fxdriver/modules/utils.js:9466)
</error>

      </testcase>

      <testcase classname="sanity_ff.PermsOnReplyToAll_DraftsPage" name="SecureGreaterThan25mb" time="226.81" />

      <system-out><![CDATA[Testing user with LFT perms only
First: The page title is Inbox
SUCCESS:Mail successfully sent !
Navigating to base URL
The count for tbody is 1
The count for tr is 26
The count for td is 5
i was here!

i was here!

i was here!

i was here!

i was here!

The count for td is 5
i was here!

i was here!
sneha.qa.24@gmail.com
i was here!
TC--149
i was here!
1 - 47.2 MB
i was here!
11:37am today
The count for td is 5
i was here!

i was here!
sneha.qa.24@gmail.com
i was here!
TC--141
i was here!
1 - 267.3 KB
i was here!
11:35am today
The count for td is 5
i was here!

i was here!
sneha.qa.24@gmail.com
i was here!
Fwd: TC--135
i was here!
0 - 0 bytes
i was here!
11:33am today
The count for td is 5
i was here!

i was here!
snehamtd002@yahoo.com
i was here!
Fwd: TC--134
i was here!
0 - 0 bytes
i was here!
11:32am today
The count for td is 5
i was here!

i was here!
sneha.qa.24@gmail.com
i was here!
TC--133
i was here!
0 - 0 bytes
i was here!
11:31am today
The count for td is 5
i was here!

i was here!
sneha.qa.24@gmail.com
i was here!
TC--127
i was here!
1 - 47.2 MB
i was here!
11:29am today
The count for td is 5
i was here!

i was here!
snehamtd002@yahoo.com
i was here!
TC--126
i was here!
1 - 47.2 MB
i was here!
11:28am today
The count for td is 5
i was here!

i was here!
sneha.qa.24@gmail.com
i was here!
TC--119
i was here!
1 - 267.3 KB
i was here!
11:23am today
The count for td is 5
i was here!

i was here!
snehamtd002@yahoo.com
i was here!
TC--118
i was here!
1 - 267.3 KB
i was here!
11:22am today
The count for td is 5
i was here!

i was here!
sneha.qa.24@gmail.com
i was here!
Re: TC--87
i was here!
0 - 0 bytes
i was here!
10:32am today
The count for td is 5
i was here!

i was here!
snehamtd002@yahoo.com
i was here!
Re: TC--86
i was here!
0 - 0 bytes
i was here!
10:32am today
The count for td is 5
i was here!

i was here!
sneha.qa.24@gmail.com
i was here!
TC--85
i was here!
0 - 0 bytes
i was here!
10:31am today
The count for td is 5
i was here!

i was here!
sneha.qa.24@gmail.com
i was here!
Re: TC--79
i was here!
1 - 47.2 MB
i was here!
10:30am today
The count for td is 5
i was here!

i was here!
snehamtd002@yahoo.com
i was here!
Re: TC--78
i was here!
1 - 47.2 MB
i was here!
10:29am today
The count for td is 5
i was here!

i was here!
sneha.qa.24@gmail.com
i was here!
TC--77
i was here!
0 - 0 bytes
i was here!
10:28am today
The count for td is 5
i was here!

i was here!
sneha.qa.24@gmail.com
i was here!
Re: TC--71
i was here!
1 - 267.3 KB
i was here!
10:26am today
The count for td is 5
i was here!

i was here!
snehamtd002@yahoo.com
i was here!
Re: TC--70
i was here!
1 - 267.3 KB
i was here!
10:26am today
The count for td is 5
i was here!

i was here!
sneha.qa.24@gmail.com
i was here!
TC--69
i was here!
0 - 0 bytes
i was here!
10:24am today
The count for td is 5
i was here!

i was here!
sneha.qa.24@gmail.com
i was here!
Re: TC--63
i was here!
0 - 0 bytes
i was here!
10:23am today
The count for td is 5
i was here!

i was here!
snehamtd002@yahoo.com
i was here!
Re: TC--62
i was here!
0 - 0 bytes
i was here!
10:22am today
The count for td is 5
i was here!

i was here!
sneha.qa.24@gmail.com
i was here!
TC--61
i was here!
0 - 0 bytes
i was here!
10:21am today
The count for td is 5
i was here!

i was here!
sneha.qa.24@gmail.com
i was here!
TC--53
i was here!
1 - 47.2 MB
i was here!
10:19am today
The count for td is 5
i was here!

i was here!
sneha.qa.24@gmail.com
i was here!
TC--45
i was here!
1 - 267.3 KB
i was here!
10:17am today
The count for td is 5
i was here!

i was here!
sneha.qa.24@gmail.com
i was here!
Fwd: TC--39
i was here!
0 - 0 bytes
i was here!
10:15am today
The count for td is 5
i was here!

i was here!
snehamtd002@yahoo.com
i was here!
Fwd: TC--38
i was here!
0 - 0 bytes
i was here!
10:14am today
Testing user with LFT perms only
First: The page title is Inbox
SUCCESS:Mail successfully sent !
Navigating to base URL
The count for tbody is 1
The count for tr is 26
The count for td is 5
i was here!

i was here!

i was here!

i was here!

i was here!

The count for td is 5
i was here!

i was here!
sneha.qa.24@gmail.com
i was here!
TC--181
muunni.24@gmail.com
This email is considered a secure email.  Since you do not have a secure email license, your recipients are required to.  
PASS for muunni.24@gmail.com
Removed user muunni.24@gmail.com from recipient list
snehamtd002@yahoo.com
PASS for snehamtd002@yahoo.com
sneha.qa.24@gmail.com
PASS for sneha.qa.24@gmail.com
snehamtd001@gmail.com
This email is considered a secure email.  Since you do not have a secure email license, your recipients are required to.  
PASS for snehamtd001@gmail.com
Removed user snehamtd001@gmail.com from recipient list
The count for tbody is 1
The count for tr is 2
The count for td is 5
i was here!

i was here!

i was here!

i was here!

i was here!

The count for td is 5
i was here!

i was here!
sneha.qa.24@gmail.com; snehamtd002@yahoo.com
i was here!
Re: TC--181
muunni.24@gmail.com
This email is considered a secure email.  Since you do not have a secure email license, your recipients are required to.  
PASS for muunni.24@gmail.com
Removed user muunni.24@gmail.com from recipient list
snehamtd002@yahoo.com
PASS for snehamtd002@yahoo.com
sneha.qa.24@gmail.com
PASS for sneha.qa.24@gmail.com
snehamtd001@gmail.com
This email is considered a secure email.  Since you do not have a secure email license, your recipients are required to.  
PASS for snehamtd001@gmail.com
Removed user snehamtd001@gmail.com from recipient list
PASS:Mail successfully sent.
Testing user with SECURE perms only
First: The page title is Inbox
SUCCESS:Mail successfully sent !
Navigating to base URL
The count for tbody is 1
The count for tr is 26
The count for td is 5
i was here!

i was here!

i was here!

i was here!

i was here!

The count for td is 5
i was here!

i was here!
sneha.qa.24@gmail.com
i was here!
TC--182
muunni.24@gmail.com
PASS for muunni.24@gmail.com
snehamtd002@yahoo.com
PASS for snehamtd002@yahoo.com
sneha.qa.24@gmail.com
PASS for sneha.qa.24@gmail.com
snehamtd001@gmail.com
PASS for snehamtd001@gmail.com
The count for tbody is 1
The count for tr is 2
The count for td is 5
i was here!

i was here!

i was here!

i was here!

i was here!

The count for td is 5
i was here!

i was here!
sneha.qa.24@gmail.com; muunni.24@gmail.com; snehamtd001@gmail.com; snehamtd002@yahoo.com
i was here!
Re: TC--182
muunni.24@gmail.com
PASS for muunni.24@gmail.com
snehamtd002@yahoo.com
PASS for snehamtd002@yahoo.com
sneha.qa.24@gmail.com
PASS for sneha.qa.24@gmail.com
snehamtd001@gmail.com
PASS for snehamtd001@gmail.com
PASS:Mail successfully sent.
Testing user with ALL perms
First: The page title is Inbox
SUCCESS:Mail successfully sent !
Navigating to base URL
The count for tbody is 1
The count for tr is 26
The count for td is 5
i was here!

i was here!

i was here!

i was here!

i was here!

The count for td is 5
i was here!

i was here!
sneha.qa.24@gmail.com
i was here!
TC--183
muunni.24@gmail.com
PASS for muunni.24@gmail.com
snehamtd002@yahoo.com
PASS for snehamtd002@yahoo.com
sneha.qa.24@gmail.com
PASS for sneha.qa.24@gmail.com
snehamtd001@gmail.com
PASS for snehamtd001@gmail.com
The count for tbody is 1
The count for tr is 9
The count for td is 5
i was here!

i was here!

i was here!

i was here!

i was here!

The count for td is 5
i was here!

i was here!
sneha.qa.24@gmail.com; muunni.24@gmail.com; snehamtd001@gmail.com; snehamtd002@yahoo.com
i was here!
Re: TC--183
muunni.24@gmail.com
PASS for muunni.24@gmail.com
snehamtd002@yahoo.com
PASS for snehamtd002@yahoo.com
sneha.qa.24@gmail.com
PASS for sneha.qa.24@gmail.com
snehamtd001@gmail.com
PASS for snehamtd001@gmail.com
PASS:Mail successfully sent.
Testing user with NO perms
First: The page title is Inbox
SUCCESS:Mail successfully sent !
Navigating to base URL
The count for tbody is 1
The count for tr is 26
The count for td is 5
i was here!

i was here!

i was here!

i was here!

i was here!

The count for td is 5
i was here!

i was here!
sneha.qa.24@gmail.com
i was here!
TC--184
muunni.24@gmail.com
This email is considered a secure email.  Since you do not have a secure email license, your recipients are required to.  
PASS for muunni.24@gmail.com
Removed user muunni.24@gmail.com from recipient list
snehamtd002@yahoo.com
PASS for snehamtd002@yahoo.com
sneha.qa.24@gmail.com
PASS for sneha.qa.24@gmail.com
snehamtd001@gmail.com
This email is considered a secure email.  Since you do not have a secure email license, your recipients are required to.  
PASS for snehamtd001@gmail.com
Removed user snehamtd001@gmail.com from recipient list
The count for tbody is 1
The count for tr is 2
The count for td is 5
i was here!

i was here!

i was here!

i was here!

i was here!

The count for td is 5
i was here!

i was here!
sneha.qa.24@gmail.com; snehamtd002@yahoo.com
i was here!
Re: TC--184
muunni.24@gmail.com
This email is considered a secure email.  Since you do not have a secure email license, your recipients are required to.  
PASS for muunni.24@gmail.com
Removed user muunni.24@gmail.com from recipient list
snehamtd002@yahoo.com
PASS for snehamtd002@yahoo.com
sneha.qa.24@gmail.com
PASS for sneha.qa.24@gmail.com
snehamtd001@gmail.com
This email is considered a secure email.  Since you do not have a secure email license, your recipients are required to.  
PASS for snehamtd001@gmail.com
Removed user snehamtd001@gmail.com from recipient list
PASS:Mail successfully sent.
Testing user with LFT perms only
First: The page title is Inbox
SUCCESS:Mail successfully sent !
Navigating to base URL
The count for tbody is 1
The count for tr is 26
The count for td is 5
i was here!

i was here!

i was here!

i was here!

i was here!

The count for td is 5
i was here!

i was here!
sneha.qa.24@gmail.com
i was here!
TC--189
muunni.24@gmail.com
This email is considered a secure email.  Since you do not have a secure email license, your recipients are required to.  
PASS for muunni.24@gmail.com
Removed user muunni.24@gmail.com from recipient list
snehamtd002@yahoo.com
PASS for snehamtd002@yahoo.com
sneha.qa.24@gmail.com
PASS for sneha.qa.24@gmail.com
snehamtd001@gmail.com
This email is considered a secure email.  Since you do not have a secure email license, your recipients are required to.  
PASS for snehamtd001@gmail.com
Removed user snehamtd001@gmail.com from recipient list
The count for tbody is 1
The count for tr is 2
The count for td is 5
i was here!

i was here!

i was here!

i was here!

i was here!

The count for td is 5
i was here!

i was here!
sneha.qa.24@gmail.com; snehamtd002@yahoo.com
i was here!
Re: TC--189
muunni.24@gmail.com
This email is considered a secure email.  Since you do not have a secure email license, your recipients are required to.  
PASS for muunni.24@gmail.com
Removed user muunni.24@gmail.com from recipient list
snehamtd002@yahoo.com
PASS for snehamtd002@yahoo.com
sneha.qa.24@gmail.com
PASS for sneha.qa.24@gmail.com
snehamtd001@gmail.com
This email is considered a secure email.  Since you do not have a secure email license, your recipients are required to.  
PASS for snehamtd001@gmail.com
Removed user snehamtd001@gmail.com from recipient list
PASS:Mail successfully sent.
Testing user with SECURE perms only
First: The page title is Inbox
SUCCESS:Mail successfully sent !
Navigating to base URL
The count for tbody is 1
The count for tr is 26
The count for td is 5
i was here!

i was here!

i was here!

i was here!

i was here!

The count for td is 5
i was here!

i was here!
sneha.qa.24@gmail.com
i was here!
TC--190
muunni.24@gmail.com
PASS for muunni.24@gmail.com
snehamtd002@yahoo.com
PASS for snehamtd002@yahoo.com
sneha.qa.24@gmail.com
PASS for sneha.qa.24@gmail.com
snehamtd001@gmail.com
PASS for snehamtd001@gmail.com
The count for tbody is 1
The count for tr is 2
The count for td is 5
i was here!

i was here!

i was here!

i was here!

i was here!

The count for td is 5
i was here!

i was here!
sneha.qa.24@gmail.com; muunni.24@gmail.com; snehamtd001@gmail.com; snehamtd002@yahoo.com
i was here!
Re: TC--190
muunni.24@gmail.com
PASS for muunni.24@gmail.com
snehamtd002@yahoo.com
PASS for snehamtd002@yahoo.com
sneha.qa.24@gmail.com
PASS for sneha.qa.24@gmail.com
snehamtd001@gmail.com
PASS for snehamtd001@gmail.com
PASS:Mail successfully sent.
Testing user with ALL perms
First: The page title is Inbox
SUCCESS:Mail successfully sent !
Navigating to base URL
The count for tbody is 1
The count for tr is 26
The count for td is 5
i was here!

i was here!

i was here!

i was here!

i was here!

The count for td is 5
i was here!

i was here!
sneha.qa.24@gmail.com
i was here!
TC--191
muunni.24@gmail.com
PASS for muunni.24@gmail.com
snehamtd002@yahoo.com
PASS for snehamtd002@yahoo.com
sneha.qa.24@gmail.com
PASS for sneha.qa.24@gmail.com
snehamtd001@gmail.com
PASS for snehamtd001@gmail.com
The count for tbody is 1
The count for tr is 9
The count for td is 5
i was here!

i was here!

i was here!

i was here!

i was here!

The count for td is 5
i was here!

i was here!
sneha.qa.24@gmail.com; muunni.24@gmail.com; snehamtd001@gmail.com; snehamtd002@yahoo.com
i was here!
Re: TC--191
muunni.24@gmail.com
PASS for muunni.24@gmail.com
snehamtd002@yahoo.com
PASS for snehamtd002@yahoo.com
sneha.qa.24@gmail.com
PASS for sneha.qa.24@gmail.com
snehamtd001@gmail.com
PASS for snehamtd001@gmail.com
PASS:Mail successfully sent.
Testing user with NO perms
First: The page title is Inbox
SUCCESS:Mail successfully sent !
Navigating to base URL
The count for tbody is 1
The count for tr is 26
The count for td is 5
i was here!

i was here!

i was here!

i was here!

i was here!

The count for td is 5
i was here!

i was here!
sneha.qa.24@gmail.com
i was here!
TC--192
muunni.24@gmail.com
This email is considered a secure email.  Since you do not have a secure email license, your recipients are required to.  
PASS for muunni.24@gmail.com
Removed user muunni.24@gmail.com from recipient list
snehamtd002@yahoo.com
PASS for snehamtd002@yahoo.com
sneha.qa.24@gmail.com
PASS for sneha.qa.24@gmail.com
snehamtd001@gmail.com
This email is considered a secure email.  Since you do not have a secure email license, your recipients are required to.  
PASS for snehamtd001@gmail.com
Removed user snehamtd001@gmail.com from recipient list
The count for tbody is 1
The count for tr is 2
The count for td is 5
i was here!

i was here!

i was here!

i was here!

i was here!

The count for td is 5
i was here!

i was here!
sneha.qa.24@gmail.com; snehamtd002@yahoo.com
i was here!
Re: TC--192
muunni.24@gmail.com
This email is considered a secure email.  Since you do not have a secure email license, your recipients are required to.  
PASS for muunni.24@gmail.com
Removed user muunni.24@gmail.com from recipient list
snehamtd002@yahoo.com
PASS for snehamtd002@yahoo.com
sneha.qa.24@gmail.com
PASS for sneha.qa.24@gmail.com
snehamtd001@gmail.com
This email is considered a secure email.  Since you do not have a secure email license, your recipients are required to.  
PASS for snehamtd001@gmail.com
Removed user snehamtd001@gmail.com from recipient list
PASS:Mail successfully sent.
Testing user with LFT perms only
First: The page title is Inbox
SUCCESS:Mail successfully sent !
Navigating to base URL
The count for tbody is 1
The count for tr is 26
The count for td is 5
i was here!

i was here!

i was here!

i was here!

i was here!

The count for td is 5
i was here!

i was here!
sneha.qa.24@gmail.com
i was here!
Re: TC--191
i was here!
1 - 267.3 KB
i was here!
11:45am today
The count for td is 5
i was here!

i was here!
snehamtd002@yahoo.com
i was here!
Re: TC--190
i was here!
1 - 267.3 KB
i was here!
11:44am today
The count for td is 5
i was here!

i was here!
sneha.qa.24@gmail.com
i was here!
TC--189
i was here!
0 - 0 bytes
i was here!
11:43am today
The count for td is 5
i was here!

i was here!
sneha.qa.24@gmail.com
i was here!
Re: TC--183
i was here!
0 - 0 bytes
i was here!
11:42am today
The count for td is 5
i was here!

i was here!
snehamtd002@yahoo.com
i was here!
Re: TC--182
i was here!
0 - 0 bytes
i was here!
11:41am today
The count for td is 5
i was here!

i was here!
sneha.qa.24@gmail.com
i was here!
TC--181
i was here!
0 - 0 bytes
i was here!
11:40am today
The count for td is 5
i was here!

i was here!
sneha.qa.24@gmail.com
i was here!
TC--149
i was here!
1 - 47.2 MB
i was here!
11:37am today
The count for td is 5
i was here!

i was here!
sneha.qa.24@gmail.com
i was here!
TC--141
i was here!
1 - 267.3 KB
i was here!
11:35am today
The count for td is 5
i was here!

i was here!
sneha.qa.24@gmail.com
i was here!
Fwd: TC--135
i was here!
0 - 0 bytes
i was here!
11:33am today
The count for td is 5
i was here!

i was here!
snehamtd002@yahoo.com
i was here!
Fwd: TC--134
i was here!
0 - 0 bytes
i was here!
11:32am today
The count for td is 5
i was here!

i was here!
sneha.qa.24@gmail.com
i was here!
TC--133
i was here!
0 - 0 bytes
i was here!
11:31am today
The count for td is 5
i was here!

i was here!
sneha.qa.24@gmail.com
i was here!
TC--127
i was here!
1 - 47.2 MB
i was here!
11:29am today
The count for td is 5
i was here!

i was here!
snehamtd002@yahoo.com
i was here!
TC--126
i was here!
1 - 47.2 MB
i was here!
11:28am today
The count for td is 5
i was here!

i was here!
sneha.qa.24@gmail.com
i was here!
TC--119
i was here!
1 - 267.3 KB
i was here!
11:23am today
The count for td is 5
i was here!

i was here!
snehamtd002@yahoo.com
i was here!
TC--118
i was here!
1 - 267.3 KB
i was here!
11:22am today
The count for td is 5
i was here!

i was here!
sneha.qa.24@gmail.com
i was here!
Re: TC--87
i was here!
0 - 0 bytes
i was here!
10:32am today
The count for td is 5
i was here!

i was here!
snehamtd002@yahoo.com
i was here!
Re: TC--86
i was here!
0 - 0 bytes
i was here!
10:32am today
The count for td is 5
i was here!

i was here!
sneha.qa.24@gmail.com
i was here!
TC--85
i was here!
0 - 0 bytes
i was here!
10:31am today
The count for td is 5
i was here!

i was here!
sneha.qa.24@gmail.com
i was here!
Re: TC--79
i was here!
1 - 47.2 MB
i was here!
10:30am today
The count for td is 5
i was here!

i was here!
snehamtd002@yahoo.com
i was here!
Re: TC--78
i was here!
1 - 47.2 MB
i was here!
10:29am today
The count for td is 5
i was here!

i was here!
sneha.qa.24@gmail.com
i was here!
TC--77
i was here!
0 - 0 bytes
i was here!
10:28am today
The count for td is 5
i was here!

i was here!
sneha.qa.24@gmail.com
i was here!
Re: TC--71
i was here!
1 - 267.3 KB
i was here!
10:26am today
The count for td is 5
i was here!

i was here!
snehamtd002@yahoo.com
i was here!
Re: TC--70
i was here!
1 - 267.3 KB
i was here!
10:26am today
The count for td is 5
i was here!

i was here!
sneha.qa.24@gmail.com
i was here!
TC--69
i was here!
0 - 0 bytes
i was here!
10:24am today
The count for td is 5
i was here!

i was here!
sneha.qa.24@gmail.com
i was here!
Re: TC--63
i was here!
0 - 0 bytes
i was here!
10:23am today
Testing user with LFT perms only
First: The page title is Inbox
SUCCESS:Mail successfully sent !
Navigating to base URL
The count for tbody is 1
The count for tr is 26
The count for td is 5
i was here!

i was here!

i was here!

i was here!

i was here!

The count for td is 5
i was here!

i was here!
sneha.qa.24@gmail.com
i was here!
Re: TC--191
i was here!
1 - 267.3 KB
i was here!
11:45am today
The count for td is 5
i was here!

i was here!
snehamtd002@yahoo.com
i was here!
Re: TC--190
i was here!
1 - 267.3 KB
i was here!
11:44am today
The count for td is 5
i was here!

i was here!
sneha.qa.24@gmail.com
i was here!
TC--189
i was here!
0 - 0 bytes
i was here!
11:43am today
The count for td is 5
i was here!

i was here!
sneha.qa.24@gmail.com
i was here!
Re: TC--183
i was here!
0 - 0 bytes
i was here!
11:42am today
The count for td is 5
i was here!

i was here!
snehamtd002@yahoo.com
i was here!
Re: TC--182
i was here!
0 - 0 bytes
i was here!
11:41am today
The count for td is 5
i was here!

i was here!
sneha.qa.24@gmail.com
i was here!
TC--181
i was here!
0 - 0 bytes
i was here!
11:40am today
The count for td is 5
i was here!

i was here!
sneha.qa.24@gmail.com
i was here!
TC--149
i was here!
1 - 47.2 MB
i was here!
11:37am today
The count for td is 5
i was here!

i was here!
sneha.qa.24@gmail.com
i was here!
TC--141
i was here!
1 - 267.3 KB
i was here!
11:35am today
The count for td is 5
i was here!

i was here!
sneha.qa.24@gmail.com
i was here!
Fwd: TC--135
i was here!
0 - 0 bytes
i was here!
11:33am today
The count for td is 5
i was here!

i was here!
snehamtd002@yahoo.com
i was here!
Fwd: TC--134
i was here!
0 - 0 bytes
i was here!
11:32am today
The count for td is 5
i was here!

i was here!
sneha.qa.24@gmail.com
i was here!
TC--133
i was here!
0 - 0 bytes
i was here!
11:31am today
The count for td is 5
i was here!

i was here!
sneha.qa.24@gmail.com
i was here!
TC--127
i was here!
1 - 47.2 MB
i was here!
11:29am today
The count for td is 5
i was here!

i was here!
snehamtd002@yahoo.com
i was here!
TC--126
i was here!
1 - 47.2 MB
i was here!
11:28am today
The count for td is 5
i was here!

i was here!
sneha.qa.24@gmail.com
i was here!
TC--119
i was here!
1 - 267.3 KB
i was here!
11:23am today
The count for td is 5
i was here!

i was here!
snehamtd002@yahoo.com
i was here!
TC--118
i was here!
1 - 267.3 KB
i was here!
11:22am today
The count for td is 5
i was here!

i was here!
sneha.qa.24@gmail.com
i was here!
Re: TC--87
i was here!
0 - 0 bytes
i was here!
10:32am today
The count for td is 5
i was here!

i was here!
snehamtd002@yahoo.com
i was here!
Re: TC--86
i was here!
0 - 0 bytes
i was here!
10:32am today
The count for td is 5
i was here!

i was here!
sneha.qa.24@gmail.com
i was here!
TC--85
i was here!
0 - 0 bytes
i was here!
10:31am today
The count for td is 5
i was here!

i was here!
sneha.qa.24@gmail.com
i was here!
Re: TC--79
i was here!
1 - 47.2 MB
i was here!
10:30am today
The count for td is 5
i was here!

i was here!
snehamtd002@yahoo.com
i was here!
Re: TC--78
i was here!
1 - 47.2 MB
i was here!
10:29am today
The count for td is 5
i was here!

i was here!
sneha.qa.24@gmail.com
i was here!
TC--77
i was here!
0 - 0 bytes
i was here!
10:28am today
The count for td is 5
i was here!

i was here!
sneha.qa.24@gmail.com
i was here!
Re: TC--71
i was here!
1 - 267.3 KB
i was here!
10:26am today
The count for td is 5
i was here!

i was here!
snehamtd002@yahoo.com
i was here!
Re: TC--70
i was here!
1 - 267.3 KB
i was here!
10:26am today
The count for td is 5
i was here!

i was here!
sneha.qa.24@gmail.com
i was here!
TC--69
i was here!
0 - 0 bytes
i was here!
10:24am today
The count for td is 5
i was here!

i was here!
sneha.qa.24@gmail.com
i was here!
Re: TC--63
i was here!
0 - 0 bytes
i was here!
10:23am today
Testing user with LFT perms only
First: The page title is Inbox
SUCCESS:Mail successfully sent !
Navigating to base URL
The count for tbody is 1
The count for tr is 26
The count for td is 5
i was here!

i was here!

i was here!

i was here!

i was here!

The count for td is 5
i was here!

i was here!
sneha.qa.24@gmail.com
i was here!
TC--197
muunni.24@gmail.com
This email is considered a secure email.  Since you do not have a secure email license, your recipients are required to.  
PASS for muunni.24@gmail.com
Removed user muunni.24@gmail.com from recipient list
snehamtd002@yahoo.com
PASS for snehamtd002@yahoo.com
sneha.qa.24@gmail.com
PASS for sneha.qa.24@gmail.com
snehamtd001@gmail.com
This email is considered a secure email.  Since you do not have a secure email license, your recipients are required to.  
PASS for snehamtd001@gmail.com
Removed user snehamtd001@gmail.com from recipient list
The count for tbody is 1
The count for tr is 2
The count for td is 5
i was here!

i was here!

i was here!

i was here!

i was here!

The count for td is 5
i was here!

i was here!
sneha.qa.24@gmail.com; snehamtd002@yahoo.com
i was here!
Re: TC--197
muunni.24@gmail.com
This email is considered a secure email.  Since you do not have a secure email license, your recipients are required to.  
PASS for muunni.24@gmail.com
Removed user muunni.24@gmail.com from recipient list
snehamtd002@yahoo.com
PASS for snehamtd002@yahoo.com
sneha.qa.24@gmail.com
PASS for sneha.qa.24@gmail.com
snehamtd001@gmail.com
This email is considered a secure email.  Since you do not have a secure email license, your recipients are required to.  
PASS for snehamtd001@gmail.com
Removed user snehamtd001@gmail.com from recipient list
PASS:Mail successfully sent.
Testing user with SECURE perms only
First: The page title is Inbox
SUCCESS:Mail successfully sent !
Navigating to base URL
The count for tbody is 1
The count for tr is 26
The count for td is 5
i was here!

i was here!

i was here!

i was here!

i was here!

The count for td is 5
i was here!

i was here!
sneha.qa.24@gmail.com
i was here!
TC--197
muunni.24@gmail.com
This email is considered a file transfer.  Since you do not have a file transfer license, your recipients are required to.  
PASS for muunni.24@gmail.com
Removed user muunni.24@gmail.com from recipient list
snehamtd002@yahoo.com
This email is considered a file transfer.  Since you do not have a file transfer license, your recipients are required to.  
PASS for snehamtd002@yahoo.com
Removed user snehamtd002@yahoo.com from recipient list
sneha.qa.24@gmail.com
PASS for sneha.qa.24@gmail.com
snehamtd001@gmail.com
PASS for snehamtd001@gmail.com
The count for tbody is 1
The count for tr is 2
The count for td is 5
i was here!

i was here!

i was here!

i was here!

i was here!

The count for td is 5
i was here!

i was here!
sneha.qa.24@gmail.com; snehamtd001@gmail.com
i was here!
Re: TC--197
muunni.24@gmail.com
This email is considered a file transfer.  Since you do not have a file transfer license, your recipients are required to.  
PASS for muunni.24@gmail.com
Removed user muunni.24@gmail.com from recipient list
snehamtd002@yahoo.com
This email is considered a file transfer.  Since you do not have a file transfer license, your recipients are required to.  
PASS for snehamtd002@yahoo.com
Removed user snehamtd002@yahoo.com from recipient list
sneha.qa.24@gmail.com
PASS for sneha.qa.24@gmail.com
snehamtd001@gmail.com
PASS for snehamtd001@gmail.com
PASS:Mail successfully sent.
Testing user with ALL perms
First: The page title is Inbox
SUCCESS:Mail successfully sent !
Navigating to base URL
The count for tbody is 1
The count for tr is 26
The count for td is 5
i was here!

i was here!

i was here!

i was here!

i was here!

The count for td is 5
i was here!

i was here!
sneha.qa.24@gmail.com
i was here!
TC--198
muunni.24@gmail.com
PASS for muunni.24@gmail.com
snehamtd002@yahoo.com
PASS for snehamtd002@yahoo.com
sneha.qa.24@gmail.com
PASS for sneha.qa.24@gmail.com
snehamtd001@gmail.com
PASS for snehamtd001@gmail.com
The count for tbody is 1
The count for tr is 9
The count for td is 5
i was here!

i was here!

i was here!

i was here!

i was here!

The count for td is 5
i was here!

i was here!
sneha.qa.24@gmail.com; muunni.24@gmail.com; snehamtd001@gmail.com; snehamtd002@yahoo.com
i was here!
Re: TC--198
muunni.24@gmail.com
PASS for muunni.24@gmail.com
snehamtd002@yahoo.com
PASS for snehamtd002@yahoo.com
sneha.qa.24@gmail.com
PASS for sneha.qa.24@gmail.com
snehamtd001@gmail.com
PASS for snehamtd001@gmail.com
PASS:Mail successfully sent.
Testing user with NO perms
First: The page title is Inbox
SUCCESS:Mail successfully sent !
Navigating to base URL
The count for tbody is 1
The count for tr is 26
The count for td is 5
i was here!

i was here!

i was here!

i was here!

i was here!

The count for td is 5
i was here!

i was here!
sneha.qa.24@gmail.com
i was here!
TC--199
muunni.24@gmail.com
This email is considered a secure email.  Since you do not have a secure email license, your recipients are required to.  This email is considered a file transfer.  Since you do not have a file transfer license, your recipients are required to.  
This email is considered a secure email.  Since you do not have a secure email license, your recipients are required to.  This email is considered a file transfer.  Since you do not have a file transfer license, your recipients are required to.  
PASS for muunni.24@gmail.com
Removed user muunni.24@gmail.com from recipient list
snehamtd002@yahoo.com
This email is considered a file transfer.  Since you do not have a file transfer license, your recipients are required to.  
PASS for snehamtd002@yahoo.com
Removed user snehamtd002@yahoo.com from recipient list
sneha.qa.24@gmail.com
PASS for sneha.qa.24@gmail.com
snehamtd001@gmail.com
This email is considered a secure email.  Since you do not have a secure email license, your recipients are required to.  
PASS for snehamtd001@gmail.com
Removed user snehamtd001@gmail.com from recipient list
The count for tbody is 1
The count for tr is 2
The count for td is 5
i was here!

i was here!

i was here!

i was here!

i was here!

The count for td is 5
i was here!

i was here!
sneha.qa.24@gmail.com
i was here!
Re: TC--199
muunni.24@gmail.com
This email is considered a secure email.  Since you do not have a secure email license, your recipients are required to.  This email is considered a file transfer.  Since you do not have a file transfer license, your recipients are required to.  
This email is considered a secure email.  Since you do not have a secure email license, your recipients are required to.  This email is considered a file transfer.  Since you do not have a file transfer license, your recipients are required to.  
PASS for muunni.24@gmail.com
Removed user muunni.24@gmail.com from recipient list
snehamtd002@yahoo.com
This email is considered a file transfer.  Since you do not have a file transfer license, your recipients are required to.  
PASS for snehamtd002@yahoo.com
Removed user snehamtd002@yahoo.com from recipient list
sneha.qa.24@gmail.com
PASS for sneha.qa.24@gmail.com
snehamtd001@gmail.com
This email is considered a secure email.  Since you do not have a secure email license, your recipients are required to.  
PASS for snehamtd001@gmail.com
Removed user snehamtd001@gmail.com from recipient list
PASS:Mail successfully sent.
]]></system-out>

      <system-err><![CDATA[]]></system-err>

  </testsuite>
  <testsuite errors="5" failures="0" hostname="Sneha-PC" id="3" name="PermsOnReply_DraftsPage" package="sanity_ff" tests="6" time="714.571" timestamp="2011-12-20T17:52:27">
      <properties>
          <property name="java.vendor" value="Oracle Corporation" />

          <property name="test.jars" value="C:/Sparkweave-Selenium/JAR" />

          <property name="sun.java.launcher" value="SUN_STANDARD" />

          <property name="sun.management.compiler" value="HotSpot 64-Bit Tiered Compilers" />

          <property name="env.PROMPT" value="$P$G" />

          <property name="os.name" value="Windows 7" />

          <property name="env.FP_NO_HOST_CHECK" value="NO" />

          <property name="sun.boot.class.path" value="C:\Java\jdk1.7.0\jre\lib\resources.jar;C:\Java\jdk1.7.0\jre\lib\rt.jar;C:\Java\jdk1.7.0\jre\lib\sunrsasign.jar;C:\Java\jdk1.7.0\jre\lib\jsse.jar;C:\Java\jdk1.7.0\jre\lib\jce.jar;C:\Java\jdk1.7.0\jre\lib\charsets.jar;C:\Java\jdk1.7.0\jre\classes" />

          <property name="env.COMPUTERNAME" value="SNEHA-PC" />

          <property name="env.CommonProgramW6432" value="C:\Program Files\Common Files" />

          <property name="env.ALLUSERSPROFILE" value="C:\ProgramData" />

          <property name="sun.desktop" value="windows" />

          <property name="java.vm.specification.vendor" value="Oracle Corporation" />

          <property name="ant.home" value="C:\Apache ANT\ANT\apache-ant-1.8.2" />

          <property name="java.runtime.version" value="1.7.0-b147" />

          <property name="env.HOMEPATH" value="\Users\Sneha" />

          <property name="user.name" value="Sneha" />

          <property name="env.PATH" value="C:\Safari\Safari.exe;C:\Program Files (x86)\Microsoft Silverlight\4.0.60531.0;C:\Java\jdk1.7.0\bin;C:\Vim\vim73\gvim.exe;C:\Sparkweave-Selenium\ANT\apache-ant-1.8.2\bin" />

          <property name="user.language" value="en" />

          <property name="env.windows_tracing_flags" value="3" />

          <property name="sun.boot.library.path" value="C:\Java\jdk1.7.0\jre\bin" />

          <property name="ant.project.default-target" value="usage" />

          <property name="ant.project.name" value="myJUnitTests" />

          <property name="java.version" value="1.7.0" />

          <property name="env.PROCESSOR_IDENTIFIER" value="AMD64 Family 16 Model 10 Stepping 0, AuthenticAMD" />

          <property name="user.timezone" value="" />

          <property name="env.TEMP" value="C:\Users\Sneha\AppData\Local\Temp" />

          <property name="sun.arch.data.model" value="64" />

          <property name="env.AntTest" value="C:\Sparkweave-Selenium\ANT\apache-ant-1.8.2" />

          <property name="java.endorsed.dirs" value="C:\Java\jdk1.7.0\jre\lib\endorsed" />

          <property name="env._JAVACMD" value="java.exe" />

          <property name="sun.cpu.isalist" value="amd64" />

          <property name="env.HOMEDRIVE" value="C:" />

          <property name="sun.jnu.encoding" value="Cp1252" />

          <property name="file.encoding.pkg" value="sun.io" />

          <property name="file.separator" value="\" />

          <property name="java.specification.name" value="Java Platform API Specification" />

          <property name="java.class.version" value="51.0" />

          <property name="env.JAVA HOME" value="C:\Java\jdk1.7.0\bin" />

          <property name="user.country" value="US" />

          <property name="java.home" value="C:\Java\jdk1.7.0\jre" />

          <property name="env.PSModulePath" value="C:\Windows\system32\WindowsPowerShell\v1.0\Modules\" />

          <property name="env.APPDATA" value="C:\Users\Sneha\AppData\Roaming" />

          <property name="env.PUBLIC" value="C:\Users\Public" />

          <property name="env.windows_tracing_logfile" value="C:\BVTBin\Tests\installpackage\csilogfile.log" />

          <property name="java.vm.info" value="mixed mode" />

          <property name="env.ComSpec" value="C:\Windows\system32\cmd.exe" />

          <property name="env.OS" value="Windows_NT" />

          <property name="env.CommonProgramFiles" value="C:\Program Files\Common Files" />

          <property name="ant.file" value="C:\Users\Sneha\SPW\spw_001\build.xml" />

          <property name="os.version" value="6.1" />

          <property name="test.home" value="C:\Users\Sneha\SPW\spw_001" />

          <property name="env.ProgramW6432" value="C:\Program Files" />

          <property name="env._USE_CLASSPATH" value="no" />

          <property name="path.separator" value=";" />

          <property name="java.vm.version" value="21.0-b17" />

          <property name="user.variant" value="" />

          <property name="env.USERPROFILE" value="C:\Users\Sneha" />

          <property name="ant.library.dir" value="C:\Apache ANT\ANT\apache-ant-1.8.2\lib" />

          <property name="java.awt.printerjob" value="sun.awt.windows.WPrinterJob" />

          <property name="env.TMP" value="C:\Users\Sneha\AppData\Local\Temp" />

          <property name="sun.io.unicode.encoding" value="UnicodeLittle" />

          <property name="awt.toolkit" value="sun.awt.windows.WToolkit" />

          <property name="user.script" value="" />

          <property name="ant.reports" value="C:\Users\Sneha\SPW\spw_001/ant_result" />

          <property name="user.home" value="C:\Users\Sneha" />

          <property name="test.dest" value="C:\Users\Sneha\SPW\spw_001/ant_build" />

          <property name="env.ProgramData" value="C:\ProgramData" />

          <property name="env.ProgramFiles(x86)" value="C:\Program Files (x86)" />

          <property name="java.specification.vendor" value="Oracle Corporation" />

          <property name="java.vendor.url" value="http://java.oracle.com/" />

          <property name="java.library.path" value="C:\Java\jdk1.7.0\jre\bin;C:\Windows\Sun\Java\bin;C:\Windows\system32;C:\Windows;C:\Safari\Safari.exe;C:\Program Files (x86)\Microsoft Silverlight\4.0.60531.0;C:\Java\jdk1.7.0\bin;C:\Vim\vim73\gvim.exe;C:\Sparkweave-Selenium\ANT\apache-ant-1.8.2\bin;." />

          <property name="env.NUMBER_OF_PROCESSORS" value="6" />

          <property name="ant.file.type.myJUnitTests" value="file" />

          <property name="java.vm.vendor" value="Oracle Corporation" />

          <property name="java.runtime.name" value="Java(TM) SE Runtime Environment" />

          <property name="ant.version" value="Apache Ant(TM) version 1.8.2 compiled on December 20 2010" />

          <property name="sun.java.command" value="org.apache.tools.ant.taskdefs.optional.junit.JUnitTestRunner sanity_ff.PermsOnReply_DraftsPage filtertrace=true haltOnError=false haltOnFailure=false formatter=org.apache.tools.ant.taskdefs.optional.junit.SummaryJUnitResultFormatter showoutput=false outputtoformatters=true logfailedtests=true logtestlistenerevents=false formatter=org.apache.tools.ant.taskdefs.optional.junit.XMLJUnitResultFormatter,C:\Users\Sneha\SPW\spw_001\ant_result\TEST-sanity_ff.PermsOnReply_DraftsPage.xml crashfile=C:\Users\Sneha\SPW\spw_001\junitvmwatcher1361130350201367837.properties propsfile=C:\Users\Sneha\SPW\spw_001\junit3542724759959397875.properties" />

          <property name="java.class.path" value="C:\Users\Sneha\SPW\spw_001\ant_build;C:\Sparkweave-Selenium\JAR\Silverlight-Selenium.jar;C:\Sparkweave-Selenium\JAR\junit-4.8.1.jar;C:\Sparkweave-Selenium\JAR\poi-3.7-20101029.jar;C:\Sparkweave-Selenium\JAR\selenium-ie-driver-2.0b3.jar;C:\Sparkweave-Selenium\JAR\selenium-java-2.14.0-srcs.jar;C:\Sparkweave-Selenium\JAR\selenium-java-2.14.0.jar;C:\Sparkweave-Selenium\JAR\selenium-server-standalone-2.14.0.jar;C:\Sparkweave-Selenium\JAR\selenium-server-standalone-2.7.0.jar;C:\Sparkweave-Selenium\JAR\selenium-server.jar;C:\Sparkweave-Selenium\JAR\testng-6.1.1.jar;C:\Apache ANT\ANT\apache-ant-1.8.2\lib\ant-launcher.jar;C:\Apache ANT\ANT\apache-ant-1.8.2\lib\ant.jar;C:\Apache ANT\ANT\apache-ant-1.8.2\lib\ant-junit.jar;C:\Apache ANT\ANT\apache-ant-1.8.2\lib\ant-junit4.jar" />

          <property name="java.vm.specification.name" value="Java Virtual Machine Specification" />

          <property name="ant.file.type" value="file" />

          <property name="env.windir" value="C:\Windows" />

          <property name="env.LOGONSERVER" value="\\SNEHA-PC" />

          <property name="ant.file.myJUnitTests" value="C:\Users\Sneha\SPW\spw_001\build.xml" />

          <property name="java.vm.specification.version" value="1.7" />

          <property name="env.PROCESSOR_ARCHITECTURE" value="AMD64" />

          <property name="sun.os.patch.level" value="Service Pack 1" />

          <property name="sun.cpu.endian" value="little" />

          <property name="env.ANT_HOME" value="C:\Apache ANT\ANT\apache-ant-1.8.2" />

          <property name="env.ProgramFiles" value="C:\Program Files" />

          <property name="java.io.tmpdir" value="C:\Users\Sneha\AppData\Local\Temp\" />

          <property name="env.PROCESSOR_REVISION" value="0a00" />

          <property name="env.CommonProgramFiles(x86)" value="C:\Program Files (x86)\Common Files" />

          <property name="test.src" value="C:\Users\Sneha\SPW\spw_001/src" />

          <property name="java.vendor.url.bug" value="http://bugreport.sun.com/bugreport/" />

          <property name="env.SystemRoot" value="C:\Windows" />

          <property name="java.awt.graphicsenv" value="sun.awt.Win32GraphicsEnvironment" />

          <property name="os.arch" value="amd64" />

          <property name="env.ANT_CMD_LINE_ARGS" value=" run" />

          <property name="java.ext.dirs" value="C:\Java\jdk1.7.0\jre\lib\ext;C:\Windows\Sun\Java\lib\ext" />

          <property name="env.LOCALAPPDATA" value="C:\Users\Sneha\AppData\Local" />

          <property name="user.dir" value="C:\Users\Sneha\SPW\spw_001" />

          <property name="line.separator" value="&#xd;&#xa;" />

          <property name="java.vm.name" value="Java HotSpot(TM) 64-Bit Server VM" />

          <property name="env.PATHEXT" value=".COM;.EXE;.BAT;.CMD;.VBS;.VBE;.JS;.JSE;.WSF;.WSH;.MSC" />

          <property name="basedir" value="C:\Users\Sneha\SPW\spw_001" />

          <property name="ant.java.version" value="1.7" />

          <property name="ant.core.lib" value="C:\Apache ANT\ANT\apache-ant-1.8.2\lib\ant.jar" />

          <property name="env.USERNAME" value="Sneha" />

          <property name="env.SystemDrive" value="C:" />

          <property name="file.encoding" value="Cp1252" />

          <property name="env.USERDOMAIN" value="Sneha-PC" />

          <property name="java.specification.version" value="1.7" />

          <property name="env.=C:" value="C:\Users\Sneha\SPW\spw_001" />

          <property name="ant.project.invoked-targets" value="run" />

          <property name="env.PROCESSOR_LEVEL" value="16" />

      </properties>

      <testcase classname="sanity_ff.PermsOnReply_DraftsPage" name="NonSecureGreaterThan25mb" time="73.743">
          <error message="Unable to locate element: {&quot;method&quot;:&quot;id&quot;,&quot;selector&quot;:&quot;reply&quot;}; duration or timeout: 30.05 seconds&#xa;For documentation on this error, please visit: http://seleniumhq.org/exceptions/no_such_element.html&#xa;Build info: version: &apos;2.14.0&apos;, revision: &apos;14955&apos;, time: &apos;2011-11-29 11:43:45&apos;&#xa;System info: os.name: &apos;Windows 7&apos;, os.arch: &apos;amd64&apos;, os.version: &apos;6.1&apos;, java.version: &apos;1.7.0&apos;&#xa;Driver info: driver.version: RemoteWebDriver" type="org.openqa.selenium.NoSuchElementException">org.openqa.selenium.NoSuchElementException: Unable to locate element: {&quot;method&quot;:&quot;id&quot;,&quot;selector&quot;:&quot;reply&quot;}; duration or timeout: 30.05 seconds
For documentation on this error, please visit: http://seleniumhq.org/exceptions/no_such_element.html
Build info: version: &apos;2.14.0&apos;, revision: &apos;14955&apos;, time: &apos;2011-11-29 11:43:45&apos;
System info: os.name: &apos;Windows 7&apos;, os.arch: &apos;amd64&apos;, os.version: &apos;6.1&apos;, java.version: &apos;1.7.0&apos;
Driver info: driver.version: RemoteWebDriver
	at java.lang.reflect.Constructor.newInstance(Constructor.java:525)
	at org.openqa.selenium.remote.ErrorHandler.createThrowable(ErrorHandler.java:147)
	at org.openqa.selenium.remote.ErrorHandler.throwIfResponseFailed(ErrorHandler.java:113)
	at org.openqa.selenium.remote.RemoteWebDriver.execute(RemoteWebDriver.java:400)
	at org.openqa.selenium.remote.RemoteWebDriver.findElement(RemoteWebDriver.java:202)
	at org.openqa.selenium.remote.RemoteWebDriver.findElementById(RemoteWebDriver.java:219)
	at org.openqa.selenium.By$ById.findElement(By.java:216)
	at org.openqa.selenium.remote.RemoteWebDriver.findElement(RemoteWebDriver.java:194)
	at sanity_ff.PermsOnReply_DraftsPage.NonSecureGreaterThan25mb(PermsOnReply_DraftsPage.java:624)
Caused by: org.openqa.selenium.remote.ErrorHandler$UnknownServerException: Unable to locate element: {&quot;method&quot;:&quot;id&quot;,&quot;selector&quot;:&quot;reply&quot;}
Build info: version: &apos;2.14.0&apos;, revision: &apos;14955&apos;, time: &apos;2011-11-29 11:43:45&apos;
System info: os.name: &apos;Windows 7&apos;, os.arch: &apos;amd64&apos;, os.version: &apos;6.1&apos;, java.version: &apos;1.7.0&apos;
Driver info: driver.version: unknown
	at &lt;anonymous class&gt;.&lt;anonymous method&gt;(file:///C:/Users/Sneha/AppData/Local/Temp/anonymous4875986679731776678webdriver-profile/extensions/fxdriver@googlecode.com/components/driver-component.js -&gt; file:///C:/Users/Sneha/AppData/Local/Temp/anonymous4875986679731776678webdriver-profile/extensions/fxdriver@googlecode.com/components/firefoxDriver.js:389)
	at &lt;anonymous class&gt;.&lt;anonymous method&gt;(resource://fxdriver/modules/utils.js:9466)
</error>

      </testcase>

      <testcase classname="sanity_ff.PermsOnReply_DraftsPage" name="SecureNoattachs" time="185.517" />

      <testcase classname="sanity_ff.PermsOnReply_DraftsPage" name="SecureLesserThan25mb" time="96.301">
          <error message="Error communicating with the remote browser. It may have died.&#xa;Build info: version: &apos;2.14.0&apos;, revision: &apos;14955&apos;, time: &apos;2011-11-29 11:43:45&apos;&#xa;System info: os.name: &apos;Windows 7&apos;, os.arch: &apos;amd64&apos;, os.version: &apos;6.1&apos;, java.version: &apos;1.7.0&apos;&#xa;Driver info: driver.version: RemoteWebDriver" type="org.openqa.selenium.WebDriverException">org.openqa.selenium.WebDriverException: Error communicating with the remote browser. It may have died.
Build info: version: &apos;2.14.0&apos;, revision: &apos;14955&apos;, time: &apos;2011-11-29 11:43:45&apos;
System info: os.name: &apos;Windows 7&apos;, os.arch: &apos;amd64&apos;, os.version: &apos;6.1&apos;, java.version: &apos;1.7.0&apos;
Driver info: driver.version: RemoteWebDriver
	at org.openqa.selenium.remote.RemoteWebDriver.execute(RemoteWebDriver.java:396)
	at org.openqa.selenium.remote.RemoteWebDriver.findElement(RemoteWebDriver.java:202)
	at org.openqa.selenium.remote.RemoteWebDriver.findElementByXPath(RemoteWebDriver.java:275)
	at org.openqa.selenium.By$ByXPath.findElement(By.java:344)
	at org.openqa.selenium.remote.RemoteWebDriver.findElement(RemoteWebDriver.java:194)
	at sanity_ff.Functions.NoErrorMssg(Functions.java:799)
	at sanity_ff.PermsOnReply_DraftsPage.SecureLesserThan25mb(PermsOnReply_DraftsPage.java:1049)
Caused by: java.net.SocketException: Permission denied: connect
	at java.net.DualStackPlainSocketImpl.connect0(Native Method)
	at java.net.DualStackPlainSocketImpl.socketConnect(DualStackPlainSocketImpl.java:73)
	at java.net.AbstractPlainSocketImpl.doConnect(AbstractPlainSocketImpl.java:337)
	at java.net.AbstractPlainSocketImpl.connectToAddress(AbstractPlainSocketImpl.java:198)
	at java.net.AbstractPlainSocketImpl.connect(AbstractPlainSocketImpl.java:180)
	at java.net.PlainSocketImpl.connect(PlainSocketImpl.java:157)
	at java.net.SocksSocketImpl.connect(SocksSocketImpl.java:391)
	at java.net.Socket.connect(Socket.java:579)
	at org.apache.http.conn.scheme.PlainSocketFactory.connectSocket(PlainSocketFactory.java:123)
	at org.apache.http.impl.conn.DefaultClientConnectionOperator.openConnection(DefaultClientConnectionOperator.java:148)
	at org.apache.http.impl.conn.AbstractPoolEntry.open(AbstractPoolEntry.java:149)
	at org.apache.http.impl.conn.AbstractPooledConnAdapter.open(AbstractPooledConnAdapter.java:121)
	at org.apache.http.impl.client.DefaultRequestDirector.tryConnect(DefaultRequestDirector.java:573)
	at org.apache.http.impl.client.DefaultRequestDirector.execute(DefaultRequestDirector.java:425)
	at org.apache.http.impl.client.AbstractHttpClient.execute(AbstractHttpClient.java:820)
	at org.openqa.selenium.remote.HttpCommandExecutor.fallBackExecute(HttpCommandExecutor.java:395)
	at org.openqa.selenium.remote.HttpCommandExecutor.execute(HttpCommandExecutor.java:374)
	at org.openqa.selenium.firefox.internal.NewProfileExtensionConnection.execute(NewProfileExtensionConnection.java:122)
	at org.openqa.selenium.firefox.FirefoxDriver$LazyCommandExecutor.execute(FirefoxDriver.java:226)
	at org.openqa.selenium.remote.RemoteWebDriver.execute(RemoteWebDriver.java:382)
</error>

          <error message="Error communicating with the remote browser. It may have died.&#xa;Build info: version: &apos;2.14.0&apos;, revision: &apos;14955&apos;, time: &apos;2011-11-29 11:43:45&apos;&#xa;System info: os.name: &apos;Windows 7&apos;, os.arch: &apos;amd64&apos;, os.version: &apos;6.1&apos;, java.version: &apos;1.7.0&apos;&#xa;Driver info: driver.version: RemoteWebDriver" type="org.openqa.selenium.WebDriverException">org.openqa.selenium.WebDriverException: Error communicating with the remote browser. It may have died.
Build info: version: &apos;2.14.0&apos;, revision: &apos;14955&apos;, time: &apos;2011-11-29 11:43:45&apos;
System info: os.name: &apos;Windows 7&apos;, os.arch: &apos;amd64&apos;, os.version: &apos;6.1&apos;, java.version: &apos;1.7.0&apos;
Driver info: driver.version: RemoteWebDriver
	at org.openqa.selenium.remote.RemoteWebDriver.execute(RemoteWebDriver.java:396)
	at org.openqa.selenium.remote.RemoteWebDriver.execute(RemoteWebDriver.java:404)
	at org.openqa.selenium.remote.RemoteWebDriver.quit(RemoteWebDriver.java:294)
	at sanity_ff.PermsOnReply_DraftsPage.tearDown(PermsOnReply_DraftsPage.java:1895)
Caused by: java.net.SocketException: Permission denied: connect
	at java.net.DualStackPlainSocketImpl.connect0(Native Method)
	at java.net.DualStackPlainSocketImpl.socketConnect(DualStackPlainSocketImpl.java:73)
	at java.net.AbstractPlainSocketImpl.doConnect(AbstractPlainSocketImpl.java:337)
	at java.net.AbstractPlainSocketImpl.connectToAddress(AbstractPlainSocketImpl.java:198)
	at java.net.AbstractPlainSocketImpl.connect(AbstractPlainSocketImpl.java:180)
	at java.net.PlainSocketImpl.connect(PlainSocketImpl.java:157)
	at java.net.SocksSocketImpl.connect(SocksSocketImpl.java:391)
	at java.net.Socket.connect(Socket.java:579)
	at org.apache.http.conn.scheme.PlainSocketFactory.connectSocket(PlainSocketFactory.java:123)
	at org.apache.http.impl.conn.DefaultClientConnectionOperator.openConnection(DefaultClientConnectionOperator.java:148)
	at org.apache.http.impl.conn.AbstractPoolEntry.open(AbstractPoolEntry.java:149)
	at org.apache.http.impl.conn.AbstractPooledConnAdapter.open(AbstractPooledConnAdapter.java:121)
	at org.apache.http.impl.client.DefaultRequestDirector.tryConnect(DefaultRequestDirector.java:573)
	at org.apache.http.impl.client.DefaultRequestDirector.execute(DefaultRequestDirector.java:425)
	at org.apache.http.impl.client.AbstractHttpClient.execute(AbstractHttpClient.java:820)
	at org.openqa.selenium.remote.HttpCommandExecutor.fallBackExecute(HttpCommandExecutor.java:395)
	at org.openqa.selenium.remote.HttpCommandExecutor.execute(HttpCommandExecutor.java:374)
	at org.openqa.selenium.firefox.internal.NewProfileExtensionConnection.execute(NewProfileExtensionConnection.java:122)
	at org.openqa.selenium.firefox.FirefoxDriver$LazyCommandExecutor.execute(FirefoxDriver.java:226)
	at org.openqa.selenium.remote.RemoteWebDriver.execute(RemoteWebDriver.java:382)
</error>

      </testcase>

      <testcase classname="sanity_ff.PermsOnReply_DraftsPage" name="NonSecureNoattachs" time="65.007">
          <error message="Unable to locate element: {&quot;method&quot;:&quot;id&quot;,&quot;selector&quot;:&quot;reply&quot;}; duration or timeout: 30.11 seconds&#xa;For documentation on this error, please visit: http://seleniumhq.org/exceptions/no_such_element.html&#xa;Build info: version: &apos;2.14.0&apos;, revision: &apos;14955&apos;, time: &apos;2011-11-29 11:43:45&apos;&#xa;System info: os.name: &apos;Windows 7&apos;, os.arch: &apos;amd64&apos;, os.version: &apos;6.1&apos;, java.version: &apos;1.7.0&apos;&#xa;Driver info: driver.version: RemoteWebDriver" type="org.openqa.selenium.NoSuchElementException">org.openqa.selenium.NoSuchElementException: Unable to locate element: {&quot;method&quot;:&quot;id&quot;,&quot;selector&quot;:&quot;reply&quot;}; duration or timeout: 30.11 seconds
For documentation on this error, please visit: http://seleniumhq.org/exceptions/no_such_element.html
Build info: version: &apos;2.14.0&apos;, revision: &apos;14955&apos;, time: &apos;2011-11-29 11:43:45&apos;
System info: os.name: &apos;Windows 7&apos;, os.arch: &apos;amd64&apos;, os.version: &apos;6.1&apos;, java.version: &apos;1.7.0&apos;
Driver info: driver.version: RemoteWebDriver
	at java.lang.reflect.Constructor.newInstance(Constructor.java:525)
	at org.openqa.selenium.remote.ErrorHandler.createThrowable(ErrorHandler.java:147)
	at org.openqa.selenium.remote.ErrorHandler.throwIfResponseFailed(ErrorHandler.java:113)
	at org.openqa.selenium.remote.RemoteWebDriver.execute(RemoteWebDriver.java:400)
	at org.openqa.selenium.remote.RemoteWebDriver.findElement(RemoteWebDriver.java:202)
	at org.openqa.selenium.remote.RemoteWebDriver.findElementById(RemoteWebDriver.java:219)
	at org.openqa.selenium.By$ById.findElement(By.java:216)
	at org.openqa.selenium.remote.RemoteWebDriver.findElement(RemoteWebDriver.java:194)
	at sanity_ff.PermsOnReply_DraftsPage.NonSecureNoattachs(PermsOnReply_DraftsPage.java:84)
Caused by: org.openqa.selenium.remote.ErrorHandler$UnknownServerException: Unable to locate element: {&quot;method&quot;:&quot;id&quot;,&quot;selector&quot;:&quot;reply&quot;}
Build info: version: &apos;2.14.0&apos;, revision: &apos;14955&apos;, time: &apos;2011-11-29 11:43:45&apos;
System info: os.name: &apos;Windows 7&apos;, os.arch: &apos;amd64&apos;, os.version: &apos;6.1&apos;, java.version: &apos;1.7.0&apos;
Driver info: driver.version: unknown
	at &lt;anonymous class&gt;.&lt;anonymous method&gt;(file:///C:/Users/Sneha/AppData/Local/Temp/anonymous1188833413387195805webdriver-profile/extensions/fxdriver@googlecode.com/components/driver-component.js -&gt; file:///C:/Users/Sneha/AppData/Local/Temp/anonymous1188833413387195805webdriver-profile/extensions/fxdriver@googlecode.com/components/firefoxDriver.js:389)
	at &lt;anonymous class&gt;.&lt;anonymous method&gt;(resource://fxdriver/modules/utils.js:9466)
</error>

      </testcase>

      <testcase classname="sanity_ff.PermsOnReply_DraftsPage" name="NonSecureLesserThan25mb" time="63.682">
          <error message="Unable to locate element: {&quot;method&quot;:&quot;id&quot;,&quot;selector&quot;:&quot;reply&quot;}; duration or timeout: 30.01 seconds&#xa;For documentation on this error, please visit: http://seleniumhq.org/exceptions/no_such_element.html&#xa;Build info: version: &apos;2.14.0&apos;, revision: &apos;14955&apos;, time: &apos;2011-11-29 11:43:45&apos;&#xa;System info: os.name: &apos;Windows 7&apos;, os.arch: &apos;amd64&apos;, os.version: &apos;6.1&apos;, java.version: &apos;1.7.0&apos;&#xa;Driver info: driver.version: RemoteWebDriver" type="org.openqa.selenium.NoSuchElementException">org.openqa.selenium.NoSuchElementException: Unable to locate element: {&quot;method&quot;:&quot;id&quot;,&quot;selector&quot;:&quot;reply&quot;}; duration or timeout: 30.01 seconds
For documentation on this error, please visit: http://seleniumhq.org/exceptions/no_such_element.html
Build info: version: &apos;2.14.0&apos;, revision: &apos;14955&apos;, time: &apos;2011-11-29 11:43:45&apos;
System info: os.name: &apos;Windows 7&apos;, os.arch: &apos;amd64&apos;, os.version: &apos;6.1&apos;, java.version: &apos;1.7.0&apos;
Driver info: driver.version: RemoteWebDriver
	at java.lang.reflect.Constructor.newInstance(Constructor.java:525)
	at org.openqa.selenium.remote.ErrorHandler.createThrowable(ErrorHandler.java:147)
	at org.openqa.selenium.remote.ErrorHandler.throwIfResponseFailed(ErrorHandler.java:113)
	at org.openqa.selenium.remote.RemoteWebDriver.execute(RemoteWebDriver.java:400)
	at org.openqa.selenium.remote.RemoteWebDriver.findElement(RemoteWebDriver.java:202)
	at org.openqa.selenium.remote.RemoteWebDriver.findElementById(RemoteWebDriver.java:219)
	at org.openqa.selenium.By$ById.findElement(By.java:216)
	at org.openqa.selenium.remote.RemoteWebDriver.findElement(RemoteWebDriver.java:194)
	at sanity_ff.PermsOnReply_DraftsPage.NonSecureLesserThan25mb(PermsOnReply_DraftsPage.java:1265)
Caused by: org.openqa.selenium.remote.ErrorHandler$UnknownServerException: Unable to locate element: {&quot;method&quot;:&quot;id&quot;,&quot;selector&quot;:&quot;reply&quot;}
Build info: version: &apos;2.14.0&apos;, revision: &apos;14955&apos;, time: &apos;2011-11-29 11:43:45&apos;
System info: os.name: &apos;Windows 7&apos;, os.arch: &apos;amd64&apos;, os.version: &apos;6.1&apos;, java.version: &apos;1.7.0&apos;
Driver info: driver.version: unknown
	at &lt;anonymous class&gt;.&lt;anonymous method&gt;(file:///C:/Users/Sneha/AppData/Local/Temp/anonymous8162828705622550558webdriver-profile/extensions/fxdriver@googlecode.com/components/driver-component.js -&gt; file:///C:/Users/Sneha/AppData/Local/Temp/anonymous8162828705622550558webdriver-profile/extensions/fxdriver@googlecode.com/components/firefoxDriver.js:389)
	at &lt;anonymous class&gt;.&lt;anonymous method&gt;(resource://fxdriver/modules/utils.js:9466)
</error>

      </testcase>

      <testcase classname="sanity_ff.PermsOnReply_DraftsPage" name="SecureGreaterThan25mb" time="230.149" />

      <system-out><![CDATA[Testing user with LFT perms only
First: The page title is Inbox
SUCCESS:Mail successfully sent !
Navigating to base URL
The count for tbody is 1
The count for tr is 26
The count for td is 5
i was here!

i was here!

i was here!

i was here!

i was here!

The count for td is 5
i was here!

i was here!
sneha.qa.24@gmail.com
i was here!
Re: TC--198
i was here!
1 - 47.2 MB
i was here!
11:51am today
The count for td is 5
i was here!

i was here!
snehamtd002@yahoo.com
i was here!
Re: TC--197
i was here!
1 - 47.2 MB
i was here!
11:50am today
The count for td is 5
i was here!

i was here!
sneha.qa.24@gmail.com
i was here!
TC--197
i was here!
0 - 0 bytes
i was here!
11:48am today
The count for td is 5
i was here!

i was here!
sneha.qa.24@gmail.com
i was here!
Re: TC--191
i was here!
1 - 267.3 KB
i was here!
11:45am today
The count for td is 5
i was here!

i was here!
snehamtd002@yahoo.com
i was here!
Re: TC--190
i was here!
1 - 267.3 KB
i was here!
11:44am today
The count for td is 5
i was here!

i was here!
sneha.qa.24@gmail.com
i was here!
TC--189
i was here!
0 - 0 bytes
i was here!
11:43am today
The count for td is 5
i was here!

i was here!
sneha.qa.24@gmail.com
i was here!
Re: TC--183
i was here!
0 - 0 bytes
i was here!
11:42am today
The count for td is 5
i was here!

i was here!
snehamtd002@yahoo.com
i was here!
Re: TC--182
i was here!
0 - 0 bytes
i was here!
11:41am today
The count for td is 5
i was here!

i was here!
sneha.qa.24@gmail.com
i was here!
TC--181
i was here!
0 - 0 bytes
i was here!
11:40am today
The count for td is 5
i was here!

i was here!
sneha.qa.24@gmail.com
i was here!
TC--149
i was here!
1 - 47.2 MB
i was here!
11:37am today
The count for td is 5
i was here!

i was here!
sneha.qa.24@gmail.com
i was here!
TC--141
i was here!
1 - 267.3 KB
i was here!
11:35am today
The count for td is 5
i was here!

i was here!
sneha.qa.24@gmail.com
i was here!
Fwd: TC--135
i was here!
0 - 0 bytes
i was here!
11:33am today
The count for td is 5
i was here!

i was here!
snehamtd002@yahoo.com
i was here!
Fwd: TC--134
i was here!
0 - 0 bytes
i was here!
11:32am today
The count for td is 5
i was here!

i was here!
sneha.qa.24@gmail.com
i was here!
TC--133
i was here!
0 - 0 bytes
i was here!
11:31am today
The count for td is 5
i was here!

i was here!
sneha.qa.24@gmail.com
i was here!
TC--127
i was here!
1 - 47.2 MB
i was here!
11:29am today
The count for td is 5
i was here!

i was here!
snehamtd002@yahoo.com
i was here!
TC--126
i was here!
1 - 47.2 MB
i was here!
11:28am today
The count for td is 5
i was here!

i was here!
sneha.qa.24@gmail.com
i was here!
TC--119
i was here!
1 - 267.3 KB
i was here!
11:23am today
The count for td is 5
i was here!

i was here!
snehamtd002@yahoo.com
i was here!
TC--118
i was here!
1 - 267.3 KB
i was here!
11:22am today
The count for td is 5
i was here!

i was here!
sneha.qa.24@gmail.com
i was here!
Re: TC--87
i was here!
0 - 0 bytes
i was here!
10:32am today
The count for td is 5
i was here!

i was here!
snehamtd002@yahoo.com
i was here!
Re: TC--86
i was here!
0 - 0 bytes
i was here!
10:32am today
The count for td is 5
i was here!

i was here!
sneha.qa.24@gmail.com
i was here!
TC--85
i was here!
0 - 0 bytes
i was here!
10:31am today
The count for td is 5
i was here!

i was here!
sneha.qa.24@gmail.com
i was here!
Re: TC--79
i was here!
1 - 47.2 MB
i was here!
10:30am today
The count for td is 5
i was here!

i was here!
snehamtd002@yahoo.com
i was here!
Re: TC--78
i was here!
1 - 47.2 MB
i was here!
10:29am today
The count for td is 5
i was here!

i was here!
sneha.qa.24@gmail.com
i was here!
TC--77
i was here!
0 - 0 bytes
i was here!
10:28am today
The count for td is 5
i was here!

i was here!
sneha.qa.24@gmail.com
i was here!
Re: TC--71
i was here!
1 - 267.3 KB
i was here!
10:26am today
Testing user with LFT perms only
First: The page title is Inbox
SUCCESS:Mail successfully sent !
Navigating to base URL
The count for tbody is 1
The count for tr is 26
The count for td is 5
i was here!

i was here!

i was here!

i was here!

i was here!

The count for td is 5
i was here!

i was here!
sneha.qa.24@gmail.com
i was here!
TC--157
muunni.24@gmail.com
This email is considered a secure email.  Since you do not have a secure email license, your recipients are required to.  
PASS for muunni.24@gmail.com
Removed user muunni.24@gmail.com from recipient list
snehamtd002@yahoo.com
PASS for snehamtd002@yahoo.com
sneha.qa.24@gmail.com
PASS for sneha.qa.24@gmail.com
snehamtd001@gmail.com
This email is considered a secure email.  Since you do not have a secure email license, your recipients are required to.  
PASS for snehamtd001@gmail.com
Removed user snehamtd001@gmail.com from recipient list
The count for tbody is 1
The count for tr is 2
The count for td is 5
i was here!

i was here!

i was here!

i was here!

i was here!

The count for td is 5
i was here!

i was here!
sneha.qa.24@gmail.com; snehamtd002@yahoo.com
i was here!
Re: TC--157
muunni.24@gmail.com
This email is considered a secure email.  Since you do not have a secure email license, your recipients are required to.  
PASS for muunni.24@gmail.com
Removed user muunni.24@gmail.com from recipient list
snehamtd002@yahoo.com
PASS for snehamtd002@yahoo.com
sneha.qa.24@gmail.com
PASS for sneha.qa.24@gmail.com
snehamtd001@gmail.com
This email is considered a secure email.  Since you do not have a secure email license, your recipients are required to.  
PASS for snehamtd001@gmail.com
Removed user snehamtd001@gmail.com from recipient list
PASS:Mail successfully sent.
Testing user with SECURE perms only
First: The page title is Inbox
SUCCESS:Mail successfully sent !
Navigating to base URL
The count for tbody is 1
The count for tr is 26
The count for td is 5
i was here!

i was here!

i was here!

i was here!

i was here!

The count for td is 5
i was here!

i was here!
sneha.qa.24@gmail.com
i was here!
TC--158
muunni.24@gmail.com
PASS for muunni.24@gmail.com
snehamtd002@yahoo.com
PASS for snehamtd002@yahoo.com
sneha.qa.24@gmail.com
PASS for sneha.qa.24@gmail.com
snehamtd001@gmail.com
PASS for snehamtd001@gmail.com
The count for tbody is 1
The count for tr is 2
The count for td is 5
i was here!

i was here!

i was here!

i was here!

i was here!

The count for td is 5
i was here!

i was here!
sneha.qa.24@gmail.com; muunni.24@gmail.com; snehamtd001@gmail.com; snehamtd002@yahoo.com
i was here!
Re: TC--158
muunni.24@gmail.com
PASS for muunni.24@gmail.com
snehamtd002@yahoo.com
PASS for snehamtd002@yahoo.com
sneha.qa.24@gmail.com
PASS for sneha.qa.24@gmail.com
snehamtd001@gmail.com
PASS for snehamtd001@gmail.com
PASS:Mail successfully sent.
Testing user with ALL perms
First: The page title is Inbox
SUCCESS:Mail successfully sent !
Navigating to base URL
The count for tbody is 1
The count for tr is 26
The count for td is 5
i was here!

i was here!

i was here!

i was here!

i was here!

The count for td is 5
i was here!

i was here!
sneha.qa.24@gmail.com
i was here!
TC--159
muunni.24@gmail.com
PASS for muunni.24@gmail.com
snehamtd002@yahoo.com
PASS for snehamtd002@yahoo.com
sneha.qa.24@gmail.com
PASS for sneha.qa.24@gmail.com
snehamtd001@gmail.com
PASS for snehamtd001@gmail.com
The count for tbody is 1
The count for tr is 9
The count for td is 5
i was here!

i was here!

i was here!

i was here!

i was here!

The count for td is 5
i was here!

i was here!
sneha.qa.24@gmail.com; muunni.24@gmail.com; snehamtd001@gmail.com; snehamtd002@yahoo.com
i was here!
Re: TC--159
muunni.24@gmail.com
PASS for muunni.24@gmail.com
snehamtd002@yahoo.com
PASS for snehamtd002@yahoo.com
sneha.qa.24@gmail.com
PASS for sneha.qa.24@gmail.com
snehamtd001@gmail.com
PASS for snehamtd001@gmail.com
PASS:Mail successfully sent.
Testing user with NO perms
First: The page title is Inbox
SUCCESS:Mail successfully sent !
Navigating to base URL
The count for tbody is 1
The count for tr is 26
The count for td is 5
i was here!

i was here!

i was here!

i was here!

i was here!

The count for td is 5
i was here!

i was here!
sneha.qa.24@gmail.com
i was here!
TC--160
muunni.24@gmail.com
This email is considered a secure email.  Since you do not have a secure email license, your recipients are required to.  
PASS for muunni.24@gmail.com
Removed user muunni.24@gmail.com from recipient list
snehamtd002@yahoo.com
PASS for snehamtd002@yahoo.com
sneha.qa.24@gmail.com
PASS for sneha.qa.24@gmail.com
snehamtd001@gmail.com
This email is considered a secure email.  Since you do not have a secure email license, your recipients are required to.  
PASS for snehamtd001@gmail.com
Removed user snehamtd001@gmail.com from recipient list
The count for tbody is 1
The count for tr is 2
The count for td is 5
i was here!

i was here!

i was here!

i was here!

i was here!

The count for td is 5
i was here!

i was here!
sneha.qa.24@gmail.com; snehamtd002@yahoo.com
i was here!
Re: TC--160
muunni.24@gmail.com
This email is considered a secure email.  Since you do not have a secure email license, your recipients are required to.  
PASS for muunni.24@gmail.com
Removed user muunni.24@gmail.com from recipient list
snehamtd002@yahoo.com
PASS for snehamtd002@yahoo.com
sneha.qa.24@gmail.com
PASS for sneha.qa.24@gmail.com
snehamtd001@gmail.com
This email is considered a secure email.  Since you do not have a secure email license, your recipients are required to.  
PASS for snehamtd001@gmail.com
Removed user snehamtd001@gmail.com from recipient list
PASS:Mail successfully sent.
Testing user with LFT perms only
First: The page title is Inbox
SUCCESS:Mail successfully sent !
Navigating to base URL
The count for tbody is 1
The count for tr is 26
The count for td is 5
i was here!

i was here!

i was here!

i was here!

i was here!

The count for td is 5
i was here!

i was here!
sneha.qa.24@gmail.com
i was here!
TC--165
muunni.24@gmail.com
This email is considered a secure email.  Since you do not have a secure email license, your recipients are required to.  
PASS for muunni.24@gmail.com
Removed user muunni.24@gmail.com from recipient list
snehamtd002@yahoo.com
PASS for snehamtd002@yahoo.com
sneha.qa.24@gmail.com
PASS for sneha.qa.24@gmail.com
snehamtd001@gmail.com
This email is considered a secure email.  Since you do not have a secure email license, your recipients are required to.  
PASS for snehamtd001@gmail.com
Removed user snehamtd001@gmail.com from recipient list
The count for tbody is 1
The count for tr is 2
The count for td is 5
i was here!

i was here!

i was here!

i was here!

i was here!

The count for td is 5
i was here!

i was here!
sneha.qa.24@gmail.com; snehamtd002@yahoo.com
i was here!
Re: TC--165
muunni.24@gmail.com
This email is considered a secure email.  Since you do not have a secure email license, your recipients are required to.  
PASS for muunni.24@gmail.com
Removed user muunni.24@gmail.com from recipient list
snehamtd002@yahoo.com
PASS for snehamtd002@yahoo.com
sneha.qa.24@gmail.com
PASS for sneha.qa.24@gmail.com
snehamtd001@gmail.com
This email is considered a secure email.  Since you do not have a secure email license, your recipients are required to.  
PASS for snehamtd001@gmail.com
Removed user snehamtd001@gmail.com from recipient list
PASS:Mail successfully sent.
Testing user with SECURE perms only
First: The page title is Inbox
SUCCESS:Mail successfully sent !
Navigating to base URL
The count for tbody is 1
The count for tr is 26
The count for td is 5
i was here!

i was here!

i was here!

i was here!

i was here!

The count for td is 5
i was here!

i was here!
sneha.qa.24@gmail.com
i was here!
TC--166
muunni.24@gmail.com
PASS for muunni.24@gmail.com
snehamtd002@yahoo.com
PASS for snehamtd002@yahoo.com
sneha.qa.24@gmail.com
PASS for sneha.qa.24@gmail.com
Testing user with LFT perms only
First: The page title is Inbox
SUCCESS:Mail successfully sent !
Navigating to base URL
The count for tbody is 1
The count for tr is 26
The count for td is 5
i was here!

i was here!

i was here!

i was here!

i was here!

The count for td is 5
i was here!

i was here!
sneha.qa.24@gmail.com
i was here!
TC--165
i was here!
0 - 0 bytes
i was here!
11:57am today
The count for td is 5
i was here!

i was here!
sneha.qa.24@gmail.com
i was here!
Re: TC--159
i was here!
0 - 0 bytes
i was here!
11:56am today
The count for td is 5
i was here!

i was here!
snehamtd002@yahoo.com
i was here!
Re: TC--158
i was here!
0 - 0 bytes
i was here!
11:55am today
The count for td is 5
i was here!

i was here!
sneha.qa.24@gmail.com
i was here!
TC--157
i was here!
0 - 0 bytes
i was here!
11:53am today
The count for td is 5
i was here!

i was here!
sneha.qa.24@gmail.com
i was here!
Re: TC--198
i was here!
1 - 47.2 MB
i was here!
11:51am today
The count for td is 5
i was here!

i was here!
snehamtd002@yahoo.com
i was here!
Re: TC--197
i was here!
1 - 47.2 MB
i was here!
11:50am today
The count for td is 5
i was here!

i was here!
sneha.qa.24@gmail.com
i was here!
TC--197
i was here!
0 - 0 bytes
i was here!
11:48am today
The count for td is 5
i was here!

i was here!
sneha.qa.24@gmail.com
i was here!
Re: TC--191
i was here!
1 - 267.3 KB
i was here!
11:45am today
The count for td is 5
i was here!

i was here!
snehamtd002@yahoo.com
i was here!
Re: TC--190
i was here!
1 - 267.3 KB
i was here!
11:44am today
The count for td is 5
i was here!

i was here!
sneha.qa.24@gmail.com
i was here!
TC--189
i was here!
0 - 0 bytes
i was here!
11:43am today
The count for td is 5
i was here!

i was here!
sneha.qa.24@gmail.com
i was here!
Re: TC--183
i was here!
0 - 0 bytes
i was here!
11:42am today
The count for td is 5
i was here!

i was here!
snehamtd002@yahoo.com
i was here!
Re: TC--182
i was here!
0 - 0 bytes
i was here!
11:41am today
The count for td is 5
i was here!

i was here!
sneha.qa.24@gmail.com
i was here!
TC--181
i was here!
0 - 0 bytes
i was here!
11:40am today
The count for td is 5
i was here!

i was here!
sneha.qa.24@gmail.com
i was here!
TC--149
i was here!
1 - 47.2 MB
i was here!
11:37am today
The count for td is 5
i was here!

i was here!
sneha.qa.24@gmail.com
i was here!
TC--141
i was here!
1 - 267.3 KB
i was here!
11:35am today
The count for td is 5
i was here!

i was here!
sneha.qa.24@gmail.com
i was here!
Fwd: TC--135
i was here!
0 - 0 bytes
i was here!
11:33am today
The count for td is 5
i was here!

i was here!
snehamtd002@yahoo.com
i was here!
Fwd: TC--134
i was here!
0 - 0 bytes
i was here!
11:32am today
The count for td is 5
i was here!

i was here!
sneha.qa.24@gmail.com
i was here!
TC--133
i was here!
0 - 0 bytes
i was here!
11:31am today
The count for td is 5
i was here!

i was here!
sneha.qa.24@gmail.com
i was here!
TC--127
i was here!
1 - 47.2 MB
i was here!
11:29am today
The count for td is 5
i was here!

i was here!
snehamtd002@yahoo.com
i was here!
TC--126
i was here!
1 - 47.2 MB
i was here!
11:28am today
The count for td is 5
i was here!

i was here!
sneha.qa.24@gmail.com
i was here!
TC--119
i was here!
1 - 267.3 KB
i was here!
11:23am today
The count for td is 5
i was here!

i was here!
snehamtd002@yahoo.com
i was here!
TC--118
i was here!
1 - 267.3 KB
i was here!
11:22am today
The count for td is 5
i was here!

i was here!
sneha.qa.24@gmail.com
i was here!
Re: TC--87
i was here!
0 - 0 bytes
i was here!
10:32am today
The count for td is 5
i was here!

i was here!
snehamtd002@yahoo.com
i was here!
Re: TC--86
i was here!
0 - 0 bytes
i was here!
10:32am today
The count for td is 5
i was here!

i was here!
sneha.qa.24@gmail.com
i was here!
TC--85
i was here!
0 - 0 bytes
i was here!
10:31am today
Testing user with LFT perms only
First: The page title is Inbox
SUCCESS:Mail successfully sent !
Navigating to base URL
The count for tbody is 1
The count for tr is 26
The count for td is 5
i was here!

i was here!

i was here!

i was here!

i was here!

The count for td is 5
i was here!

i was here!
sneha.qa.24@gmail.com
i was here!
TC--165
i was here!
0 - 0 bytes
i was here!
11:57am today
The count for td is 5
i was here!

i was here!
sneha.qa.24@gmail.com
i was here!
Re: TC--159
i was here!
0 - 0 bytes
i was here!
11:56am today
The count for td is 5
i was here!

i was here!
snehamtd002@yahoo.com
i was here!
Re: TC--158
i was here!
0 - 0 bytes
i was here!
11:55am today
The count for td is 5
i was here!

i was here!
sneha.qa.24@gmail.com
i was here!
TC--157
i was here!
0 - 0 bytes
i was here!
11:53am today
The count for td is 5
i was here!

i was here!
sneha.qa.24@gmail.com
i was here!
Re: TC--198
i was here!
1 - 47.2 MB
i was here!
11:51am today
The count for td is 5
i was here!

i was here!
snehamtd002@yahoo.com
i was here!
Re: TC--197
i was here!
1 - 47.2 MB
i was here!
11:50am today
The count for td is 5
i was here!

i was here!
sneha.qa.24@gmail.com
i was here!
TC--197
i was here!
0 - 0 bytes
i was here!
11:48am today
The count for td is 5
i was here!

i was here!
sneha.qa.24@gmail.com
i was here!
Re: TC--191
i was here!
1 - 267.3 KB
i was here!
11:45am today
The count for td is 5
i was here!

i was here!
snehamtd002@yahoo.com
i was here!
Re: TC--190
i was here!
1 - 267.3 KB
i was here!
11:44am today
The count for td is 5
i was here!

i was here!
sneha.qa.24@gmail.com
i was here!
TC--189
i was here!
0 - 0 bytes
i was here!
11:43am today
The count for td is 5
i was here!

i was here!
sneha.qa.24@gmail.com
i was here!
Re: TC--183
i was here!
0 - 0 bytes
i was here!
11:42am today
The count for td is 5
i was here!

i was here!
snehamtd002@yahoo.com
i was here!
Re: TC--182
i was here!
0 - 0 bytes
i was here!
11:41am today
The count for td is 5
i was here!

i was here!
sneha.qa.24@gmail.com
i was here!
TC--181
i was here!
0 - 0 bytes
i was here!
11:40am today
The count for td is 5
i was here!

i was here!
sneha.qa.24@gmail.com
i was here!
TC--149
i was here!
1 - 47.2 MB
i was here!
11:37am today
The count for td is 5
i was here!

i was here!
sneha.qa.24@gmail.com
i was here!
TC--141
i was here!
1 - 267.3 KB
i was here!
11:35am today
The count for td is 5
i was here!

i was here!
sneha.qa.24@gmail.com
i was here!
Fwd: TC--135
i was here!
0 - 0 bytes
i was here!
11:33am today
The count for td is 5
i was here!

i was here!
snehamtd002@yahoo.com
i was here!
Fwd: TC--134
i was here!
0 - 0 bytes
i was here!
11:32am today
The count for td is 5
i was here!

i was here!
sneha.qa.24@gmail.com
i was here!
TC--133
i was here!
0 - 0 bytes
i was here!
11:31am today
The count for td is 5
i was here!

i was here!
sneha.qa.24@gmail.com
i was here!
TC--127
i was here!
1 - 47.2 MB
i was here!
11:29am today
The count for td is 5
i was here!

i was here!
snehamtd002@yahoo.com
i was here!
TC--126
i was here!
1 - 47.2 MB
i was here!
11:28am today
The count for td is 5
i was here!

i was here!
sneha.qa.24@gmail.com
i was here!
TC--119
i was here!
1 - 267.3 KB
i was here!
11:23am today
The count for td is 5
i was here!

i was here!
snehamtd002@yahoo.com
i was here!
TC--118
i was here!
1 - 267.3 KB
i was here!
11:22am today
The count for td is 5
i was here!

i was here!
sneha.qa.24@gmail.com
i was here!
Re: TC--87
i was here!
0 - 0 bytes
i was here!
10:32am today
The count for td is 5
i was here!

i was here!
snehamtd002@yahoo.com
i was here!
Re: TC--86
i was here!
0 - 0 bytes
i was here!
10:32am today
The count for td is 5
i was here!

i was here!
sneha.qa.24@gmail.com
i was here!
TC--85
i was here!
0 - 0 bytes
i was here!
10:31am today
Testing user with LFT perms only
First: The page title is Inbox
SUCCESS:Mail successfully sent !
Navigating to base URL
The count for tbody is 1
The count for tr is 26
The count for td is 5
i was here!

i was here!

i was here!

i was here!

i was here!

The count for td is 5
i was here!

i was here!
sneha.qa.24@gmail.com
i was here!
TC--173
muunni.24@gmail.com
This email is considered a secure email.  Since you do not have a secure email license, your recipients are required to.  
PASS for muunni.24@gmail.com
Removed user muunni.24@gmail.com from recipient list
snehamtd002@yahoo.com
PASS for snehamtd002@yahoo.com
sneha.qa.24@gmail.com
PASS for sneha.qa.24@gmail.com
snehamtd001@gmail.com
This email is considered a secure email.  Since you do not have a secure email license, your recipients are required to.  
PASS for snehamtd001@gmail.com
Removed user snehamtd001@gmail.com from recipient list
The count for tbody is 1
The count for tr is 2
The count for td is 5
i was here!

i was here!

i was here!

i was here!

i was here!

The count for td is 5
i was here!

i was here!
sneha.qa.24@gmail.com; snehamtd002@yahoo.com
i was here!
Re: TC--173
muunni.24@gmail.com
This email is considered a secure email.  Since you do not have a secure email license, your recipients are required to.  
PASS for muunni.24@gmail.com
Removed user muunni.24@gmail.com from recipient list
snehamtd002@yahoo.com
PASS for snehamtd002@yahoo.com
sneha.qa.24@gmail.com
PASS for sneha.qa.24@gmail.com
snehamtd001@gmail.com
This email is considered a secure email.  Since you do not have a secure email license, your recipients are required to.  
PASS for snehamtd001@gmail.com
Removed user snehamtd001@gmail.com from recipient list
PASS:Mail successfully sent.
Testing user with SECURE perms only
First: The page title is Inbox
SUCCESS:Mail successfully sent !
Navigating to base URL
The count for tbody is 1
The count for tr is 26
The count for td is 5
i was here!

i was here!

i was here!

i was here!

i was here!

The count for td is 5
i was here!

i was here!
sneha.qa.24@gmail.com
i was here!
TC--174
muunni.24@gmail.com
This email is considered a file transfer.  Since you do not have a file transfer license, your recipients are required to.  
PASS for muunni.24@gmail.com
Removed user muunni.24@gmail.com from recipient list
snehamtd002@yahoo.com
This email is considered a file transfer.  Since you do not have a file transfer license, your recipients are required to.  
PASS for snehamtd002@yahoo.com
Removed user snehamtd002@yahoo.com from recipient list
sneha.qa.24@gmail.com
PASS for sneha.qa.24@gmail.com
snehamtd001@gmail.com
PASS for snehamtd001@gmail.com
The count for tbody is 1
The count for tr is 2
The count for td is 5
i was here!

i was here!

i was here!

i was here!

i was here!

The count for td is 5
i was here!

i was here!
sneha.qa.24@gmail.com; snehamtd001@gmail.com
i was here!
Re: TC--174
muunni.24@gmail.com
This email is considered a file transfer.  Since you do not have a file transfer license, your recipients are required to.  
PASS for muunni.24@gmail.com
Removed user muunni.24@gmail.com from recipient list
snehamtd002@yahoo.com
This email is considered a file transfer.  Since you do not have a file transfer license, your recipients are required to.  
PASS for snehamtd002@yahoo.com
Removed user snehamtd002@yahoo.com from recipient list
sneha.qa.24@gmail.com
PASS for sneha.qa.24@gmail.com
snehamtd001@gmail.com
PASS for snehamtd001@gmail.com
PASS:Mail successfully sent.
Testing user with ALL perms
First: The page title is Inbox
SUCCESS:Mail successfully sent !
Navigating to base URL
The count for tbody is 1
The count for tr is 26
The count for td is 5
i was here!

i was here!

i was here!

i was here!

i was here!

The count for td is 5
i was here!

i was here!
sneha.qa.24@gmail.com
i was here!
TC--175
muunni.24@gmail.com
PASS for muunni.24@gmail.com
snehamtd002@yahoo.com
PASS for snehamtd002@yahoo.com
sneha.qa.24@gmail.com
PASS for sneha.qa.24@gmail.com
snehamtd001@gmail.com
PASS for snehamtd001@gmail.com
The count for tbody is 1
The count for tr is 9
The count for td is 5
i was here!

i was here!

i was here!

i was here!

i was here!

The count for td is 5
i was here!

i was here!
sneha.qa.24@gmail.com; muunni.24@gmail.com; snehamtd001@gmail.com; snehamtd002@yahoo.com
i was here!
Re: TC--175
muunni.24@gmail.com
PASS for muunni.24@gmail.com
snehamtd002@yahoo.com
PASS for snehamtd002@yahoo.com
sneha.qa.24@gmail.com
PASS for sneha.qa.24@gmail.com
snehamtd001@gmail.com
PASS for snehamtd001@gmail.com
PASS:Mail successfully sent.
Testing user with NO perms
First: The page title is Inbox
SUCCESS:Mail successfully sent !
Navigating to base URL
The count for tbody is 1
The count for tr is 26
The count for td is 5
i was here!

i was here!

i was here!

i was here!

i was here!

The count for td is 5
i was here!

i was here!
sneha.qa.24@gmail.com
i was here!
TC--175
muunni.24@gmail.com
This email is considered a secure email.  Since you do not have a secure email license, your recipients are required to.  This email is considered a file transfer.  Since you do not have a file transfer license, your recipients are required to.  
This email is considered a secure email.  Since you do not have a secure email license, your recipients are required to.  This email is considered a file transfer.  Since you do not have a file transfer license, your recipients are required to.  
PASS for muunni.24@gmail.com
Removed user muunni.24@gmail.com from recipient list
snehamtd002@yahoo.com
This email is considered a file transfer.  Since you do not have a file transfer license, your recipients are required to.  
PASS for snehamtd002@yahoo.com
Removed user snehamtd002@yahoo.com from recipient list
sneha.qa.24@gmail.com
PASS for sneha.qa.24@gmail.com
snehamtd001@gmail.com
This email is considered a secure email.  Since you do not have a secure email license, your recipients are required to.  
PASS for snehamtd001@gmail.com
Removed user snehamtd001@gmail.com from recipient list
The count for tbody is 1
The count for tr is 2
The count for td is 5
i was here!

i was here!

i was here!

i was here!

i was here!

The count for td is 5
i was here!

i was here!
sneha.qa.24@gmail.com
i was here!
Re: TC--175
muunni.24@gmail.com
This email is considered a secure email.  Since you do not have a secure email license, your recipients are required to.  This email is considered a file transfer.  Since you do not have a file transfer license, your recipients are required to.  
This email is considered a secure email.  Since you do not have a secure email license, your recipients are required to.  This email is considered a file transfer.  Since you do not have a file transfer license, your recipients are required to.  
PASS for muunni.24@gmail.com
Removed user muunni.24@gmail.com from recipient list
snehamtd002@yahoo.com
This email is considered a file transfer.  Since you do not have a file transfer license, your recipients are required to.  
PASS for snehamtd002@yahoo.com
Removed user snehamtd002@yahoo.com from recipient list
sneha.qa.24@gmail.com
PASS for sneha.qa.24@gmail.com
snehamtd001@gmail.com
This email is considered a secure email.  Since you do not have a secure email license, your recipients are required to.  
PASS for snehamtd001@gmail.com
Removed user snehamtd001@gmail.com from recipient list
PASS:Mail successfully sent.
]]></system-out>

      <system-err><![CDATA[Dec 20, 2011 11:58:22 AM org.apache.http.impl.client.DefaultRequestDirector tryConnect
INFO: I/O exception (java.net.SocketException) caught when connecting to the target host: Permission denied: connect
Dec 20, 2011 11:58:22 AM org.apache.http.impl.client.DefaultRequestDirector tryConnect
INFO: Retrying connect
Dec 20, 2011 11:58:22 AM org.apache.http.impl.client.DefaultRequestDirector tryConnect
INFO: I/O exception (java.net.SocketException) caught when connecting to the target host: Permission denied: connect
Dec 20, 2011 11:58:22 AM org.apache.http.impl.client.DefaultRequestDirector tryConnect
INFO: Retrying connect
Dec 20, 2011 11:58:22 AM org.apache.http.impl.client.DefaultRequestDirector tryConnect
INFO: I/O exception (java.net.SocketException) caught when connecting to the target host: Permission denied: connect
Dec 20, 2011 11:58:22 AM org.apache.http.impl.client.DefaultRequestDirector tryConnect
INFO: Retrying connect
Dec 20, 2011 11:58:22 AM org.apache.http.impl.client.DefaultRequestDirector tryConnect
INFO: I/O exception (java.net.SocketException) caught when connecting to the target host: Permission denied: connect
Dec 20, 2011 11:58:22 AM org.apache.http.impl.client.DefaultRequestDirector tryConnect
INFO: Retrying connect
Dec 20, 2011 11:58:22 AM org.apache.http.impl.client.DefaultRequestDirector tryConnect
INFO: I/O exception (java.net.SocketException) caught when connecting to the target host: Permission denied: connect
Dec 20, 2011 11:58:22 AM org.apache.http.impl.client.DefaultRequestDirector tryConnect
INFO: Retrying connect
Dec 20, 2011 11:58:22 AM org.apache.http.impl.client.DefaultRequestDirector tryConnect
INFO: I/O exception (java.net.SocketException) caught when connecting to the target host: Permission denied: connect
Dec 20, 2011 11:58:22 AM org.apache.http.impl.client.DefaultRequestDirector tryConnect
INFO: Retrying connect
]]></system-err>

  </testsuite>
</testsuites>
