<?xml version="1.0" encoding="UTF-8" ?>
<testsuite errors="5" failures="0" hostname="Sneha-PC" name="sanity_ff.PermsOnForwardPage" tests="6" time="494.348" timestamp="2011-12-20T21:13:37">
  <properties>
    <property name="java.vendor" value="Oracle Corporation" />
    <property name="test.jars" value="C:/Sparkweave-Selenium/JAR" />
    <property name="sun.java.launcher" value="SUN_STANDARD" />
    <property name="sun.management.compiler" value="HotSpot 64-Bit Tiered Compilers" />
    <property name="env.PROMPT" value="$P$G" />
    <property name="os.name" value="Windows 7" />
    <property name="env.FP_NO_HOST_CHECK" value="NO" />
    <property name="sun.boot.class.path" value="C:\Java\jdk1.7.0\jre\lib\resources.jar;C:\Java\jdk1.7.0\jre\lib\rt.jar;C:\Java\jdk1.7.0\jre\lib\sunrsasign.jar;C:\Java\jdk1.7.0\jre\lib\jsse.jar;C:\Java\jdk1.7.0\jre\lib\jce.jar;C:\Java\jdk1.7.0\jre\lib\charsets.jar;C:\Java\jdk1.7.0\jre\classes" />
    <property name="env.COMPUTERNAME" value="SNEHA-PC" />
    <property name="env.CommonProgramW6432" value="C:\Program Files\Common Files" />
    <property name="env.ALLUSERSPROFILE" value="C:\ProgramData" />
    <property name="sun.desktop" value="windows" />
    <property name="java.vm.specification.vendor" value="Oracle Corporation" />
    <property name="ant.home" value="C:\Apache ANT\ANT\apache-ant-1.8.2" />
    <property name="java.runtime.version" value="1.7.0-b147" />
    <property name="env.HOMEPATH" value="\Users\Sneha" />
    <property name="user.name" value="Sneha" />
    <property name="env.PATH" value="C:\Safari\Safari.exe;C:\Program Files (x86)\Microsoft Silverlight\4.0.60531.0;C:\Java\jdk1.7.0\bin;C:\Vim\vim73\gvim.exe;C:\Sparkweave-Selenium\ANT\apache-ant-1.8.2\bin" />
    <property name="user.language" value="en" />
    <property name="env.windows_tracing_flags" value="3" />
    <property name="sun.boot.library.path" value="C:\Java\jdk1.7.0\jre\bin" />
    <property name="ant.project.default-target" value="usage" />
    <property name="ant.project.name" value="myJUnitTests" />
    <property name="java.version" value="1.7.0" />
    <property name="env.PROCESSOR_IDENTIFIER" value="AMD64 Family 16 Model 10 Stepping 0, AuthenticAMD" />
    <property name="user.timezone" value="" />
    <property name="env.TEMP" value="C:\Users\Sneha\AppData\Local\Temp" />
    <property name="sun.arch.data.model" value="64" />
    <property name="env.AntTest" value="C:\Sparkweave-Selenium\ANT\apache-ant-1.8.2" />
    <property name="java.endorsed.dirs" value="C:\Java\jdk1.7.0\jre\lib\endorsed" />
    <property name="env._JAVACMD" value="java.exe" />
    <property name="sun.cpu.isalist" value="amd64" />
    <property name="env.HOMEDRIVE" value="C:" />
    <property name="sun.jnu.encoding" value="Cp1252" />
    <property name="file.encoding.pkg" value="sun.io" />
    <property name="file.separator" value="\" />
    <property name="java.specification.name" value="Java Platform API Specification" />
    <property name="java.class.version" value="51.0" />
    <property name="env.JAVA HOME" value="C:\Java\jdk1.7.0\bin" />
    <property name="user.country" value="US" />
    <property name="java.home" value="C:\Java\jdk1.7.0\jre" />
    <property name="env.PSModulePath" value="C:\Windows\system32\WindowsPowerShell\v1.0\Modules\" />
    <property name="env.APPDATA" value="C:\Users\Sneha\AppData\Roaming" />
    <property name="env.PUBLIC" value="C:\Users\Public" />
    <property name="env.windows_tracing_logfile" value="C:\BVTBin\Tests\installpackage\csilogfile.log" />
    <property name="java.vm.info" value="mixed mode" />
    <property name="env.ComSpec" value="C:\Windows\system32\cmd.exe" />
    <property name="env.OS" value="Windows_NT" />
    <property name="env.CommonProgramFiles" value="C:\Program Files\Common Files" />
    <property name="ant.file" value="C:\Users\Sneha\SPW\spw_001\build.xml" />
    <property name="os.version" value="6.1" />
    <property name="test.home" value="C:\Users\Sneha\SPW\spw_001" />
    <property name="env.ProgramW6432" value="C:\Program Files" />
    <property name="env._USE_CLASSPATH" value="no" />
    <property name="path.separator" value=";" />
    <property name="java.vm.version" value="21.0-b17" />
    <property name="user.variant" value="" />
    <property name="env.USERPROFILE" value="C:\Users\Sneha" />
    <property name="ant.library.dir" value="C:\Apache ANT\ANT\apache-ant-1.8.2\lib" />
    <property name="java.awt.printerjob" value="sun.awt.windows.WPrinterJob" />
    <property name="env.TMP" value="C:\Users\Sneha\AppData\Local\Temp" />
    <property name="sun.io.unicode.encoding" value="UnicodeLittle" />
    <property name="awt.toolkit" value="sun.awt.windows.WToolkit" />
    <property name="user.script" value="" />
    <property name="ant.reports" value="C:\Users\Sneha\SPW\spw_001/ant_result" />
    <property name="user.home" value="C:\Users\Sneha" />
    <property name="test.dest" value="C:\Users\Sneha\SPW\spw_001/ant_build" />
    <property name="env.ProgramData" value="C:\ProgramData" />
    <property name="env.ProgramFiles(x86)" value="C:\Program Files (x86)" />
    <property name="java.specification.vendor" value="Oracle Corporation" />
    <property name="java.vendor.url" value="http://java.oracle.com/" />
    <property name="java.library.path" value="C:\Java\jdk1.7.0\jre\bin;C:\Windows\Sun\Java\bin;C:\Windows\system32;C:\Windows;C:\Safari\Safari.exe;C:\Program Files (x86)\Microsoft Silverlight\4.0.60531.0;C:\Java\jdk1.7.0\bin;C:\Vim\vim73\gvim.exe;C:\Sparkweave-Selenium\ANT\apache-ant-1.8.2\bin;." />
    <property name="env.NUMBER_OF_PROCESSORS" value="6" />
    <property name="ant.file.type.myJUnitTests" value="file" />
    <property name="java.vm.vendor" value="Oracle Corporation" />
    <property name="java.runtime.name" value="Java(TM) SE Runtime Environment" />
    <property name="ant.version" value="Apache Ant(TM) version 1.8.2 compiled on December 20 2010" />
    <property name="sun.java.command" value="org.apache.tools.ant.taskdefs.optional.junit.JUnitTestRunner sanity_ff.PermsOnForwardPage filtertrace=true haltOnError=false haltOnFailure=false formatter=org.apache.tools.ant.taskdefs.optional.junit.SummaryJUnitResultFormatter showoutput=false outputtoformatters=true logfailedtests=true logtestlistenerevents=false formatter=org.apache.tools.ant.taskdefs.optional.junit.XMLJUnitResultFormatter,C:\Users\Sneha\SPW\spw_001\ant_result\TEST-sanity_ff.PermsOnForwardPage.xml crashfile=C:\Users\Sneha\SPW\spw_001\junitvmwatcher1755051919483989963.properties propsfile=C:\Users\Sneha\SPW\spw_001\junit3429890424985828742.properties" />
    <property name="java.class.path" value="C:\Users\Sneha\SPW\spw_001\ant_build;C:\Sparkweave-Selenium\JAR\Silverlight-Selenium.jar;C:\Sparkweave-Selenium\JAR\junit-4.8.1.jar;C:\Sparkweave-Selenium\JAR\poi-3.7-20101029.jar;C:\Sparkweave-Selenium\JAR\selenium-ie-driver-2.0b3.jar;C:\Sparkweave-Selenium\JAR\selenium-java-2.14.0-srcs.jar;C:\Sparkweave-Selenium\JAR\selenium-java-2.14.0.jar;C:\Sparkweave-Selenium\JAR\selenium-server-standalone-2.14.0.jar;C:\Sparkweave-Selenium\JAR\selenium-server-standalone-2.7.0.jar;C:\Sparkweave-Selenium\JAR\selenium-server.jar;C:\Sparkweave-Selenium\JAR\testng-6.1.1.jar;C:\Apache ANT\ANT\apache-ant-1.8.2\lib\ant-launcher.jar;C:\Apache ANT\ANT\apache-ant-1.8.2\lib\ant.jar;C:\Apache ANT\ANT\apache-ant-1.8.2\lib\ant-junit.jar;C:\Apache ANT\ANT\apache-ant-1.8.2\lib\ant-junit4.jar" />
    <property name="java.vm.specification.name" value="Java Virtual Machine Specification" />
    <property name="ant.file.type" value="file" />
    <property name="env.windir" value="C:\Windows" />
    <property name="env.LOGONSERVER" value="\\SNEHA-PC" />
    <property name="ant.file.myJUnitTests" value="C:\Users\Sneha\SPW\spw_001\build.xml" />
    <property name="java.vm.specification.version" value="1.7" />
    <property name="env.PROCESSOR_ARCHITECTURE" value="AMD64" />
    <property name="sun.os.patch.level" value="Service Pack 1" />
    <property name="sun.cpu.endian" value="little" />
    <property name="env.ANT_HOME" value="C:\Apache ANT\ANT\apache-ant-1.8.2" />
    <property name="env.ProgramFiles" value="C:\Program Files" />
    <property name="java.io.tmpdir" value="C:\Users\Sneha\AppData\Local\Temp\" />
    <property name="env.PROCESSOR_REVISION" value="0a00" />
    <property name="env.CommonProgramFiles(x86)" value="C:\Program Files (x86)\Common Files" />
    <property name="test.src" value="C:\Users\Sneha\SPW\spw_001/src" />
    <property name="java.vendor.url.bug" value="http://bugreport.sun.com/bugreport/" />
    <property name="env.SystemRoot" value="C:\Windows" />
    <property name="java.awt.graphicsenv" value="sun.awt.Win32GraphicsEnvironment" />
    <property name="os.arch" value="amd64" />
    <property name="env.ANT_CMD_LINE_ARGS" value=" run" />
    <property name="java.ext.dirs" value="C:\Java\jdk1.7.0\jre\lib\ext;C:\Windows\Sun\Java\lib\ext" />
    <property name="env.LOCALAPPDATA" value="C:\Users\Sneha\AppData\Local" />
    <property name="user.dir" value="C:\Users\Sneha\SPW\spw_001" />
    <property name="line.separator" value="&#xd;&#xa;" />
    <property name="java.vm.name" value="Java HotSpot(TM) 64-Bit Server VM" />
    <property name="env.PATHEXT" value=".COM;.EXE;.BAT;.CMD;.VBS;.VBE;.JS;.JSE;.WSF;.WSH;.MSC" />
    <property name="basedir" value="C:\Users\Sneha\SPW\spw_001" />
    <property name="ant.java.version" value="1.7" />
    <property name="ant.core.lib" value="C:\Apache ANT\ANT\apache-ant-1.8.2\lib\ant.jar" />
    <property name="env.USERNAME" value="Sneha" />
    <property name="env.SystemDrive" value="C:" />
    <property name="file.encoding" value="Cp1252" />
    <property name="env.USERDOMAIN" value="Sneha-PC" />
    <property name="java.specification.version" value="1.7" />
    <property name="env.=C:" value="C:\Users\Sneha\SPW\spw_001" />
    <property name="ant.project.invoked-targets" value="run" />
    <property name="env.PROCESSOR_LEVEL" value="16" />
  </properties>
  <testcase classname="sanity_ff.PermsOnForwardPage" name="NonSecureNoattachs" time="73.269">
    <error message="Unable to locate element: {&quot;method&quot;:&quot;id&quot;,&quot;selector&quot;:&quot;heading&quot;}; duration or timeout: 30.56 seconds&#xa;For documentation on this error, please visit: http://seleniumhq.org/exceptions/no_such_element.html&#xa;Build info: version: &apos;2.14.0&apos;, revision: &apos;14955&apos;, time: &apos;2011-11-29 11:43:45&apos;&#xa;System info: os.name: &apos;Windows 7&apos;, os.arch: &apos;amd64&apos;, os.version: &apos;6.1&apos;, java.version: &apos;1.7.0&apos;&#xa;Driver info: driver.version: RemoteWebDriver" type="org.openqa.selenium.NoSuchElementException">org.openqa.selenium.NoSuchElementException: Unable to locate element: {&quot;method&quot;:&quot;id&quot;,&quot;selector&quot;:&quot;heading&quot;}; duration or timeout: 30.56 seconds
For documentation on this error, please visit: http://seleniumhq.org/exceptions/no_such_element.html
Build info: version: &apos;2.14.0&apos;, revision: &apos;14955&apos;, time: &apos;2011-11-29 11:43:45&apos;
System info: os.name: &apos;Windows 7&apos;, os.arch: &apos;amd64&apos;, os.version: &apos;6.1&apos;, java.version: &apos;1.7.0&apos;
Driver info: driver.version: RemoteWebDriver
	at java.lang.reflect.Constructor.newInstance(Constructor.java:525)
	at org.openqa.selenium.remote.ErrorHandler.createThrowable(ErrorHandler.java:147)
	at org.openqa.selenium.remote.ErrorHandler.throwIfResponseFailed(ErrorHandler.java:113)
	at org.openqa.selenium.remote.RemoteWebDriver.execute(RemoteWebDriver.java:400)
	at org.openqa.selenium.remote.RemoteWebDriver.findElement(RemoteWebDriver.java:202)
	at org.openqa.selenium.remote.RemoteWebDriver.findElementById(RemoteWebDriver.java:219)
	at org.openqa.selenium.By$ById.findElement(By.java:216)
	at org.openqa.selenium.remote.RemoteWebDriver.findElement(RemoteWebDriver.java:194)
	at sanity_ff.PermsOnForwardPage.NonSecureNoattachs(PermsOnForwardPage.java:84)
Caused by: org.openqa.selenium.remote.ErrorHandler$UnknownServerException: Unable to locate element: {&quot;method&quot;:&quot;id&quot;,&quot;selector&quot;:&quot;heading&quot;}
Build info: version: &apos;2.14.0&apos;, revision: &apos;14955&apos;, time: &apos;2011-11-29 11:43:45&apos;
System info: os.name: &apos;Windows 7&apos;, os.arch: &apos;amd64&apos;, os.version: &apos;6.1&apos;, java.version: &apos;1.7.0&apos;
Driver info: driver.version: unknown
	at &lt;anonymous class&gt;.&lt;anonymous method&gt;(file:///C:/Users/Sneha/AppData/Local/Temp/anonymous1389544189992279724webdriver-profile/extensions/fxdriver@googlecode.com/components/driver-component.js -&gt; file:///C:/Users/Sneha/AppData/Local/Temp/anonymous1389544189992279724webdriver-profile/extensions/fxdriver@googlecode.com/components/firefoxDriver.js:389)
	at &lt;anonymous class&gt;.&lt;anonymous method&gt;(resource://fxdriver/modules/utils.js:9466)
</error>
  </testcase>
  <testcase classname="sanity_ff.PermsOnForwardPage" name="SecureNoattachs" time="135.058" />
  <testcase classname="sanity_ff.PermsOnForwardPage" name="NonSecureGreater25MB" time="75.532">
    <error message="Unable to locate element: {&quot;method&quot;:&quot;id&quot;,&quot;selector&quot;:&quot;heading&quot;}; duration or timeout: 31.54 seconds&#xa;For documentation on this error, please visit: http://seleniumhq.org/exceptions/no_such_element.html&#xa;Build info: version: &apos;2.14.0&apos;, revision: &apos;14955&apos;, time: &apos;2011-11-29 11:43:45&apos;&#xa;System info: os.name: &apos;Windows 7&apos;, os.arch: &apos;amd64&apos;, os.version: &apos;6.1&apos;, java.version: &apos;1.7.0&apos;&#xa;Driver info: driver.version: RemoteWebDriver" type="org.openqa.selenium.NoSuchElementException">org.openqa.selenium.NoSuchElementException: Unable to locate element: {&quot;method&quot;:&quot;id&quot;,&quot;selector&quot;:&quot;heading&quot;}; duration or timeout: 31.54 seconds
For documentation on this error, please visit: http://seleniumhq.org/exceptions/no_such_element.html
Build info: version: &apos;2.14.0&apos;, revision: &apos;14955&apos;, time: &apos;2011-11-29 11:43:45&apos;
System info: os.name: &apos;Windows 7&apos;, os.arch: &apos;amd64&apos;, os.version: &apos;6.1&apos;, java.version: &apos;1.7.0&apos;
Driver info: driver.version: RemoteWebDriver
	at java.lang.reflect.Constructor.newInstance(Constructor.java:525)
	at org.openqa.selenium.remote.ErrorHandler.createThrowable(ErrorHandler.java:147)
	at org.openqa.selenium.remote.ErrorHandler.throwIfResponseFailed(ErrorHandler.java:113)
	at org.openqa.selenium.remote.RemoteWebDriver.execute(RemoteWebDriver.java:400)
	at org.openqa.selenium.remote.RemoteWebDriver.findElement(RemoteWebDriver.java:202)
	at org.openqa.selenium.remote.RemoteWebDriver.findElementById(RemoteWebDriver.java:219)
	at org.openqa.selenium.By$ById.findElement(By.java:216)
	at org.openqa.selenium.remote.RemoteWebDriver.findElement(RemoteWebDriver.java:194)
	at sanity_ff.PermsOnForwardPage.NonSecureGreater25MB(PermsOnForwardPage.java:484)
Caused by: org.openqa.selenium.remote.ErrorHandler$UnknownServerException: Unable to locate element: {&quot;method&quot;:&quot;id&quot;,&quot;selector&quot;:&quot;heading&quot;}
Build info: version: &apos;2.14.0&apos;, revision: &apos;14955&apos;, time: &apos;2011-11-29 11:43:45&apos;
System info: os.name: &apos;Windows 7&apos;, os.arch: &apos;amd64&apos;, os.version: &apos;6.1&apos;, java.version: &apos;1.7.0&apos;
Driver info: driver.version: unknown
	at &lt;anonymous class&gt;.&lt;anonymous method&gt;(file:///C:/Users/Sneha/AppData/Local/Temp/anonymous6739165985352106812webdriver-profile/extensions/fxdriver@googlecode.com/components/driver-component.js -&gt; file:///C:/Users/Sneha/AppData/Local/Temp/anonymous6739165985352106812webdriver-profile/extensions/fxdriver@googlecode.com/components/firefoxDriver.js:389)
	at &lt;anonymous class&gt;.&lt;anonymous method&gt;(resource://fxdriver/modules/utils.js:9466)
</error>
  </testcase>
  <testcase classname="sanity_ff.PermsOnForwardPage" name="SecureLesser25MB" time="60.862">
    <error message="Unable to locate element: {&quot;method&quot;:&quot;id&quot;,&quot;selector&quot;:&quot;heading&quot;}; duration or timeout: 30.62 seconds&#xa;For documentation on this error, please visit: http://seleniumhq.org/exceptions/no_such_element.html&#xa;Build info: version: &apos;2.14.0&apos;, revision: &apos;14955&apos;, time: &apos;2011-11-29 11:43:45&apos;&#xa;System info: os.name: &apos;Windows 7&apos;, os.arch: &apos;amd64&apos;, os.version: &apos;6.1&apos;, java.version: &apos;1.7.0&apos;&#xa;Driver info: driver.version: RemoteWebDriver" type="org.openqa.selenium.NoSuchElementException">org.openqa.selenium.NoSuchElementException: Unable to locate element: {&quot;method&quot;:&quot;id&quot;,&quot;selector&quot;:&quot;heading&quot;}; duration or timeout: 30.62 seconds
For documentation on this error, please visit: http://seleniumhq.org/exceptions/no_such_element.html
Build info: version: &apos;2.14.0&apos;, revision: &apos;14955&apos;, time: &apos;2011-11-29 11:43:45&apos;
System info: os.name: &apos;Windows 7&apos;, os.arch: &apos;amd64&apos;, os.version: &apos;6.1&apos;, java.version: &apos;1.7.0&apos;
Driver info: driver.version: RemoteWebDriver
	at java.lang.reflect.Constructor.newInstance(Constructor.java:525)
	at org.openqa.selenium.remote.ErrorHandler.createThrowable(ErrorHandler.java:147)
	at org.openqa.selenium.remote.ErrorHandler.throwIfResponseFailed(ErrorHandler.java:113)
	at org.openqa.selenium.remote.RemoteWebDriver.execute(RemoteWebDriver.java:400)
	at org.openqa.selenium.remote.RemoteWebDriver.findElement(RemoteWebDriver.java:202)
	at org.openqa.selenium.remote.RemoteWebDriver.findElementById(RemoteWebDriver.java:219)
	at org.openqa.selenium.By$ById.findElement(By.java:216)
	at org.openqa.selenium.remote.RemoteWebDriver.findElement(RemoteWebDriver.java:194)
	at sanity_ff.PermsOnForwardPage.SecureLesser25MB(PermsOnForwardPage.java:648)
Caused by: org.openqa.selenium.remote.ErrorHandler$UnknownServerException: Unable to locate element: {&quot;method&quot;:&quot;id&quot;,&quot;selector&quot;:&quot;heading&quot;}
Build info: version: &apos;2.14.0&apos;, revision: &apos;14955&apos;, time: &apos;2011-11-29 11:43:45&apos;
System info: os.name: &apos;Windows 7&apos;, os.arch: &apos;amd64&apos;, os.version: &apos;6.1&apos;, java.version: &apos;1.7.0&apos;
Driver info: driver.version: unknown
	at &lt;anonymous class&gt;.&lt;anonymous method&gt;(file:///C:/Users/Sneha/AppData/Local/Temp/anonymous7201423901897022140webdriver-profile/extensions/fxdriver@googlecode.com/components/driver-component.js -&gt; file:///C:/Users/Sneha/AppData/Local/Temp/anonymous7201423901897022140webdriver-profile/extensions/fxdriver@googlecode.com/components/firefoxDriver.js:389)
	at &lt;anonymous class&gt;.&lt;anonymous method&gt;(resource://fxdriver/modules/utils.js:9466)
</error>
  </testcase>
  <testcase classname="sanity_ff.PermsOnForwardPage" name="NonSecureLesser25MB" time="70.637">
    <error message="Unable to locate element: {&quot;method&quot;:&quot;id&quot;,&quot;selector&quot;:&quot;forward&quot;}; duration or timeout: 30.05 seconds&#xa;For documentation on this error, please visit: http://seleniumhq.org/exceptions/no_such_element.html&#xa;Build info: version: &apos;2.14.0&apos;, revision: &apos;14955&apos;, time: &apos;2011-11-29 11:43:45&apos;&#xa;System info: os.name: &apos;Windows 7&apos;, os.arch: &apos;amd64&apos;, os.version: &apos;6.1&apos;, java.version: &apos;1.7.0&apos;&#xa;Driver info: driver.version: RemoteWebDriver" type="org.openqa.selenium.NoSuchElementException">org.openqa.selenium.NoSuchElementException: Unable to locate element: {&quot;method&quot;:&quot;id&quot;,&quot;selector&quot;:&quot;forward&quot;}; duration or timeout: 30.05 seconds
For documentation on this error, please visit: http://seleniumhq.org/exceptions/no_such_element.html
Build info: version: &apos;2.14.0&apos;, revision: &apos;14955&apos;, time: &apos;2011-11-29 11:43:45&apos;
System info: os.name: &apos;Windows 7&apos;, os.arch: &apos;amd64&apos;, os.version: &apos;6.1&apos;, java.version: &apos;1.7.0&apos;
Driver info: driver.version: RemoteWebDriver
	at java.lang.reflect.Constructor.newInstance(Constructor.java:525)
	at org.openqa.selenium.remote.ErrorHandler.createThrowable(ErrorHandler.java:147)
	at org.openqa.selenium.remote.ErrorHandler.throwIfResponseFailed(ErrorHandler.java:113)
	at org.openqa.selenium.remote.RemoteWebDriver.execute(RemoteWebDriver.java:400)
	at org.openqa.selenium.remote.RemoteWebDriver.findElement(RemoteWebDriver.java:202)
	at org.openqa.selenium.remote.RemoteWebDriver.findElementById(RemoteWebDriver.java:219)
	at org.openqa.selenium.By$ById.findElement(By.java:216)
	at org.openqa.selenium.remote.RemoteWebDriver.findElement(RemoteWebDriver.java:194)
	at sanity_ff.PermsOnForwardPage.NonSecureLesser25MB(PermsOnForwardPage.java:841)
Caused by: org.openqa.selenium.remote.ErrorHandler$UnknownServerException: Unable to locate element: {&quot;method&quot;:&quot;id&quot;,&quot;selector&quot;:&quot;forward&quot;}
Build info: version: &apos;2.14.0&apos;, revision: &apos;14955&apos;, time: &apos;2011-11-29 11:43:45&apos;
System info: os.name: &apos;Windows 7&apos;, os.arch: &apos;amd64&apos;, os.version: &apos;6.1&apos;, java.version: &apos;1.7.0&apos;
Driver info: driver.version: unknown
	at &lt;anonymous class&gt;.&lt;anonymous method&gt;(file:///C:/Users/Sneha/AppData/Local/Temp/anonymous6261859149250304978webdriver-profile/extensions/fxdriver@googlecode.com/components/driver-component.js -&gt; file:///C:/Users/Sneha/AppData/Local/Temp/anonymous6261859149250304978webdriver-profile/extensions/fxdriver@googlecode.com/components/firefoxDriver.js:389)
	at &lt;anonymous class&gt;.&lt;anonymous method&gt;(resource://fxdriver/modules/utils.js:9466)
</error>
  </testcase>
  <testcase classname="sanity_ff.PermsOnForwardPage" name="SecureGreater25MB" time="78.8">
    <error message="Unable to locate element: {&quot;method&quot;:&quot;id&quot;,&quot;selector&quot;:&quot;forward&quot;}; duration or timeout: 30.04 seconds&#xa;For documentation on this error, please visit: http://seleniumhq.org/exceptions/no_such_element.html&#xa;Build info: version: &apos;2.14.0&apos;, revision: &apos;14955&apos;, time: &apos;2011-11-29 11:43:45&apos;&#xa;System info: os.name: &apos;Windows 7&apos;, os.arch: &apos;amd64&apos;, os.version: &apos;6.1&apos;, java.version: &apos;1.7.0&apos;&#xa;Driver info: driver.version: RemoteWebDriver" type="org.openqa.selenium.NoSuchElementException">org.openqa.selenium.NoSuchElementException: Unable to locate element: {&quot;method&quot;:&quot;id&quot;,&quot;selector&quot;:&quot;forward&quot;}; duration or timeout: 30.04 seconds
For documentation on this error, please visit: http://seleniumhq.org/exceptions/no_such_element.html
Build info: version: &apos;2.14.0&apos;, revision: &apos;14955&apos;, time: &apos;2011-11-29 11:43:45&apos;
System info: os.name: &apos;Windows 7&apos;, os.arch: &apos;amd64&apos;, os.version: &apos;6.1&apos;, java.version: &apos;1.7.0&apos;
Driver info: driver.version: RemoteWebDriver
	at java.lang.reflect.Constructor.newInstance(Constructor.java:525)
	at org.openqa.selenium.remote.ErrorHandler.createThrowable(ErrorHandler.java:147)
	at org.openqa.selenium.remote.ErrorHandler.throwIfResponseFailed(ErrorHandler.java:113)
	at org.openqa.selenium.remote.RemoteWebDriver.execute(RemoteWebDriver.java:400)
	at org.openqa.selenium.remote.RemoteWebDriver.findElement(RemoteWebDriver.java:202)
	at org.openqa.selenium.remote.RemoteWebDriver.findElementById(RemoteWebDriver.java:219)
	at org.openqa.selenium.By$ById.findElement(By.java:216)
	at org.openqa.selenium.remote.RemoteWebDriver.findElement(RemoteWebDriver.java:194)
	at sanity_ff.PermsOnForwardPage.SecureGreater25MB(PermsOnForwardPage.java:1007)
Caused by: org.openqa.selenium.remote.ErrorHandler$UnknownServerException: Unable to locate element: {&quot;method&quot;:&quot;id&quot;,&quot;selector&quot;:&quot;forward&quot;}
Build info: version: &apos;2.14.0&apos;, revision: &apos;14955&apos;, time: &apos;2011-11-29 11:43:45&apos;
System info: os.name: &apos;Windows 7&apos;, os.arch: &apos;amd64&apos;, os.version: &apos;6.1&apos;, java.version: &apos;1.7.0&apos;
Driver info: driver.version: unknown
	at &lt;anonymous class&gt;.&lt;anonymous method&gt;(file:///C:/Users/Sneha/AppData/Local/Temp/anonymous7038292182754103899webdriver-profile/extensions/fxdriver@googlecode.com/components/driver-component.js -&gt; file:///C:/Users/Sneha/AppData/Local/Temp/anonymous7038292182754103899webdriver-profile/extensions/fxdriver@googlecode.com/components/firefoxDriver.js:389)
	at &lt;anonymous class&gt;.&lt;anonymous method&gt;(resource://fxdriver/modules/utils.js:9466)
</error>
  </testcase>
  <system-out><![CDATA[Testing user with LFT perms only
First: The page title is Inbox
SUCCESS:Mail successfully sent !
Navigating to base URL
The count for tbody is 1
The count for tr is 26
The count for td is 5
i was here!

i was here!

i was here!

i was here!

i was here!

The count for td is 5
i was here!

i was here!
sneha.qa.24@gmail.com
i was here!
TC--33
Testing user with LFT perms only
First: The page title is Inbox
SUCCESS:Mail successfully sent !
Navigating to base URL
The count for tbody is 1
The count for tr is 26
The count for td is 5
i was here!

i was here!

i was here!

i was here!

i was here!

The count for td is 5
i was here!

i was here!
sneha.qa.24@gmail.com
i was here!
TC--37
muunni.24@gmail.com
This email is considered a secure email.  Since you do not have a secure email license, your recipients are required to.  
PASS for muunni.24@gmail.com
Removed user muunni.24@gmail.com from recipient list
snehamtd002@yahoo.com
PASS for snehamtd002@yahoo.com
sneha.qa.24@gmail.com
PASS for sneha.qa.24@gmail.com
snehamtd001@gmail.com
This email is considered a secure email.  Since you do not have a secure email license, your recipients are required to.  
PASS for snehamtd001@gmail.com
Removed user snehamtd001@gmail.com from recipient list
PASS:Mail successfully sent.
Testing user with SECURE perms only
First: The page title is Inbox
SUCCESS:Mail successfully sent !
Navigating to base URL
The count for tbody is 1
The count for tr is 26
The count for td is 5
i was here!

i was here!

i was here!

i was here!

i was here!

The count for td is 5
i was here!

i was here!
sneha.qa.24@gmail.com
i was here!
TC--38
muunni.24@gmail.com
PASS for muunni.24@gmail.com
snehamtd002@yahoo.com
PASS for snehamtd002@yahoo.com
sneha.qa.24@gmail.com
PASS for sneha.qa.24@gmail.com
snehamtd001@gmail.com
PASS for snehamtd001@gmail.com
PASS:Mail successfully sent.
Testing user with ALL perms
First: The page title is Inbox
SUCCESS:Mail successfully sent !
Navigating to base URL
The count for tbody is 1
The count for tr is 26
The count for td is 5
i was here!

i was here!

i was here!

i was here!

i was here!

The count for td is 5
i was here!

i was here!
sneha.qa.24@gmail.com
i was here!
TC--39
muunni.24@gmail.com
PASS for muunni.24@gmail.com
snehamtd002@yahoo.com
PASS for snehamtd002@yahoo.com
sneha.qa.24@gmail.com
PASS for sneha.qa.24@gmail.com
snehamtd001@gmail.com
PASS for snehamtd001@gmail.com
PASS:Mail successfully sent.
Testing user with NO perms
First: The page title is Inbox
SUCCESS:Mail successfully sent !
Navigating to base URL
The count for tbody is 1
The count for tr is 26
The count for td is 5
i was here!

i was here!

i was here!

i was here!

i was here!

The count for td is 5
i was here!

i was here!
sneha.qa.24@gmail.com
i was here!
TC--40
muunni.24@gmail.com
This email is considered a secure email.  Since you do not have a secure email license, your recipients are required to.  
PASS for muunni.24@gmail.com
Removed user muunni.24@gmail.com from recipient list
snehamtd002@yahoo.com
PASS for snehamtd002@yahoo.com
sneha.qa.24@gmail.com
PASS for sneha.qa.24@gmail.com
snehamtd001@gmail.com
This email is considered a secure email.  Since you do not have a secure email license, your recipients are required to.  
PASS for snehamtd001@gmail.com
Removed user snehamtd001@gmail.com from recipient list
PASS:Mail successfully sent.
Testing user with LFT perms only
First: The page title is Inbox
SUCCESS:Mail successfully sent !
Navigating to base URL
The count for tbody is 1
The count for tr is 26
The count for td is 5
i was here!

i was here!

i was here!

i was here!

i was here!

The count for td is 5
i was here!

i was here!
sneha.qa.24@gmail.com
i was here!
TC--41
Testing user with LFT perms only
First: The page title is Inbox
SUCCESS:Mail successfully sent !
Navigating to base URL
The count for tbody is 1
The count for tr is 26
The count for td is 5
i was here!

i was here!

i was here!

i was here!

i was here!

The count for td is 5
i was here!

i was here!
sneha.qa.24@gmail.com
i was here!
TC--45
Testing user with LFT perms only
First: The page title is Inbox
SUCCESS:Mail successfully sent !
Navigating to base URL
The count for tbody is 1
The count for tr is 26
The count for td is 5
i was here!

i was here!

i was here!

i was here!

i was here!

The count for td is 5
i was here!

i was here!
sneha.qa.24@gmail.com
i was here!
TC--45
i was here!
1 - 267.3 KB
i was here!
03:18pm today
The count for td is 5
i was here!

i was here!
sneha.qa.24@gmail.com
i was here!
TC--41
i was here!
1 - 47.2 MB
i was here!
03:17pm today
The count for td is 5
i was here!

i was here!
sneha.qa.24@gmail.com
i was here!
Fwd: TC--39
i was here!
0 - 0 bytes
i was here!
03:16pm today
The count for td is 5
i was here!

i was here!
snehamtd002@yahoo.com
i was here!
Fwd: TC--38
i was here!
0 - 0 bytes
i was here!
03:15pm today
The count for td is 5
i was here!

i was here!
sneha.qa.24@gmail.com
i was here!
TC--37
i was here!
0 - 0 bytes
i was here!
03:15pm today
The count for td is 5
i was here!

i was here!
sneha.qa.24@gmail.com
i was here!
TC--33
i was here!
1 - 267.3 KB
i was here!
03:14pm today
The count for td is 5
i was here!

i was here!
sneha.qa.24@gmail.com
i was here!
TC--18
i was here!
1 - 47.2 MB
i was here!
03:13pm today
The count for td is 5
i was here!

i was here!
snehamtd002@yahoo.com
i was here!
TC--19
i was here!
1 - 47.2 MB
i was here!
03:12pm today
The count for td is 5
i was here!

i was here!
snehamtd002@yahoo.com
i was here!
TC--13
i was here!
1 - 267.3 KB
i was here!
03:11pm today
The count for td is 5
i was here!

i was here!
sneha.qa.24@gmail.com
i was here!
TC--14
i was here!
1 - 267.3 KB
i was here!
03:11pm today
The count for td is 5
i was here!

i was here!
snehamtd002@yahoo.com
i was here!
TC--15
i was here!
1 - 267.3 KB
i was here!
03:11pm today
The count for td is 5
i was here!

i was here!
snehamtd001@gmail.com
i was here!
TC--16
i was here!
1 - 267.3 KB
i was here!
03:10pm today
The count for td is 5
i was here!

i was here!
sneha.qa.24@gmail.com
i was here!
TC--10
i was here!
1 - 267.3 KB
i was here!
03:09pm today
The count for td is 5
i was here!

i was here!
snehamtd002@yahoo.com
i was here!
TC--11
i was here!
1 - 267.3 KB
i was here!
03:09pm today
The count for td is 5
i was here!

i was here!
sneha.qa.24@gmail.com
i was here!
TC--27
i was here!
0 - 0 bytes
i was here!
03:07pm today
The count for td is 5
i was here!

i was here!
snehamtd002@yahoo.com
i was here!
TC--26
i was here!
0 - 0 bytes
i was here!
03:07pm today
The count for td is 5
i was here!

i was here!
muunni.24@gmail.com
i was here!
TC--32
i was here!
1 - 267.3 KB
i was here!
03:06pm today
The count for td is 5
i was here!

i was here!
sneha.qa.24@gmail.com
i was here!
TC--31
i was here!
1 - 267.3 KB
i was here!
03:06pm today
The count for td is 5
i was here!

i was here!
snehamtd002@yahoo.com
i was here!
TC--30
i was here!
1 - 267.3 KB
i was here!
03:05pm today
The count for td is 5
i was here!

i was here!
snehamtd001@gmail.com
i was here!
TC--29
i was here!
1 - 267.3 KB
i was here!
03:05pm today
The count for td is 5
i was here!

i was here!
sneha.qa.24@gmail.com
i was here!
gffg
i was here!
1 - 267.3 KB
i was here!
02:59pm today
The count for td is 5
i was here!

i was here!
sneha.qa.24@gmail.com
i was here!
sneha- secure only mail
i was here!
0 - 0 bytes
i was here!
02:27pm today
The count for td is 5
i was here!

i was here!
sneha.qa.24@gmail.com
i was here!
macie test - a secure email this time
i was here!
0 - 0 bytes
i was here!
01:56pm today
The count for td is 5
i was here!

i was here!
sneha.qa.24@gmail.com
i was here!
TC--111
i was here!
0 - 0 bytes
i was here!
12:28pm today
The count for td is 5
i was here!

i was here!
snehamtd002@yahoo.com
i was here!
TC--110
i was here!
0 - 0 bytes
i was here!
12:27pm today
Testing user with LFT perms only
First: The page title is Inbox
SUCCESS:Mail successfully sent !
Navigating to base URL
The count for tbody is 1
The count for tr is 26
The count for td is 5
i was here!

i was here!

i was here!

i was here!

i was here!

The count for td is 5
i was here!

i was here!
sneha.qa.24@gmail.com
i was here!
TC--45
i was here!
1 - 267.3 KB
i was here!
03:18pm today
The count for td is 5
i was here!

i was here!
sneha.qa.24@gmail.com
i was here!
TC--41
i was here!
1 - 47.2 MB
i was here!
03:17pm today
The count for td is 5
i was here!

i was here!
sneha.qa.24@gmail.com
i was here!
Fwd: TC--39
i was here!
0 - 0 bytes
i was here!
03:16pm today
The count for td is 5
i was here!

i was here!
snehamtd002@yahoo.com
i was here!
Fwd: TC--38
i was here!
0 - 0 bytes
i was here!
03:15pm today
The count for td is 5
i was here!

i was here!
sneha.qa.24@gmail.com
i was here!
TC--37
i was here!
0 - 0 bytes
i was here!
03:15pm today
The count for td is 5
i was here!

i was here!
sneha.qa.24@gmail.com
i was here!
TC--33
i was here!
1 - 267.3 KB
i was here!
03:14pm today
The count for td is 5
i was here!

i was here!
sneha.qa.24@gmail.com
i was here!
TC--18
i was here!
1 - 47.2 MB
i was here!
03:13pm today
The count for td is 5
i was here!

i was here!
snehamtd002@yahoo.com
i was here!
TC--19
i was here!
1 - 47.2 MB
i was here!
03:12pm today
The count for td is 5
i was here!

i was here!
snehamtd002@yahoo.com
i was here!
TC--13
i was here!
1 - 267.3 KB
i was here!
03:11pm today
The count for td is 5
i was here!

i was here!
sneha.qa.24@gmail.com
i was here!
TC--14
i was here!
1 - 267.3 KB
i was here!
03:11pm today
The count for td is 5
i was here!

i was here!
snehamtd002@yahoo.com
i was here!
TC--15
i was here!
1 - 267.3 KB
i was here!
03:11pm today
The count for td is 5
i was here!

i was here!
snehamtd001@gmail.com
i was here!
TC--16
i was here!
1 - 267.3 KB
i was here!
03:10pm today
The count for td is 5
i was here!

i was here!
sneha.qa.24@gmail.com
i was here!
TC--10
i was here!
1 - 267.3 KB
i was here!
03:09pm today
The count for td is 5
i was here!

i was here!
snehamtd002@yahoo.com
i was here!
TC--11
i was here!
1 - 267.3 KB
i was here!
03:09pm today
The count for td is 5
i was here!

i was here!
sneha.qa.24@gmail.com
i was here!
TC--27
i was here!
0 - 0 bytes
i was here!
03:07pm today
The count for td is 5
i was here!

i was here!
snehamtd002@yahoo.com
i was here!
TC--26
i was here!
0 - 0 bytes
i was here!
03:07pm today
The count for td is 5
i was here!

i was here!
muunni.24@gmail.com
i was here!
TC--32
i was here!
1 - 267.3 KB
i was here!
03:06pm today
The count for td is 5
i was here!

i was here!
sneha.qa.24@gmail.com
i was here!
TC--31
i was here!
1 - 267.3 KB
i was here!
03:06pm today
The count for td is 5
i was here!

i was here!
snehamtd002@yahoo.com
i was here!
TC--30
i was here!
1 - 267.3 KB
i was here!
03:05pm today
The count for td is 5
i was here!

i was here!
snehamtd001@gmail.com
i was here!
TC--29
i was here!
1 - 267.3 KB
i was here!
03:05pm today
The count for td is 5
i was here!

i was here!
sneha.qa.24@gmail.com
i was here!
gffg
i was here!
1 - 267.3 KB
i was here!
02:59pm today
The count for td is 5
i was here!

i was here!
sneha.qa.24@gmail.com
i was here!
sneha- secure only mail
i was here!
0 - 0 bytes
i was here!
02:27pm today
The count for td is 5
i was here!

i was here!
sneha.qa.24@gmail.com
i was here!
macie test - a secure email this time
i was here!
0 - 0 bytes
i was here!
01:56pm today
The count for td is 5
i was here!

i was here!
sneha.qa.24@gmail.com
i was here!
TC--111
i was here!
0 - 0 bytes
i was here!
12:28pm today
The count for td is 5
i was here!

i was here!
snehamtd002@yahoo.com
i was here!
TC--110
i was here!
0 - 0 bytes
i was here!
12:27pm today
]]></system-out>
  <system-err><![CDATA[]]></system-err>
</testsuite>
