<?xml version="1.0" encoding="UTF-8"?>
<testrun name="sanity_ff.PermsOnComposePage" tests="6" started="6" failures="0" errors="1" ignored="0">
  <testsuite name="sanity_ff.PermsOnComposePage" time="509.176">
    <testcase name="NonSecureNoattachs" classname="sanity_ff.PermsOnComposePage" time="100.2"/>
    <testcase name="SecureNoattachs" classname="sanity_ff.PermsOnComposePage" time="65.913"/>
    <testcase name="NonSecureGreater25MB" classname="sanity_ff.PermsOnComposePage" time="54.873">
      <error>org.openqa.selenium.NoSuchElementException: Unable to locate element: {"method":"id","selector":"massintext"}; duration or timeout: 30.05 seconds
For documentation on this error, please visit: http://seleniumhq.org/exceptions/no_such_element.html
Build info: version: '2.14.0', revision: '14955', time: '2011-11-29 11:43:45'
System info: os.name: 'Windows 7', os.arch: 'amd64', os.version: '6.1', java.version: '1.7.0'
Driver info: driver.version: RemoteWebDriver
	at java.lang.reflect.Constructor.newInstance(Constructor.java:525)
	at org.openqa.selenium.remote.ErrorHandler.createThrowable(ErrorHandler.java:147)
	at org.openqa.selenium.remote.ErrorHandler.throwIfResponseFailed(ErrorHandler.java:113)
	at org.openqa.selenium.remote.RemoteWebDriver.execute(RemoteWebDriver.java:400)
	at org.openqa.selenium.remote.RemoteWebDriver.findElement(RemoteWebDriver.java:202)
	at org.openqa.selenium.remote.RemoteWebDriver.findElementById(RemoteWebDriver.java:219)
	at org.openqa.selenium.By$ById.findElement(By.java:216)
	at org.openqa.selenium.remote.RemoteWebDriver.findElement(RemoteWebDriver.java:194)
	at sanity_ff.PermsOnComposePage.NonSecureGreater25MB(PermsOnComposePage.java:468)
Caused by: org.openqa.selenium.remote.ErrorHandler$UnknownServerException: Unable to locate element: {"method":"id","selector":"massintext"}
Build info: version: '2.14.0', revision: '14955', time: '2011-11-29 11:43:45'
System info: os.name: 'Windows 7', os.arch: 'amd64', os.version: '6.1', java.version: '1.7.0'
Driver info: driver.version: unknown
	at &lt;anonymous class&gt;.&lt;anonymous method&gt;(file:///C:/Users/Sneha/AppData/Local/Temp/anonymous6185705908869921684webdriver-profile/extensions/fxdriver@googlecode.com/components/driver-component.js -&gt; file:///C:/Users/Sneha/AppData/Local/Temp/anonymous6185705908869921684webdriver-profile/extensions/fxdriver@googlecode.com/components/firefoxDriver.js:389)
	at &lt;anonymous class&gt;.&lt;anonymous method&gt;(resource://fxdriver/modules/utils.js:9466)
</error>
    </testcase>
    <testcase name="SecureLesser25MB" classname="sanity_ff.PermsOnComposePage" time="91.372"/>
    <testcase name="NonSecureLesser25MB" classname="sanity_ff.PermsOnComposePage" time="88.367"/>
    <testcase name="SecureGreater25MB" classname="sanity_ff.PermsOnComposePage" time="108.265"/>
  </testsuite>
</testrun>
