<?xml version="1.0" encoding="UTF-8"?>
<testrun name="PermsOnReplyPage" project="spw_001" tests="1" started="1" failures="0" errors="1" ignored="0">
  <testsuite name="sanity_ff.PermsOnReplyPage" time="13.371">
    <testcase name="NonSecureNoattachs" classname="sanity_ff.PermsOnReplyPage" time="13.371">
      <error>com.thoughtworks.selenium.SeleniumException: Element id=id_username not found&#13;
	at org.openqa.selenium.internal.seleniumemulation.ElementFinder.findElement(ElementFinder.java:103)&#13;
	at org.openqa.selenium.internal.seleniumemulation.Type.handleSeleneseCommand(Type.java:56)&#13;
	at org.openqa.selenium.internal.seleniumemulation.Type.handleSeleneseCommand(Type.java:1)&#13;
	at org.openqa.selenium.internal.seleniumemulation.SeleneseCommand.apply(SeleneseCommand.java:36)&#13;
	at org.openqa.selenium.internal.seleniumemulation.Timer.run(Timer.java:39)&#13;
	at org.openqa.selenium.WebDriverCommandProcessor.execute(WebDriverCommandProcessor.java:265)&#13;
	at org.openqa.selenium.WebDriverCommandProcessor.doCommand(WebDriverCommandProcessor.java:195)&#13;
	at com.thoughtworks.selenium.DefaultSelenium.type(DefaultSelenium.java:310)&#13;
	at sanity_ff.Functions.LFTSend(Functions.java:130)&#13;
	at sanity_ff.PermsOnReplyPage.NonSecureNoattachs(PermsOnReplyPage.java:76)&#13;
	at sun.reflect.NativeMethodAccessorImpl.invoke0(Native Method)&#13;
	at sun.reflect.NativeMethodAccessorImpl.invoke(NativeMethodAccessorImpl.java:57)&#13;
	at sun.reflect.DelegatingMethodAccessorImpl.invoke(DelegatingMethodAccessorImpl.java:43)&#13;
	at java.lang.reflect.Method.invoke(Method.java:601)&#13;
	at org.junit.runners.model.FrameworkMethod$1.runReflectiveCall(FrameworkMethod.java:45)&#13;
	at org.junit.internal.runners.model.ReflectiveCallable.run(ReflectiveCallable.java:15)&#13;
	at org.junit.runners.model.FrameworkMethod.invokeExplosively(FrameworkMethod.java:42)&#13;
	at org.junit.internal.runners.statements.InvokeMethod.evaluate(InvokeMethod.java:20)&#13;
	at org.junit.internal.runners.statements.RunBefores.evaluate(RunBefores.java:28)&#13;
	at org.junit.runners.ParentRunner.runLeaf(ParentRunner.java:263)&#13;
	at org.junit.runners.BlockJUnit4ClassRunner.runChild(BlockJUnit4ClassRunner.java:68)&#13;
	at org.junit.runners.BlockJUnit4ClassRunner.runChild(BlockJUnit4ClassRunner.java:47)&#13;
	at org.junit.runners.ParentRunner$3.run(ParentRunner.java:231)&#13;
	at org.junit.runners.ParentRunner$1.schedule(ParentRunner.java:60)&#13;
	at org.junit.runners.ParentRunner.runChildren(ParentRunner.java:229)&#13;
	at org.junit.runners.ParentRunner.access$000(ParentRunner.java:50)&#13;
	at org.junit.runners.ParentRunner$2.evaluate(ParentRunner.java:222)&#13;
	at org.junit.runners.ParentRunner.run(ParentRunner.java:300)&#13;
	at org.eclipse.jdt.internal.junit4.runner.JUnit4TestReference.run(JUnit4TestReference.java:50)&#13;
	at org.eclipse.jdt.internal.junit.runner.TestExecution.run(TestExecution.java:38)&#13;
	at org.eclipse.jdt.internal.junit.runner.RemoteTestRunner.runTests(RemoteTestRunner.java:467)&#13;
	at org.eclipse.jdt.internal.junit.runner.RemoteTestRunner.runTests(RemoteTestRunner.java:683)&#13;
	at org.eclipse.jdt.internal.junit.runner.RemoteTestRunner.run(RemoteTestRunner.java:390)&#13;
	at org.eclipse.jdt.internal.junit.runner.RemoteTestRunner.main(RemoteTestRunner.java:197)&#13;
Caused by: org.openqa.selenium.WebDriverException: Element id=id_username not found (WARNING: The server did not provide any stacktrace information); duration or timeout: 20 milliseconds
Build info: version: '2.14.0', revision: '14955', time: '2011-11-29 11:43:45'
System info: os.name: 'Windows 7', os.arch: 'amd64', os.version: '6.1', java.version: '1.7.0'
Driver info: driver.version: RemoteWebDriver&#13;
	at sun.reflect.NativeConstructorAccessorImpl.newInstance0(Native Method)&#13;
	at sun.reflect.NativeConstructorAccessorImpl.newInstance(NativeConstructorAccessorImpl.java:57)&#13;
	at sun.reflect.DelegatingConstructorAccessorImpl.newInstance(DelegatingConstructorAccessorImpl.java:45)&#13;
	at java.lang.reflect.Constructor.newInstance(Constructor.java:525)&#13;
	at org.openqa.selenium.remote.ErrorHandler.createThrowable(ErrorHandler.java:147)&#13;
	at org.openqa.selenium.remote.ErrorHandler.throwIfResponseFailed(ErrorHandler.java:113)&#13;
	at org.openqa.selenium.remote.RemoteWebDriver.execute(RemoteWebDriver.java:400)&#13;
	at org.openqa.selenium.remote.RemoteWebDriver.executeScript(RemoteWebDriver.java:329)&#13;
	at org.openqa.selenium.internal.seleniumemulation.ElementFinder.findElement(ElementFinder.java:101)&#13;
	... 33 more&#13;
&#13;
</error>
    </testcase>
  </testsuite>
</testrun>
