<?xml version="1.0" encoding="UTF-8"?>
<testrun name="PermsOnCompose_DraftsPage" project="spw_001" tests="6" started="6" failures="1" errors="2" ignored="0">
  <testsuite name="sanity_ff.PermsOnCompose_DraftsPage" time="798.319">
    <testcase name="NonSecureNoattachs" classname="sanity_ff.PermsOnCompose_DraftsPage" time="163.072"/>
    <testcase name="SecureNoattachs" classname="sanity_ff.PermsOnCompose_DraftsPage" time="145.536"/>
    <testcase name="NonSecureGreater25MB" classname="sanity_ff.PermsOnCompose_DraftsPage" time="115.251">
      <failure>
        <expected>Edit Draft</expected>
        <actual/>org.junit.ComparisonFailure: expected:&lt;[Edit Draft]&gt; but was:&lt;[]&gt;&#13;
	at org.junit.Assert.assertEquals(Assert.java:125)&#13;
	at org.junit.Assert.assertEquals(Assert.java:147)&#13;
	at sanity_ff.PermsOnCompose_DraftsPage.NonSecureGreater25MB(PermsOnCompose_DraftsPage.java:814)&#13;
	at sun.reflect.NativeMethodAccessorImpl.invoke0(Native Method)&#13;
	at sun.reflect.NativeMethodAccessorImpl.invoke(NativeMethodAccessorImpl.java:57)&#13;
	at sun.reflect.DelegatingMethodAccessorImpl.invoke(DelegatingMethodAccessorImpl.java:43)&#13;
	at java.lang.reflect.Method.invoke(Method.java:601)&#13;
	at org.junit.runners.model.FrameworkMethod$1.runReflectiveCall(FrameworkMethod.java:45)&#13;
	at org.junit.internal.runners.model.ReflectiveCallable.run(ReflectiveCallable.java:15)&#13;
	at org.junit.runners.model.FrameworkMethod.invokeExplosively(FrameworkMethod.java:42)&#13;
	at org.junit.internal.runners.statements.InvokeMethod.evaluate(InvokeMethod.java:20)&#13;
	at org.junit.internal.runners.statements.RunBefores.evaluate(RunBefores.java:28)&#13;
	at org.junit.internal.runners.statements.RunAfters.evaluate(RunAfters.java:30)&#13;
	at org.junit.runners.ParentRunner.runLeaf(ParentRunner.java:263)&#13;
	at org.junit.runners.BlockJUnit4ClassRunner.runChild(BlockJUnit4ClassRunner.java:68)&#13;
	at org.junit.runners.BlockJUnit4ClassRunner.runChild(BlockJUnit4ClassRunner.java:47)&#13;
	at org.junit.runners.ParentRunner$3.run(ParentRunner.java:231)&#13;
	at org.junit.runners.ParentRunner$1.schedule(ParentRunner.java:60)&#13;
	at org.junit.runners.ParentRunner.runChildren(ParentRunner.java:229)&#13;
	at org.junit.runners.ParentRunner.access$000(ParentRunner.java:50)&#13;
	at org.junit.runners.ParentRunner$2.evaluate(ParentRunner.java:222)&#13;
	at org.junit.runners.ParentRunner.run(ParentRunner.java:300)&#13;
	at org.eclipse.jdt.internal.junit4.runner.JUnit4TestReference.run(JUnit4TestReference.java:50)&#13;
	at org.eclipse.jdt.internal.junit.runner.TestExecution.run(TestExecution.java:38)&#13;
	at org.eclipse.jdt.internal.junit.runner.RemoteTestRunner.runTests(RemoteTestRunner.java:467)&#13;
	at org.eclipse.jdt.internal.junit.runner.RemoteTestRunner.runTests(RemoteTestRunner.java:683)&#13;
	at org.eclipse.jdt.internal.junit.runner.RemoteTestRunner.run(RemoteTestRunner.java:390)&#13;
	at org.eclipse.jdt.internal.junit.runner.RemoteTestRunner.main(RemoteTestRunner.java:197)&#13;
&#13;
</failure>
    </testcase>
    <testcase name="SecureLesser25MB" classname="sanity_ff.PermsOnCompose_DraftsPage" time="176.346"/>
    <testcase name="NonSecureLesser25MB" classname="sanity_ff.PermsOnCompose_DraftsPage" time="163.118"/>
    <testcase name="SecureGreater25MB" classname="sanity_ff.PermsOnCompose_DraftsPage" time="34.996">
      <error>org.openqa.selenium.WebDriverException: Error communicating with the remote browser. It may have died.
Build info: version: '2.14.0', revision: '14955', time: '2011-11-29 11:43:45'
System info: os.name: 'Windows 7', os.arch: 'amd64', os.version: '6.1', java.version: '1.7.0'
Driver info: driver.version: RemoteWebDriver&#13;
	at org.openqa.selenium.remote.RemoteWebDriver.execute(RemoteWebDriver.java:396)&#13;
	at org.openqa.selenium.remote.RemoteWebElement.execute(RemoteWebElement.java:231)&#13;
	at org.openqa.selenium.remote.RemoteWebElement.getText(RemoteWebElement.java:135)&#13;
	at sanity_ff.Functions.DraftsFindIdwithSubject(Functions.java:265)&#13;
	at sanity_ff.PermsOnCompose_DraftsPage.SecureGreater25MB(PermsOnCompose_DraftsPage.java:1579)&#13;
	at sun.reflect.NativeMethodAccessorImpl.invoke0(Native Method)&#13;
	at sun.reflect.NativeMethodAccessorImpl.invoke(NativeMethodAccessorImpl.java:57)&#13;
	at sun.reflect.DelegatingMethodAccessorImpl.invoke(DelegatingMethodAccessorImpl.java:43)&#13;
	at java.lang.reflect.Method.invoke(Method.java:601)&#13;
	at org.junit.runners.model.FrameworkMethod$1.runReflectiveCall(FrameworkMethod.java:45)&#13;
	at org.junit.internal.runners.model.ReflectiveCallable.run(ReflectiveCallable.java:15)&#13;
	at org.junit.runners.model.FrameworkMethod.invokeExplosively(FrameworkMethod.java:42)&#13;
	at org.junit.internal.runners.statements.InvokeMethod.evaluate(InvokeMethod.java:20)&#13;
	at org.junit.internal.runners.statements.RunBefores.evaluate(RunBefores.java:28)&#13;
	at org.junit.internal.runners.statements.RunAfters.evaluate(RunAfters.java:30)&#13;
	at org.junit.runners.ParentRunner.runLeaf(ParentRunner.java:263)&#13;
	at org.junit.runners.BlockJUnit4ClassRunner.runChild(BlockJUnit4ClassRunner.java:68)&#13;
	at org.junit.runners.BlockJUnit4ClassRunner.runChild(BlockJUnit4ClassRunner.java:47)&#13;
	at org.junit.runners.ParentRunner$3.run(ParentRunner.java:231)&#13;
	at org.junit.runners.ParentRunner$1.schedule(ParentRunner.java:60)&#13;
	at org.junit.runners.ParentRunner.runChildren(ParentRunner.java:229)&#13;
	at org.junit.runners.ParentRunner.access$000(ParentRunner.java:50)&#13;
	at org.junit.runners.ParentRunner$2.evaluate(ParentRunner.java:222)&#13;
	at org.junit.runners.ParentRunner.run(ParentRunner.java:300)&#13;
	at org.eclipse.jdt.internal.junit4.runner.JUnit4TestReference.run(JUnit4TestReference.java:50)&#13;
	at org.eclipse.jdt.internal.junit.runner.TestExecution.run(TestExecution.java:38)&#13;
	at org.eclipse.jdt.internal.junit.runner.RemoteTestRunner.runTests(RemoteTestRunner.java:467)&#13;
	at org.eclipse.jdt.internal.junit.runner.RemoteTestRunner.runTests(RemoteTestRunner.java:683)&#13;
	at org.eclipse.jdt.internal.junit.runner.RemoteTestRunner.run(RemoteTestRunner.java:390)&#13;
	at org.eclipse.jdt.internal.junit.runner.RemoteTestRunner.main(RemoteTestRunner.java:197)&#13;
Caused by: java.net.SocketException: Permission denied: connect&#13;
	at java.net.DualStackPlainSocketImpl.connect0(Native Method)&#13;
	at java.net.DualStackPlainSocketImpl.socketConnect(DualStackPlainSocketImpl.java:73)&#13;
	at java.net.AbstractPlainSocketImpl.doConnect(AbstractPlainSocketImpl.java:337)&#13;
	at java.net.AbstractPlainSocketImpl.connectToAddress(AbstractPlainSocketImpl.java:198)&#13;
	at java.net.AbstractPlainSocketImpl.connect(AbstractPlainSocketImpl.java:180)&#13;
	at java.net.PlainSocketImpl.connect(PlainSocketImpl.java:157)&#13;
	at java.net.SocksSocketImpl.connect(SocksSocketImpl.java:391)&#13;
	at java.net.Socket.connect(Socket.java:579)&#13;
	at org.apache.http.conn.scheme.PlainSocketFactory.connectSocket(PlainSocketFactory.java:123)&#13;
	at org.apache.http.impl.conn.DefaultClientConnectionOperator.openConnection(DefaultClientConnectionOperator.java:148)&#13;
	at org.apache.http.impl.conn.AbstractPoolEntry.open(AbstractPoolEntry.java:149)&#13;
	at org.apache.http.impl.conn.AbstractPooledConnAdapter.open(AbstractPooledConnAdapter.java:121)&#13;
	at org.apache.http.impl.client.DefaultRequestDirector.tryConnect(DefaultRequestDirector.java:573)&#13;
	at org.apache.http.impl.client.DefaultRequestDirector.execute(DefaultRequestDirector.java:425)&#13;
	at org.apache.http.impl.client.AbstractHttpClient.execute(AbstractHttpClient.java:820)&#13;
	at org.openqa.selenium.remote.HttpCommandExecutor.fallBackExecute(HttpCommandExecutor.java:395)&#13;
	at org.openqa.selenium.remote.HttpCommandExecutor.execute(HttpCommandExecutor.java:374)&#13;
	at org.openqa.selenium.firefox.internal.NewProfileExtensionConnection.execute(NewProfileExtensionConnection.java:122)&#13;
	at org.openqa.selenium.firefox.FirefoxDriver$LazyCommandExecutor.execute(FirefoxDriver.java:226)&#13;
	at org.openqa.selenium.remote.RemoteWebDriver.execute(RemoteWebDriver.java:382)&#13;
	... 29 more&#13;
&#13;
org.openqa.selenium.WebDriverException: Error communicating with the remote browser. It may have died.
Build info: version: '2.14.0', revision: '14955', time: '2011-11-29 11:43:45'
System info: os.name: 'Windows 7', os.arch: 'amd64', os.version: '6.1', java.version: '1.7.0'
Driver info: driver.version: RemoteWebDriver&#13;
	at org.openqa.selenium.remote.RemoteWebDriver.execute(RemoteWebDriver.java:396)&#13;
	at org.openqa.selenium.remote.RemoteWebDriver.execute(RemoteWebDriver.java:404)&#13;
	at org.openqa.selenium.remote.RemoteWebDriver.quit(RemoteWebDriver.java:294)&#13;
	at sanity_ff.PermsOnCompose_DraftsPage.tearDown(PermsOnCompose_DraftsPage.java:1829)&#13;
	at sun.reflect.NativeMethodAccessorImpl.invoke0(Native Method)&#13;
	at sun.reflect.NativeMethodAccessorImpl.invoke(NativeMethodAccessorImpl.java:57)&#13;
	at sun.reflect.DelegatingMethodAccessorImpl.invoke(DelegatingMethodAccessorImpl.java:43)&#13;
	at java.lang.reflect.Method.invoke(Method.java:601)&#13;
	at org.junit.runners.model.FrameworkMethod$1.runReflectiveCall(FrameworkMethod.java:45)&#13;
	at org.junit.internal.runners.model.ReflectiveCallable.run(ReflectiveCallable.java:15)&#13;
	at org.junit.runners.model.FrameworkMethod.invokeExplosively(FrameworkMethod.java:42)&#13;
	at org.junit.internal.runners.statements.RunAfters.evaluate(RunAfters.java:36)&#13;
	at org.junit.runners.ParentRunner.runLeaf(ParentRunner.java:263)&#13;
	at org.junit.runners.BlockJUnit4ClassRunner.runChild(BlockJUnit4ClassRunner.java:68)&#13;
	at org.junit.runners.BlockJUnit4ClassRunner.runChild(BlockJUnit4ClassRunner.java:47)&#13;
	at org.junit.runners.ParentRunner$3.run(ParentRunner.java:231)&#13;
	at org.junit.runners.ParentRunner$1.schedule(ParentRunner.java:60)&#13;
	at org.junit.runners.ParentRunner.runChildren(ParentRunner.java:229)&#13;
	at org.junit.runners.ParentRunner.access$000(ParentRunner.java:50)&#13;
	at org.junit.runners.ParentRunner$2.evaluate(ParentRunner.java:222)&#13;
	at org.junit.runners.ParentRunner.run(ParentRunner.java:300)&#13;
	at org.eclipse.jdt.internal.junit4.runner.JUnit4TestReference.run(JUnit4TestReference.java:50)&#13;
	at org.eclipse.jdt.internal.junit.runner.TestExecution.run(TestExecution.java:38)&#13;
	at org.eclipse.jdt.internal.junit.runner.RemoteTestRunner.runTests(RemoteTestRunner.java:467)&#13;
	at org.eclipse.jdt.internal.junit.runner.RemoteTestRunner.runTests(RemoteTestRunner.java:683)&#13;
	at org.eclipse.jdt.internal.junit.runner.RemoteTestRunner.run(RemoteTestRunner.java:390)&#13;
	at org.eclipse.jdt.internal.junit.runner.RemoteTestRunner.main(RemoteTestRunner.java:197)&#13;
Caused by: java.net.SocketException: Permission denied: connect&#13;
	at java.net.DualStackPlainSocketImpl.connect0(Native Method)&#13;
	at java.net.DualStackPlainSocketImpl.socketConnect(DualStackPlainSocketImpl.java:73)&#13;
	at java.net.AbstractPlainSocketImpl.doConnect(AbstractPlainSocketImpl.java:337)&#13;
	at java.net.AbstractPlainSocketImpl.connectToAddress(AbstractPlainSocketImpl.java:198)&#13;
	at java.net.AbstractPlainSocketImpl.connect(AbstractPlainSocketImpl.java:180)&#13;
	at java.net.PlainSocketImpl.connect(PlainSocketImpl.java:157)&#13;
	at java.net.SocksSocketImpl.connect(SocksSocketImpl.java:391)&#13;
	at java.net.Socket.connect(Socket.java:579)&#13;
	at org.apache.http.conn.scheme.PlainSocketFactory.connectSocket(PlainSocketFactory.java:123)&#13;
	at org.apache.http.impl.conn.DefaultClientConnectionOperator.openConnection(DefaultClientConnectionOperator.java:148)&#13;
	at org.apache.http.impl.conn.AbstractPoolEntry.open(AbstractPoolEntry.java:149)&#13;
	at org.apache.http.impl.conn.AbstractPooledConnAdapter.open(AbstractPooledConnAdapter.java:121)&#13;
	at org.apache.http.impl.client.DefaultRequestDirector.tryConnect(DefaultRequestDirector.java:573)&#13;
	at org.apache.http.impl.client.DefaultRequestDirector.execute(DefaultRequestDirector.java:425)&#13;
	at org.apache.http.impl.client.AbstractHttpClient.execute(AbstractHttpClient.java:820)&#13;
	at org.openqa.selenium.remote.HttpCommandExecutor.fallBackExecute(HttpCommandExecutor.java:395)&#13;
	at org.openqa.selenium.remote.HttpCommandExecutor.execute(HttpCommandExecutor.java:374)&#13;
	at org.openqa.selenium.firefox.internal.NewProfileExtensionConnection.execute(NewProfileExtensionConnection.java:122)&#13;
	at org.openqa.selenium.firefox.FirefoxDriver$LazyCommandExecutor.execute(FirefoxDriver.java:226)&#13;
	at org.openqa.selenium.remote.RemoteWebDriver.execute(RemoteWebDriver.java:382)&#13;
	... 26 more&#13;
&#13;
</error>
    </testcase>
  </testsuite>
</testrun>
