<html xmlns:lxslt="http://xml.apache.org/xslt" xmlns:stringutils="xalan://org.apache.tools.ant.util.StringUtils">
<head>
<META http-equiv="Content-Type" content="text/html; charset=UTF-8">
<title>Unit Test Results: sanity_ff.PermsOnForward_DraftsPage</title>
<link rel="stylesheet" type="text/css" title="Style" href="../stylesheet.css">
<script type="text/javascript" language="JavaScript">
        var TestCases = new Array();
        var cur;
        
    cur = TestCases['sanity_ff.PermsOnForward_DraftsPage'] = new Array();
    
        cur['ant.core.lib'] = 'C:\\Apache ANT\\ANT\\apache-ant-1.8.2\\lib\\ant.jar';
    
        cur['ant.file'] = 'C:\\Users\\Sneha\\SPW\\spw_001\\build.xml';
    
        cur['ant.file.myJUnitTests'] = 'C:\\Users\\Sneha\\SPW\\spw_001\\build.xml';
    
        cur['ant.file.type'] = 'file';
    
        cur['ant.file.type.myJUnitTests'] = 'file';
    
        cur['ant.home'] = 'C:\\Apache ANT\\ANT\\apache-ant-1.8.2';
    
        cur['ant.java.version'] = '1.7';
    
        cur['ant.library.dir'] = 'C:\\Apache ANT\\ANT\\apache-ant-1.8.2\\lib';
    
        cur['ant.project.default-target'] = 'usage';
    
        cur['ant.project.invoked-targets'] = 'run';
    
        cur['ant.project.name'] = 'myJUnitTests';
    
        cur['ant.reports'] = 'C:\\Users\\Sneha\\SPW\\spw_001/ant_result';
    
        cur['ant.version'] = 'Apache Ant(TM) version 1.8.2 compiled on December 20 2010';
    
        cur['awt.toolkit'] = 'sun.awt.windows.WToolkit';
    
        cur['basedir'] = 'C:\\Users\\Sneha\\SPW\\spw_001';
    
        cur['env._JAVACMD'] = 'java.exe';
    
        cur['env._USE_CLASSPATH'] = 'no';
    
        cur['env.=C:'] = 'C:\\Users\\Sneha\\SPW\\spw_001';
    
        cur['env.ALLUSERSPROFILE'] = 'C:\\ProgramData';
    
        cur['env.ANT_CMD_LINE_ARGS'] = ' run';
    
        cur['env.ANT_HOME'] = 'C:\\Apache ANT\\ANT\\apache-ant-1.8.2';
    
        cur['env.AntTest'] = 'C:\\Sparkweave-Selenium\\ANT\\apache-ant-1.8.2';
    
        cur['env.APPDATA'] = 'C:\\Users\\Sneha\\AppData\\Roaming';
    
        cur['env.CommonProgramFiles'] = 'C:\\Program Files\\Common Files';
    
        cur['env.CommonProgramFiles(x86)'] = 'C:\\Program Files (x86)\\Common Files';
    
        cur['env.CommonProgramW6432'] = 'C:\\Program Files\\Common Files';
    
        cur['env.COMPUTERNAME'] = 'SNEHA-PC';
    
        cur['env.ComSpec'] = 'C:\\Windows\\system32\\cmd.exe';
    
        cur['env.FP_NO_HOST_CHECK'] = 'NO';
    
        cur['env.HOMEDRIVE'] = 'C:';
    
        cur['env.HOMEPATH'] = '\\Users\\Sneha';
    
        cur['env.JAVA HOME'] = 'C:\\Java\\jdk1.7.0\\bin';
    
        cur['env.LOCALAPPDATA'] = 'C:\\Users\\Sneha\\AppData\\Local';
    
        cur['env.LOGONSERVER'] = '\\\\SNEHA-PC';
    
        cur['env.NUMBER_OF_PROCESSORS'] = '6';
    
        cur['env.OS'] = 'Windows_NT';
    
        cur['env.PATH'] = 'C:\\Safari\\Safari.exe;C:\\Program Files (x86)\\Microsoft Silverlight\\4.0.60531.0;C:\\Java\\jdk1.7.0\\bin;C:\\Vim\\vim73\\gvim.exe;C:\\Sparkweave-Selenium\\ANT\\apache-ant-1.8.2\\bin';
    
        cur['env.PATHEXT'] = '.COM;.EXE;.BAT;.CMD;.VBS;.VBE;.JS;.JSE;.WSF;.WSH;.MSC';
    
        cur['env.PROCESSOR_ARCHITECTURE'] = 'AMD64';
    
        cur['env.PROCESSOR_IDENTIFIER'] = 'AMD64 Family 16 Model 10 Stepping 0, AuthenticAMD';
    
        cur['env.PROCESSOR_LEVEL'] = '16';
    
        cur['env.PROCESSOR_REVISION'] = '0a00';
    
        cur['env.ProgramData'] = 'C:\\ProgramData';
    
        cur['env.ProgramFiles'] = 'C:\\Program Files';
    
        cur['env.ProgramFiles(x86)'] = 'C:\\Program Files (x86)';
    
        cur['env.ProgramW6432'] = 'C:\\Program Files';
    
        cur['env.PROMPT'] = '$P$G';
    
        cur['env.PSModulePath'] = 'C:\\Windows\\system32\\WindowsPowerShell\\v1.0\\Modules\\';
    
        cur['env.PUBLIC'] = 'C:\\Users\\Public';
    
        cur['env.SystemDrive'] = 'C:';
    
        cur['env.SystemRoot'] = 'C:\\Windows';
    
        cur['env.TEMP'] = 'C:\\Users\\Sneha\\AppData\\Local\\Temp';
    
        cur['env.TMP'] = 'C:\\Users\\Sneha\\AppData\\Local\\Temp';
    
        cur['env.USERDOMAIN'] = 'Sneha-PC';
    
        cur['env.USERNAME'] = 'Sneha';
    
        cur['env.USERPROFILE'] = 'C:\\Users\\Sneha';
    
        cur['env.windir'] = 'C:\\Windows';
    
        cur['env.windows_tracing_flags'] = '3';
    
        cur['env.windows_tracing_logfile'] = 'C:\\BVTBin\\Tests\\installpackage\\csilogfile.log';
    
        cur['file.encoding'] = 'Cp1252';
    
        cur['file.encoding.pkg'] = 'sun.io';
    
        cur['file.separator'] = '\\';
    
        cur['java.awt.graphicsenv'] = 'sun.awt.Win32GraphicsEnvironment';
    
        cur['java.awt.printerjob'] = 'sun.awt.windows.WPrinterJob';
    
        cur['java.class.path'] = 'C:\\Users\\Sneha\\SPW\\spw_001\\ant_build;C:\\Sparkweave-Selenium\\JAR\\Silverlight-Selenium.jar;C:\\Sparkweave-Selenium\\JAR\\junit-4.8.1.jar;C:\\Sparkweave-Selenium\\JAR\\poi-3.7-20101029.jar;C:\\Sparkweave-Selenium\\JAR\\selenium-ie-driver-2.0b3.jar;C:\\Sparkweave-Selenium\\JAR\\selenium-java-2.14.0-srcs.jar;C:\\Sparkweave-Selenium\\JAR\\selenium-java-2.14.0.jar;C:\\Sparkweave-Selenium\\JAR\\selenium-server-standalone-2.14.0.jar;C:\\Sparkweave-Selenium\\JAR\\selenium-server-standalone-2.7.0.jar;C:\\Sparkweave-Selenium\\JAR\\selenium-server.jar;C:\\Sparkweave-Selenium\\JAR\\testng-6.1.1.jar;C:\\Apache ANT\\ANT\\apache-ant-1.8.2\\lib\\ant-launcher.jar;C:\\Apache ANT\\ANT\\apache-ant-1.8.2\\lib\\ant.jar;C:\\Apache ANT\\ANT\\apache-ant-1.8.2\\lib\\ant-junit.jar;C:\\Apache ANT\\ANT\\apache-ant-1.8.2\\lib\\ant-junit4.jar';
    
        cur['java.class.version'] = '51.0';
    
        cur['java.endorsed.dirs'] = 'C:\\Java\\jdk1.7.0\\jre\\lib\\endorsed';
    
        cur['java.ext.dirs'] = 'C:\\Java\\jdk1.7.0\\jre\\lib\\ext;C:\\Windows\\Sun\\Java\\lib\\ext';
    
        cur['java.home'] = 'C:\\Java\\jdk1.7.0\\jre';
    
        cur['java.io.tmpdir'] = 'C:\\Users\\Sneha\\AppData\\Local\\Temp\\';
    
        cur['java.library.path'] = 'C:\\Java\\jdk1.7.0\\jre\\bin;C:\\Windows\\Sun\\Java\\bin;C:\\Windows\\system32;C:\\Windows;C:\\Safari\\Safari.exe;C:\\Program Files (x86)\\Microsoft Silverlight\\4.0.60531.0;C:\\Java\\jdk1.7.0\\bin;C:\\Vim\\vim73\\gvim.exe;C:\\Sparkweave-Selenium\\ANT\\apache-ant-1.8.2\\bin;.';
    
        cur['java.runtime.name'] = 'Java(TM) SE Runtime Environment';
    
        cur['java.runtime.version'] = '1.7.0-b147';
    
        cur['java.specification.name'] = 'Java Platform API Specification';
    
        cur['java.specification.vendor'] = 'Oracle Corporation';
    
        cur['java.specification.version'] = '1.7';
    
        cur['java.vendor'] = 'Oracle Corporation';
    
        cur['java.vendor.url'] = 'http://java.oracle.com/';
    
        cur['java.vendor.url.bug'] = 'http://bugreport.sun.com/bugreport/';
    
        cur['java.version'] = '1.7.0';
    
        cur['java.vm.info'] = 'mixed mode';
    
        cur['java.vm.name'] = 'Java HotSpot(TM) 64-Bit Server VM';
    
        cur['java.vm.specification.name'] = 'Java Virtual Machine Specification';
    
        cur['java.vm.specification.vendor'] = 'Oracle Corporation';
    
        cur['java.vm.specification.version'] = '1.7';
    
        cur['java.vm.vendor'] = 'Oracle Corporation';
    
        cur['java.vm.version'] = '21.0-b17';
    
        cur['line.separator'] = '
';
    
        cur['os.arch'] = 'amd64';
    
        cur['os.name'] = 'Windows 7';
    
        cur['os.version'] = '6.1';
    
        cur['path.separator'] = ';';
    
        cur['sun.arch.data.model'] = '64';
    
        cur['sun.boot.class.path'] = 'C:\\Java\\jdk1.7.0\\jre\\lib\\resources.jar;C:\\Java\\jdk1.7.0\\jre\\lib\\rt.jar;C:\\Java\\jdk1.7.0\\jre\\lib\\sunrsasign.jar;C:\\Java\\jdk1.7.0\\jre\\lib\\jsse.jar;C:\\Java\\jdk1.7.0\\jre\\lib\\jce.jar;C:\\Java\\jdk1.7.0\\jre\\lib\\charsets.jar;C:\\Java\\jdk1.7.0\\jre\\classes';
    
        cur['sun.boot.library.path'] = 'C:\\Java\\jdk1.7.0\\jre\\bin';
    
        cur['sun.cpu.endian'] = 'little';
    
        cur['sun.cpu.isalist'] = 'amd64';
    
        cur['sun.desktop'] = 'windows';
    
        cur['sun.io.unicode.encoding'] = 'UnicodeLittle';
    
        cur['sun.java.command'] = 'org.apache.tools.ant.taskdefs.optional.junit.JUnitTestRunner sanity_ff.PermsOnForward_DraftsPage filtertrace=true haltOnError=false haltOnFailure=false formatter=org.apache.tools.ant.taskdefs.optional.junit.SummaryJUnitResultFormatter showoutput=false outputtoformatters=true logfailedtests=true logtestlistenerevents=false formatter=org.apache.tools.ant.taskdefs.optional.junit.XMLJUnitResultFormatter,C:\\Users\\Sneha\\SPW\\spw_001\\ant_result\\TEST-sanity_ff.PermsOnForward_DraftsPage.xml crashfile=C:\\Users\\Sneha\\SPW\\spw_001\\junitvmwatcher8179277454142513185.properties propsfile=C:\\Users\\Sneha\\SPW\\spw_001\\junit1529783025346843006.properties';
    
        cur['sun.java.launcher'] = 'SUN_STANDARD';
    
        cur['sun.jnu.encoding'] = 'Cp1252';
    
        cur['sun.management.compiler'] = 'HotSpot 64-Bit Tiered Compilers';
    
        cur['sun.os.patch.level'] = 'Service Pack 1';
    
        cur['test.dest'] = 'C:\\Users\\Sneha\\SPW\\spw_001/ant_build';
    
        cur['test.home'] = 'C:\\Users\\Sneha\\SPW\\spw_001';
    
        cur['test.jars'] = 'C:/Sparkweave-Selenium/JAR';
    
        cur['test.src'] = 'C:\\Users\\Sneha\\SPW\\spw_001/src';
    
        cur['user.country'] = 'US';
    
        cur['user.dir'] = 'C:\\Users\\Sneha\\SPW\\spw_001';
    
        cur['user.home'] = 'C:\\Users\\Sneha';
    
        cur['user.language'] = 'en';
    
        cur['user.name'] = 'Sneha';
    
        cur['user.script'] = '';
    
        cur['user.timezone'] = '';
    
        cur['user.variant'] = '';
    </script><script type="text/javascript" language="JavaScript">
        function displayProperties (name) {
          var win = window.open('','JUnitSystemProperties','scrollbars=1,resizable=1');
          var doc = win.document;
          doc.open();
          doc.write("<html><head><title>Properties of " + name + "</title>");
          doc.write("<style type=\"text/css\">");
          doc.write("body {font:normal 68% verdana,arial,helvetica; color:#000000; }");
          doc.write("table tr td, table tr th { font-size: 68%; }");
          doc.write("table.properties { border-collapse:collapse; border-left:solid 1 #cccccc; border-top:solid 1 #cccccc; padding:5px; }");
          doc.write("table.properties th { text-align:left; border-right:solid 1 #cccccc; border-bottom:solid 1 #cccccc; background-color:#eeeeee; }");
          doc.write("table.properties td { font:normal; text-align:left; border-right:solid 1 #cccccc; border-bottom:solid 1 #cccccc; background-color:#fffffff; }");
          doc.write("h3 { margin-bottom: 0.5em; font: bold 115% verdana,arial,helvetica }");
          doc.write("</style>");
          doc.write("</head><body>");
          doc.write("<h3>Properties of " + name + "</h3>");
          doc.write("<div align=\"right\"><a href=\"javascript:window.close();\">Close</a></div>");
          doc.write("<table class='properties'>");
          doc.write("<tr><th>Name</th><th>Value</th></tr>");
          for (prop in TestCases[name]) {
            doc.write("<tr><th>" + prop + "</th><td>" + TestCases[name][prop] + "</td></tr>");
          }
          doc.write("</table>");
          doc.write("</body></html>");
          doc.close();
          win.focus();
        }
      
      </script>
</head>
<body>
<h1>Unit Test Results.</h1>
<table width="100%">
<tr>
<td align="left"></td><td align="right">Designed for use with <a href="http://www.junit.org/">JUnit</a> and <a href="http://ant.apache.org/">Ant</a>.</td>
</tr>
</table>
<hr size="1">
<h3>Class sanity_ff.PermsOnForward_DraftsPage</h3>
<table class="details" border="0" cellpadding="5" cellspacing="2" width="95%">
<tr valign="top">
<th width="80%">Name</th><th>Tests</th><th>Errors</th><th>Failures</th><th nowrap>Time(s)</th><th nowrap>Time Stamp</th><th>Host</th>
</tr>
<tr valign="top" class="Error">
<td><a title="Display all tests" href="1_PermsOnForward_DraftsPage.html">PermsOnForward_DraftsPage</a></td><td><a title="Display all tests" href="1_PermsOnForward_DraftsPage.html">6</a></td><td><a title="Display only errors" href="1_PermsOnForward_DraftsPage-errors.html">5</a></td><td>0</td><td>519.009</td><td>2011-12-20T17:29:52</td><td>Sneha-PC</td>
</tr>
</table>
<h2>Errors</h2>
<table class="details" border="0" cellpadding="5" cellspacing="2" width="95%">
<tr valign="top">
<th>Name</th><th>Status</th><th width="80%">Type</th><th nowrap>Time(s)</th>
</tr>
<tr valign="top" class="Error">
<td><a name="NonSecureNoattachs"></a>NonSecureNoattachs</td><td>Error</td><td>Unable to locate element: {"method":"id","selector":"forward"}; duration or timeout: 30.03 seconds
For documentation on this error, please visit: http://seleniumhq.org/exceptions/no_such_element.html
Build info: version: '2.14.0', revision: '14955', time: '2011-11-29 11:43:45'
System info: os.name: 'Windows 7', os.arch: 'amd64', os.version: '6.1', java.version: '1.7.0'
Driver info: driver.version: RemoteWebDriver<br>
<br>
<code>org.openqa.selenium.NoSuchElementException: Unable to locate element: {"method":"id","selector":"forward"}; duration or timeout: 30.03 seconds<br>For documentation on this error, please visit: http://seleniumhq.org/exceptions/no_such_element.html<br>Build info: version: '2.14.0', revision: '14955', time: '2011-11-29 11:43:45'<br>System info: os.name: 'Windows 7', os.arch: 'amd64', os.version: '6.1', java.version: '1.7.0'<br>Driver info: driver.version: RemoteWebDriver<br>	at java.lang.reflect.Constructor.newInstance(Constructor.java:525)<br>	at org.openqa.selenium.remote.ErrorHandler.createThrowable(ErrorHandler.java:147)<br>	at org.openqa.selenium.remote.ErrorHandler.throwIfResponseFailed(ErrorHandler.java:113)<br>	at org.openqa.selenium.remote.RemoteWebDriver.execute(RemoteWebDriver.java:400)<br>	at org.openqa.selenium.remote.RemoteWebDriver.findElement(RemoteWebDriver.java:202)<br>	at org.openqa.selenium.remote.RemoteWebDriver.findElementById(RemoteWebDriver.java:219)<br>	at org.openqa.selenium.By$ById.findElement(By.java:216)<br>	at org.openqa.selenium.remote.RemoteWebDriver.findElement(RemoteWebDriver.java:194)<br>	at sanity_ff.PermsOnForward_DraftsPage.NonSecureNoattachs(PermsOnForward_DraftsPage.java:82)<br>Caused by: org.openqa.selenium.remote.ErrorHandler$UnknownServerException: Unable to locate element: {"method":"id","selector":"forward"}<br>Build info: version: '2.14.0', revision: '14955', time: '2011-11-29 11:43:45'<br>System info: os.name: 'Windows 7', os.arch: 'amd64', os.version: '6.1', java.version: '1.7.0'<br>Driver info: driver.version: unknown<br>	at &lt;anonymous class&gt;.&lt;anonymous method&gt;(file:///C:/Users/Sneha/AppData/Local/Temp/anonymous3148548588678580068webdriver-profile/extensions/fxdriver@googlecode.com/components/driver-component.js -&gt; file:///C:/Users/Sneha/AppData/Local/Temp/anonymous3148548588678580068webdriver-profile/extensions/fxdriver@googlecode.com/components/firefoxDriver.js:389)<br>	at &lt;anonymous class&gt;.&lt;anonymous method&gt;(resource://fxdriver/modules/utils.js:9466)<br>
</code></td><td>63.977</td>
</tr>
<tr valign="top" class="Error">
<td><a name="NonSecureGreater25MB"></a>NonSecureGreater25MB</td><td>Error</td><td>Unable to locate element: {"method":"id","selector":"forward"}; duration or timeout: 30.05 seconds
For documentation on this error, please visit: http://seleniumhq.org/exceptions/no_such_element.html
Build info: version: '2.14.0', revision: '14955', time: '2011-11-29 11:43:45'
System info: os.name: 'Windows 7', os.arch: 'amd64', os.version: '6.1', java.version: '1.7.0'
Driver info: driver.version: RemoteWebDriver<br>
<br>
<code>org.openqa.selenium.NoSuchElementException: Unable to locate element: {"method":"id","selector":"forward"}; duration or timeout: 30.05 seconds<br>For documentation on this error, please visit: http://seleniumhq.org/exceptions/no_such_element.html<br>Build info: version: '2.14.0', revision: '14955', time: '2011-11-29 11:43:45'<br>System info: os.name: 'Windows 7', os.arch: 'amd64', os.version: '6.1', java.version: '1.7.0'<br>Driver info: driver.version: RemoteWebDriver<br>	at java.lang.reflect.Constructor.newInstance(Constructor.java:525)<br>	at org.openqa.selenium.remote.ErrorHandler.createThrowable(ErrorHandler.java:147)<br>	at org.openqa.selenium.remote.ErrorHandler.throwIfResponseFailed(ErrorHandler.java:113)<br>	at org.openqa.selenium.remote.RemoteWebDriver.execute(RemoteWebDriver.java:400)<br>	at org.openqa.selenium.remote.RemoteWebDriver.findElement(RemoteWebDriver.java:202)<br>	at org.openqa.selenium.remote.RemoteWebDriver.findElementById(RemoteWebDriver.java:219)<br>	at org.openqa.selenium.By$ById.findElement(By.java:216)<br>	at org.openqa.selenium.remote.RemoteWebDriver.findElement(RemoteWebDriver.java:194)<br>	at sanity_ff.PermsOnForward_DraftsPage.NonSecureGreater25MB(PermsOnForward_DraftsPage.java:654)<br>Caused by: org.openqa.selenium.remote.ErrorHandler$UnknownServerException: Unable to locate element: {"method":"id","selector":"forward"}<br>Build info: version: '2.14.0', revision: '14955', time: '2011-11-29 11:43:45'<br>System info: os.name: 'Windows 7', os.arch: 'amd64', os.version: '6.1', java.version: '1.7.0'<br>Driver info: driver.version: unknown<br>	at &lt;anonymous class&gt;.&lt;anonymous method&gt;(file:///C:/Users/Sneha/AppData/Local/Temp/anonymous1969971690150703719webdriver-profile/extensions/fxdriver@googlecode.com/components/driver-component.js -&gt; file:///C:/Users/Sneha/AppData/Local/Temp/anonymous1969971690150703719webdriver-profile/extensions/fxdriver@googlecode.com/components/firefoxDriver.js:389)<br>	at &lt;anonymous class&gt;.&lt;anonymous method&gt;(resource://fxdriver/modules/utils.js:9466)<br>
</code></td><td>71.840</td>
</tr>
<tr valign="top" class="Error">
<td><a name="SecureLesser25MB"></a>SecureLesser25MB</td><td>Error</td><td>Unable to locate element: {"method":"id","selector":"heading"}; duration or timeout: 30.55 seconds
For documentation on this error, please visit: http://seleniumhq.org/exceptions/no_such_element.html
Build info: version: '2.14.0', revision: '14955', time: '2011-11-29 11:43:45'
System info: os.name: 'Windows 7', os.arch: 'amd64', os.version: '6.1', java.version: '1.7.0'
Driver info: driver.version: RemoteWebDriver<br>
<br>
<code>org.openqa.selenium.NoSuchElementException: Unable to locate element: {"method":"id","selector":"heading"}; duration or timeout: 30.55 seconds<br>For documentation on this error, please visit: http://seleniumhq.org/exceptions/no_such_element.html<br>Build info: version: '2.14.0', revision: '14955', time: '2011-11-29 11:43:45'<br>System info: os.name: 'Windows 7', os.arch: 'amd64', os.version: '6.1', java.version: '1.7.0'<br>Driver info: driver.version: RemoteWebDriver<br>	at java.lang.reflect.Constructor.newInstance(Constructor.java:525)<br>	at org.openqa.selenium.remote.ErrorHandler.createThrowable(ErrorHandler.java:147)<br>	at org.openqa.selenium.remote.ErrorHandler.throwIfResponseFailed(ErrorHandler.java:113)<br>	at org.openqa.selenium.remote.RemoteWebDriver.execute(RemoteWebDriver.java:400)<br>	at org.openqa.selenium.remote.RemoteWebDriver.findElement(RemoteWebDriver.java:202)<br>	at org.openqa.selenium.remote.RemoteWebDriver.findElementById(RemoteWebDriver.java:219)<br>	at org.openqa.selenium.By$ById.findElement(By.java:216)<br>	at org.openqa.selenium.remote.RemoteWebDriver.findElement(RemoteWebDriver.java:194)<br>	at sanity_ff.PermsOnForward_DraftsPage.SecureLesser25MB(PermsOnForward_DraftsPage.java:902)<br>Caused by: org.openqa.selenium.remote.ErrorHandler$UnknownServerException: Unable to locate element: {"method":"id","selector":"heading"}<br>Build info: version: '2.14.0', revision: '14955', time: '2011-11-29 11:43:45'<br>System info: os.name: 'Windows 7', os.arch: 'amd64', os.version: '6.1', java.version: '1.7.0'<br>Driver info: driver.version: unknown<br>	at &lt;anonymous class&gt;.&lt;anonymous method&gt;(file:///C:/Users/Sneha/AppData/Local/Temp/anonymous2726405627719995995webdriver-profile/extensions/fxdriver@googlecode.com/components/driver-component.js -&gt; file:///C:/Users/Sneha/AppData/Local/Temp/anonymous2726405627719995995webdriver-profile/extensions/fxdriver@googlecode.com/components/firefoxDriver.js:389)<br>	at &lt;anonymous class&gt;.&lt;anonymous method&gt;(resource://fxdriver/modules/utils.js:9466)<br>
</code></td><td>63.182</td>
</tr>
<tr valign="top" class="Error">
<td><a name="NonSecureLesser25MB"></a>NonSecureLesser25MB</td><td>Error</td><td>Unable to locate element: {"method":"id","selector":"forward"}; duration or timeout: 30.03 seconds
For documentation on this error, please visit: http://seleniumhq.org/exceptions/no_such_element.html
Build info: version: '2.14.0', revision: '14955', time: '2011-11-29 11:43:45'
System info: os.name: 'Windows 7', os.arch: 'amd64', os.version: '6.1', java.version: '1.7.0'
Driver info: driver.version: RemoteWebDriver<br>
<br>
<code>org.openqa.selenium.NoSuchElementException: Unable to locate element: {"method":"id","selector":"forward"}; duration or timeout: 30.03 seconds<br>For documentation on this error, please visit: http://seleniumhq.org/exceptions/no_such_element.html<br>Build info: version: '2.14.0', revision: '14955', time: '2011-11-29 11:43:45'<br>System info: os.name: 'Windows 7', os.arch: 'amd64', os.version: '6.1', java.version: '1.7.0'<br>Driver info: driver.version: RemoteWebDriver<br>	at java.lang.reflect.Constructor.newInstance(Constructor.java:525)<br>	at org.openqa.selenium.remote.ErrorHandler.createThrowable(ErrorHandler.java:147)<br>	at org.openqa.selenium.remote.ErrorHandler.throwIfResponseFailed(ErrorHandler.java:113)<br>	at org.openqa.selenium.remote.RemoteWebDriver.execute(RemoteWebDriver.java:400)<br>	at org.openqa.selenium.remote.RemoteWebDriver.findElement(RemoteWebDriver.java:202)<br>	at org.openqa.selenium.remote.RemoteWebDriver.findElementById(RemoteWebDriver.java:219)<br>	at org.openqa.selenium.By$ById.findElement(By.java:216)<br>	at org.openqa.selenium.remote.RemoteWebDriver.findElement(RemoteWebDriver.java:194)<br>	at sanity_ff.PermsOnForward_DraftsPage.NonSecureLesser25MB(PermsOnForward_DraftsPage.java:1173)<br>Caused by: org.openqa.selenium.remote.ErrorHandler$UnknownServerException: Unable to locate element: {"method":"id","selector":"forward"}<br>Build info: version: '2.14.0', revision: '14955', time: '2011-11-29 11:43:45'<br>System info: os.name: 'Windows 7', os.arch: 'amd64', os.version: '6.1', java.version: '1.7.0'<br>Driver info: driver.version: unknown<br>	at &lt;anonymous class&gt;.&lt;anonymous method&gt;(file:///C:/Users/Sneha/AppData/Local/Temp/anonymous5496014246149658389webdriver-profile/extensions/fxdriver@googlecode.com/components/driver-component.js -&gt; file:///C:/Users/Sneha/AppData/Local/Temp/anonymous5496014246149658389webdriver-profile/extensions/fxdriver@googlecode.com/components/firefoxDriver.js:389)<br>	at &lt;anonymous class&gt;.&lt;anonymous method&gt;(resource://fxdriver/modules/utils.js:9466)<br>
</code></td><td>63.775</td>
</tr>
<tr valign="top" class="Error">
<td><a name="SecureGreater25MB"></a>SecureGreater25MB</td><td>Error</td><td>Unable to locate element: {"method":"id","selector":"heading"}; duration or timeout: 30.39 seconds
For documentation on this error, please visit: http://seleniumhq.org/exceptions/no_such_element.html
Build info: version: '2.14.0', revision: '14955', time: '2011-11-29 11:43:45'
System info: os.name: 'Windows 7', os.arch: 'amd64', os.version: '6.1', java.version: '1.7.0'
Driver info: driver.version: RemoteWebDriver<br>
<br>
<code>org.openqa.selenium.NoSuchElementException: Unable to locate element: {"method":"id","selector":"heading"}; duration or timeout: 30.39 seconds<br>For documentation on this error, please visit: http://seleniumhq.org/exceptions/no_such_element.html<br>Build info: version: '2.14.0', revision: '14955', time: '2011-11-29 11:43:45'<br>System info: os.name: 'Windows 7', os.arch: 'amd64', os.version: '6.1', java.version: '1.7.0'<br>Driver info: driver.version: RemoteWebDriver<br>	at java.lang.reflect.Constructor.newInstance(Constructor.java:525)<br>	at org.openqa.selenium.remote.ErrorHandler.createThrowable(ErrorHandler.java:147)<br>	at org.openqa.selenium.remote.ErrorHandler.throwIfResponseFailed(ErrorHandler.java:113)<br>	at org.openqa.selenium.remote.RemoteWebDriver.execute(RemoteWebDriver.java:400)<br>	at org.openqa.selenium.remote.RemoteWebDriver.findElement(RemoteWebDriver.java:202)<br>	at org.openqa.selenium.remote.RemoteWebDriver.findElementById(RemoteWebDriver.java:219)<br>	at org.openqa.selenium.By$ById.findElement(By.java:216)<br>	at org.openqa.selenium.remote.RemoteWebDriver.findElement(RemoteWebDriver.java:194)<br>	at sanity_ff.PermsOnForward_DraftsPage.SecureGreater25MB(PermsOnForward_DraftsPage.java:1424)<br>Caused by: org.openqa.selenium.remote.ErrorHandler$UnknownServerException: Unable to locate element: {"method":"id","selector":"heading"}<br>Build info: version: '2.14.0', revision: '14955', time: '2011-11-29 11:43:45'<br>System info: os.name: 'Windows 7', os.arch: 'amd64', os.version: '6.1', java.version: '1.7.0'<br>Driver info: driver.version: unknown<br>	at &lt;anonymous class&gt;.&lt;anonymous method&gt;(file:///C:/Users/Sneha/AppData/Local/Temp/anonymous7973636939151972800webdriver-profile/extensions/fxdriver@googlecode.com/components/driver-component.js -&gt; file:///C:/Users/Sneha/AppData/Local/Temp/anonymous7973636939151972800webdriver-profile/extensions/fxdriver@googlecode.com/components/firefoxDriver.js:389)<br>	at &lt;anonymous class&gt;.&lt;anonymous method&gt;(resource://fxdriver/modules/utils.js:9466)<br>
</code></td><td>72.464</td>
</tr>
</table>
<div class="Properties">
<a href="javascript:displayProperties('sanity_ff.PermsOnForward_DraftsPage');">
                    Properties &raquo;
                </a>
</div>
<div class="Properties">
<a href="./1_PermsOnForward_DraftsPage-out.html">
                        System.out &raquo;
                    </a>
</div>
</body>
</html>
